# Logfile created on 2015-05-28 13:26:44 -0300 by logger.rb/1.2.8
* Reloaded "pages", "snippets" at 2015-05-28 13:28:34 -0300
* Reloaded "pages", "snippets" at 2015-05-28 13:28:38 -0300
[0;31;49m[Important] YUICompressor requires java to be installed. The JAVA_HOME variable should also be set.
[0m
[0;97;49mStarted GET "/" at 2015-05-28 13:29:07 -0300[0m
Detecting locale EN
Found page "Home page" [index]
  Rendered liquid page template
[0;32;49mCompleted 200 OK in 1.5ms

[0m
[0;97;49mStarted GET "/sdasd" at 2015-05-28 13:29:12 -0300[0m
Detecting locale EN
[0;32;49mCompleted 404 Not Found in 3.2ms

[0m
[0;97;49mStarted GET "/sdasdasdsadasasdasdsaasdsaasdaasdaasdasdasdasdasdasdasd" at 2015-05-28 13:29:26 -0300[0m
Detecting locale EN
[0;32;49mCompleted 404 Not Found in 1.2ms

[0m
* Reloaded "pages", "snippets" at 2015-05-28 13:29:51 -0300
[0;97;49mStarted GET "/sdasdasdsadasasdasdsaasdsaasdaasdaasdasdasdasdasdasdasd" at 2015-05-28 13:29:57 -0300[0m
Detecting locale EN
[0;32;49mCompleted 404 Not Found in 4.2ms

[0m
* Reloaded "pages", "snippets" at 2015-05-28 13:30:25 -0300
* Reloaded "pages", "snippets" at 2015-05-28 13:30:42 -0300
* Reloaded "pages", "snippets" at 2015-05-28 13:30:46 -0300
* Reloaded "pages", "snippets" at 2015-05-28 13:30:47 -0300
* Reloaded "pages", "snippets" at 2015-05-28 13:30:47 -0300
* Reloaded "pages", "snippets" at 2015-05-28 13:30:47 -0300
* Reloaded "pages", "snippets" at 2015-05-28 13:30:48 -0300
* Reloaded "pages", "snippets" at 2015-05-28 13:30:48 -0300
[0;97;49mStarted GET "/main" at 2015-05-28 13:30:54 -0300[0m
Detecting locale EN
Found page "Main" [main]
  Rendered liquid page template
[0;32;49mCompleted 200 OK in 2.8ms

[0m
* Reloaded "pages", "snippets" at 2015-05-28 14:02:05 -0300
* Reloaded "pages", "snippets" at 2015-05-28 14:02:49 -0300
* Reloaded "pages", "snippets" at 2015-05-28 14:02:50 -0300
[0;97;49mStarted GET "/" at 2015-05-28 14:02:59 -0300[0m
Detecting locale EN
Found page "Home page" [index]
  Rendered liquid page template
[0;32;49mCompleted 200 OK in 1.6ms

[0m
[0;97;49mStarted GET "/main" at 2015-05-28 14:03:04 -0300[0m
Detecting locale EN
Found page "Main" [main]
  Rendered liquid page template
[0;32;49mCompleted 200 OK in 2.1ms

[0m
[0;97;49mStarted GET "/css/bootstrap.min.css" at 2015-05-28 14:03:04 -0300[0m
Detecting locale EN
[0;32;49mCompleted 404 Not Found in 1.9ms

[0m
[0;97;49mStarted GET "/css/stylish-portfolio.css" at 2015-05-28 14:03:04 -0300[0m
[0;97;49mStarted GET "/font-awesome/css/font-awesome.min.css" at 2015-05-28 14:03:04 -0300[0m
Detecting locale EN
Detecting locale EN
[0;97;49mStarted GET "/img/portfolio-1.jpg" at 2015-05-28 14:03:04 -0300[0m
[0;97;49mStarted GET "/js/jquery.js" at 2015-05-28 14:03:04 -0300[0m
[0;97;49mStarted GET "/js/bootstrap.min.js" at 2015-05-28 14:03:04 -0300[0m
[0;32;49mCompleted 404 Not Found in 4.2ms

[0m
[0;32;49mCompleted 404 Not Found in 4.6ms

[0m
Detecting locale EN
Detecting locale EN
Detecting locale EN
[0;32;49mCompleted 404 Not Found in 7.7ms

[0m
[0;32;49mCompleted 404 Not Found in 6.8ms

[0m
[0;32;49mCompleted 404 Not Found in 6.0ms

[0m
[0;97;49mStarted GET "/img/portfolio-2.jpg" at 2015-05-28 14:03:04 -0300[0m
[0;97;49mStarted GET "/img/portfolio-3.jpg" at 2015-05-28 14:03:04 -0300[0m
[0;97;49mStarted GET "/img/portfolio-4.jpg" at 2015-05-28 14:03:04 -0300[0m
Detecting locale EN
Detecting locale EN
Detecting locale EN
[0;32;49mCompleted 404 Not Found in 4.7ms

[0m
[0;32;49mCompleted 404 Not Found in 5.3ms

[0m
[0;32;49mCompleted 404 Not Found in 5.0ms

[0m
[0;97;49mStarted GET "/main" at 2015-05-28 14:12:55 -0300[0m
Detecting locale EN
Found page "Main" [main]
  Rendered liquid page template
[0;32;49mCompleted 200 OK in 0.6ms

[0m
[0;97;49mStarted GET "/css/bootstrap.min.css" at 2015-05-28 14:12:55 -0300[0m
[0;97;49mStarted GET "/css/stylish-portfolio.css" at 2015-05-28 14:12:55 -0300[0m
[0;97;49mStarted GET "/font-awesome/css/font-awesome.min.css" at 2015-05-28 14:12:55 -0300[0m
[0;97;49mStarted GET "/img/portfolio-1.jpg" at 2015-05-28 14:12:55 -0300[0m
Detecting locale EN
[0;97;49mStarted GET "/js/jquery.js" at 2015-05-28 14:12:55 -0300[0m
Detecting locale EN
[0;97;49mStarted GET "/js/bootstrap.min.js" at 2015-05-28 14:12:55 -0300[0m
Detecting locale EN
Detecting locale EN
[0;32;49mCompleted 404 Not Found in 3.4ms

[0m
Detecting locale EN
[0;32;49mCompleted 404 Not Found in 4.0ms

[0m
Detecting locale EN
[0;32;49mCompleted 404 Not Found in 4.5ms

[0m
[0;32;49mCompleted 404 Not Found in 5.0ms

[0m
[0;32;49mCompleted 404 Not Found in 6.5ms

[0m
[0;32;49mCompleted 404 Not Found in 8.0ms

[0m
[0;97;49mStarted GET "/img/portfolio-2.jpg" at 2015-05-28 14:12:55 -0300[0m
Detecting locale EN
[0;32;49mCompleted 404 Not Found in 1.4ms

[0m
[0;97;49mStarted GET "/img/portfolio-3.jpg" at 2015-05-28 14:12:55 -0300[0m
[0;97;49mStarted GET "/img/portfolio-4.jpg" at 2015-05-28 14:12:55 -0300[0m
Detecting locale EN
Detecting locale EN
[0;32;49mCompleted 404 Not Found in 2.5ms

[0m
[0;32;49mCompleted 404 Not Found in 3.1ms

[0m
[0;97;49mStarted GET "/main" at 2015-05-28 14:16:10 -0300[0m
Detecting locale EN
Found page "Main" [main]
  Rendered liquid page template
[0;32;49mCompleted 200 OK in 0.7ms

[0m
[0;97;49mStarted GET "/css/bootstrap.min.css" at 2015-05-28 14:16:10 -0300[0m
Detecting locale EN
[0;32;49mCompleted 404 Not Found in 1.1ms

[0m
[0;97;49mStarted GET "/css/stylish-portfolio.css" at 2015-05-28 14:16:10 -0300[0m
[0;97;49mStarted GET "/font-awesome/css/font-awesome.min.css" at 2015-05-28 14:16:10 -0300[0m
Detecting locale EN
[0;32;49mCompleted 404 Not Found in 1.2ms

[0m
Detecting locale EN
[0;32;49mCompleted 404 Not Found in 3.8ms

[0m
[0;97;49mStarted GET "/img/portfolio-1.jpg" at 2015-05-28 14:16:10 -0300[0m
Detecting locale EN
[0;97;49mStarted GET "/js/jquery.js" at 2015-05-28 14:16:10 -0300[0m
[0;32;49mCompleted 404 Not Found in 1.9ms

[0m
Detecting locale EN
[0;97;49mStarted GET "/img/portfolio-2.jpg" at 2015-05-28 14:16:10 -0300[0m
[0;97;49mStarted GET "/img/portfolio-3.jpg" at 2015-05-28 14:16:10 -0300[0m
[0;97;49mStarted GET "/js/bootstrap.min.js" at 2015-05-28 14:16:10 -0300[0m
[0;97;49mStarted GET "/img/portfolio-4.jpg" at 2015-05-28 14:16:10 -0300[0m
[0;32;49mCompleted 404 Not Found in 4.8ms

[0m
Detecting locale EN
Detecting locale EN
Detecting locale EN
Detecting locale EN
[0;32;49mCompleted 404 Not Found in 5.5ms

[0m
[0;32;49mCompleted 404 Not Found in 6.1ms

[0m
[0;32;49mCompleted 404 Not Found in 6.6ms

[0m
[0;32;49mCompleted 404 Not Found in 7.2ms

[0m
[0;97;49mStarted GET "/" at 2015-05-28 14:16:22 -0300[0m
Detecting locale EN
Found page "Home page" [index]
  Rendered liquid page template
[0;32;49mCompleted 200 OK in 1.2ms

[0m
[0;97;49mStarted GET "/" at 2015-05-28 14:16:26 -0300[0m
Detecting locale EN
Found page "Home page" [index]
  Rendered liquid page template
[0;32;49mCompleted 200 OK in 1.3ms

[0m
* Reloaded "pages", "snippets" at 2015-05-28 14:19:53 -0300
[0;97;49mStarted GET "/main" at 2015-05-28 14:20:02 -0300[0m
Detecting locale EN
Found page "Main" [main]
  Rendered liquid page template
[0;32;49mCompleted 200 OK in 0.6ms

[0m
[0;97;49mStarted GET "/img/portfolio-1.jpg" at 2015-05-28 14:20:02 -0300[0m
[0;97;49mStarted GET "/js/jquery.js" at 2015-05-28 14:20:02 -0300[0m
Detecting locale EN
[0;97;49mStarted GET "/js/bootstrap.min.js" at 2015-05-28 14:20:02 -0300[0m
Detecting locale EN
[0;32;49mCompleted 404 Not Found in 3.5ms

[0m
Detecting locale EN
[0;32;49mCompleted 404 Not Found in 4.4ms

[0m
[0;32;49mCompleted 404 Not Found in 7.6ms

[0m
[0;97;49mStarted GET "/img/portfolio-3.jpg" at 2015-05-28 14:20:02 -0300[0m
[0;97;49mStarted GET "/img/portfolio-2.jpg" at 2015-05-28 14:20:02 -0300[0m
[0;97;49mStarted GET "/img/portfolio-4.jpg" at 2015-05-28 14:20:02 -0300[0m
Detecting locale EN
Detecting locale EN
Detecting locale EN
[0;32;49mCompleted 404 Not Found in 2.8ms

[0m
[0;32;49mCompleted 404 Not Found in 3.8ms

[0m
[0;32;49mCompleted 404 Not Found in 4.5ms

[0m
[0;97;49mStarted GET "/img/bg.jpg" at 2015-05-28 14:20:02 -0300[0m
Detecting locale EN
[0;32;49mCompleted 404 Not Found in 1.5ms

[0m
[0;97;49mStarted GET "/img/callout.jpg" at 2015-05-28 14:20:02 -0300[0m
Detecting locale EN
[0;32;49mCompleted 404 Not Found in 1.6ms

[0m
[0;97;49mStarted GET "/main" at 2015-05-28 14:21:13 -0300[0m
Detecting locale EN
Found page "Main" [main]
  Rendered liquid page template
[0;32;49mCompleted 200 OK in 0.9ms

[0m
[0;97;49mStarted GET "/img/portfolio-1.jpg" at 2015-05-28 14:21:14 -0300[0m
[0;97;49mStarted GET "/js/jquery.js" at 2015-05-28 14:21:14 -0300[0m
Detecting locale EN
[0;97;49mStarted GET "/js/bootstrap.min.js" at 2015-05-28 14:21:14 -0300[0m
Detecting locale EN
[0;32;49mCompleted 404 Not Found in 2.6ms

[0m
Detecting locale EN
[0;32;49mCompleted 404 Not Found in 3.3ms

[0m
[0;32;49mCompleted 404 Not Found in 4.4ms

[0m
[0;97;49mStarted GET "/img/portfolio-2.jpg" at 2015-05-28 14:21:14 -0300[0m
Detecting locale EN
[0;32;49mCompleted 404 Not Found in 1.6ms

[0m
[0;97;49mStarted GET "/img/portfolio-3.jpg" at 2015-05-28 14:21:14 -0300[0m
Detecting locale EN
[0;32;49mCompleted 404 Not Found in 1.1ms

[0m
[0;97;49mStarted GET "/img/portfolio-4.jpg" at 2015-05-28 14:21:14 -0300[0m
Detecting locale EN
[0;32;49mCompleted 404 Not Found in 1.0ms

[0m
[0;97;49mStarted GET "/img/bg.jpg" at 2015-05-28 14:21:14 -0300[0m
Detecting locale EN
[0;32;49mCompleted 404 Not Found in 1.6ms

[0m
[0;97;49mStarted GET "/img/callout.jpg" at 2015-05-28 14:21:14 -0300[0m
Detecting locale EN
[0;32;49mCompleted 404 Not Found in 1.2ms

[0m
* Reloaded "pages", "snippets" at 2015-05-28 14:22:37 -0300
[0;97;49mStarted GET "/main" at 2015-05-28 14:22:41 -0300[0m
Detecting locale EN
Found page "Main" [main]
  Rendered liquid page template
[0;32;49mCompleted 200 OK in 2.5ms

[0m
[0;97;49mStarted GET "/js/jquery.js" at 2015-05-28 14:22:41 -0300[0m
Detecting locale EN
[0;97;49mStarted GET "/js/bootstrap.min.js" at 2015-05-28 14:22:41 -0300[0m
[0;32;49mCompleted 404 Not Found in 3.2ms

[0m
Detecting locale EN
[0;32;49mCompleted 404 Not Found in 3.9ms

[0m
[0;97;49mStarted GET "/img/portfolio-3.jpg" at 2015-05-28 14:22:41 -0300[0m
Detecting locale EN
[0;32;49mCompleted 404 Not Found in 1.1ms

[0m
[0;97;49mStarted GET "/img/portfolio-4.jpg" at 2015-05-28 14:22:41 -0300[0m
Detecting locale EN
[0;32;49mCompleted 404 Not Found in 1.1ms

[0m
[0;97;49mStarted GET "/img/bg.jpg" at 2015-05-28 14:22:41 -0300[0m
Detecting locale EN
[0;32;49mCompleted 404 Not Found in 0.9ms

[0m
[0;97;49mStarted GET "/img/callout.jpg" at 2015-05-28 14:22:41 -0300[0m
Detecting locale EN
[0;32;49mCompleted 404 Not Found in 1.6ms

[0m
* Reloaded "pages", "snippets" at 2015-05-28 14:22:52 -0300
[0;97;49mStarted GET "/main" at 2015-05-28 14:22:54 -0300[0m
Detecting locale EN
Found page "Main" [main]
  Rendered liquid page template
[0;32;49mCompleted 200 OK in 0.8ms

[0m
[0;97;49mStarted GET "/js/jquery.js" at 2015-05-28 14:22:54 -0300[0m
Detecting locale EN
[0;32;49mCompleted 404 Not Found in 1.6ms

[0m
[0;97;49mStarted GET "/js/bootstrap.min.js" at 2015-05-28 14:22:54 -0300[0m
Detecting locale EN
[0;32;49mCompleted 404 Not Found in 2.8ms

[0m
[0;97;49mStarted GET "/img/portfolio-4.jpg" at 2015-05-28 14:22:54 -0300[0m
Detecting locale EN
[0;32;49mCompleted 404 Not Found in 1.0ms

[0m
[0;97;49mStarted GET "/img/bg.jpg" at 2015-05-28 14:22:54 -0300[0m
Detecting locale EN
[0;32;49mCompleted 404 Not Found in 1.5ms

[0m
[0;97;49mStarted GET "/img/callout.jpg" at 2015-05-28 14:22:54 -0300[0m
Detecting locale EN
[0;32;49mCompleted 404 Not Found in 2.3ms

[0m
* Reloaded "pages", "snippets" at 2015-05-28 14:23:05 -0300
* Reloaded "pages", "snippets" at 2015-05-28 14:23:07 -0300
[0;97;49mStarted GET "/main" at 2015-05-28 14:23:08 -0300[0m
Detecting locale EN
Found page "Main" [main]
  Rendered liquid page template
[0;32;49mCompleted 200 OK in 0.7ms

[0m
[0;97;49mStarted GET "/js/jquery.js" at 2015-05-28 14:23:09 -0300[0m
[0;97;49mStarted GET "/js/bootstrap.min.js" at 2015-05-28 14:23:09 -0300[0m
Detecting locale EN
Detecting locale EN
[0;32;49mCompleted 404 Not Found in 2.7ms

[0m
[0;32;49mCompleted 404 Not Found in 3.3ms

[0m
[0;97;49mStarted GET "/img/bg.jpg" at 2015-05-28 14:23:09 -0300[0m
Detecting locale EN
[0;32;49mCompleted 404 Not Found in 1.4ms

[0m
[0;97;49mStarted GET "/img/callout.jpg" at 2015-05-28 14:23:09 -0300[0m
Detecting locale EN
[0;32;49mCompleted 404 Not Found in 1.2ms

[0m
[0;97;49mStarted GET "/main" at 2015-05-28 14:23:36 -0300[0m
Detecting locale EN
Found page "Main" [main]
  Rendered liquid page template
[0;32;49mCompleted 200 OK in 0.9ms

[0m
[0;97;49mStarted GET "/js/jquery.js" at 2015-05-28 14:23:36 -0300[0m
Detecting locale EN
[0;32;49mCompleted 404 Not Found in 1.5ms

[0m
[0;97;49mStarted GET "/js/bootstrap.min.js" at 2015-05-28 14:23:36 -0300[0m
Detecting locale EN
[0;32;49mCompleted 404 Not Found in 1.5ms

[0m
[0;97;49mStarted GET "/img/bg.jpg" at 2015-05-28 14:23:36 -0300[0m
Detecting locale EN
[0;97;49mStarted GET "/img/callout.jpg" at 2015-05-28 14:23:36 -0300[0m
[0;32;49mCompleted 404 Not Found in 2.2ms

[0m
Detecting locale EN
[0;32;49mCompleted 404 Not Found in 3.7ms

[0m
[0;97;49mStarted GET "/main" at 2015-05-28 14:29:55 -0300[0m
Detecting locale EN
Found page "Main" [main]
  Rendered liquid page template
[0;32;49mCompleted 200 OK in 1.0ms

[0m
[0;97;49mStarted GET "/js/jquery.js" at 2015-05-28 14:29:55 -0300[0m
[0;97;49mStarted GET "/js/bootstrap.min.js" at 2015-05-28 14:29:55 -0300[0m
Detecting locale EN
Detecting locale EN
[0;32;49mCompleted 404 Not Found in 5.4ms

[0m
[0;32;49mCompleted 404 Not Found in 5.7ms

[0m
[0;97;49mStarted GET "/img/bg.jpg" at 2015-05-28 14:29:56 -0300[0m
Detecting locale EN
[0;32;49mCompleted 404 Not Found in 1.3ms

[0m
[0;97;49mStarted GET "/img/callout.jpg" at 2015-05-28 14:29:56 -0300[0m
Detecting locale EN
[0;32;49mCompleted 404 Not Found in 1.6ms

[0m
[0;97;49mStarted GET "/main" at 2015-05-28 14:31:54 -0300[0m
Detecting locale EN
Found page "Main" [main]
  Rendered liquid page template
[0;32;49mCompleted 200 OK in 1.4ms

[0m
[0;97;49mStarted GET "/js/jquery.js" at 2015-05-28 14:31:54 -0300[0m
Detecting locale EN
[0;32;49mCompleted 404 Not Found in 1.8ms

[0m
[0;97;49mStarted GET "/js/bootstrap.min.js" at 2015-05-28 14:31:54 -0300[0m
Detecting locale EN
[0;32;49mCompleted 404 Not Found in 2.5ms

[0m
[0;97;49mStarted GET "/img/bg.jpg" at 2015-05-28 14:31:54 -0300[0m
Detecting locale EN
[0;32;49mCompleted 404 Not Found in 1.8ms

[0m
[0;97;49mStarted GET "/img/callout.jpg" at 2015-05-28 14:31:54 -0300[0m
Detecting locale EN
[0;32;49mCompleted 404 Not Found in 4.4ms

[0m
[0;97;49mStarted GET "/main" at 2015-05-28 14:31:56 -0300[0m
Detecting locale EN
Found page "Main" [main]
  Rendered liquid page template
[0;32;49mCompleted 200 OK in 2.1ms

[0m
[0;97;49mStarted GET "/js/jquery.js" at 2015-05-28 14:31:56 -0300[0m
Detecting locale EN
[0;97;49mStarted GET "/js/bootstrap.min.js" at 2015-05-28 14:31:56 -0300[0m
Detecting locale EN
[0;32;49mCompleted 404 Not Found in 2.5ms

[0m
[0;32;49mCompleted 404 Not Found in 2.9ms

[0m
[0;97;49mStarted GET "/img/bg.jpg" at 2015-05-28 14:31:56 -0300[0m
Detecting locale EN
[0;32;49mCompleted 404 Not Found in 1.6ms

[0m
[0;97;49mStarted GET "/img/callout.jpg" at 2015-05-28 14:31:56 -0300[0m
Detecting locale EN
[0;32;49mCompleted 404 Not Found in 2.0ms

[0m
[0;97;49mStarted GET "/main" at 2015-05-28 14:32:27 -0300[0m
Detecting locale EN
Found page "Main" [main]
  Rendered liquid page template
[0;32;49mCompleted 200 OK in 0.9ms

[0m
[0;97;49mStarted GET "/js/jquery.js" at 2015-05-28 14:32:27 -0300[0m
Detecting locale EN
[0;32;49mCompleted 404 Not Found in 3.2ms

[0m
[0;97;49mStarted GET "/js/bootstrap.min.js" at 2015-05-28 14:32:27 -0300[0m
Detecting locale EN
[0;32;49mCompleted 404 Not Found in 2.6ms

[0m
[0;97;49mStarted GET "/img/bg.jpg" at 2015-05-28 14:32:27 -0300[0m
Detecting locale EN
[0;32;49mCompleted 404 Not Found in 1.7ms

[0m
[0;97;49mStarted GET "/img/callout.jpg" at 2015-05-28 14:32:27 -0300[0m
Detecting locale EN
[0;32;49mCompleted 404 Not Found in 1.4ms

[0m
[0;97;49mStarted GET "/main" at 2015-05-28 14:32:29 -0300[0m
Detecting locale EN
Found page "Main" [main]
  Rendered liquid page template
[0;32;49mCompleted 200 OK in 0.8ms

[0m
[0;97;49mStarted GET "/js/jquery.js" at 2015-05-28 14:32:29 -0300[0m
Detecting locale EN
[0;97;49mStarted GET "/js/bootstrap.min.js" at 2015-05-28 14:32:29 -0300[0m
[0;32;49mCompleted 404 Not Found in 4.7ms

[0m
Detecting locale EN
[0;32;49mCompleted 404 Not Found in 4.7ms

[0m
[0;97;49mStarted GET "/img/bg.jpg" at 2015-05-28 14:32:29 -0300[0m
Detecting locale EN
[0;32;49mCompleted 404 Not Found in 1.2ms

[0m
[0;97;49mStarted GET "/img/callout.jpg" at 2015-05-28 14:32:29 -0300[0m
Detecting locale EN
[0;32;49mCompleted 404 Not Found in 2.3ms

[0m
[0;97;49mStarted GET "/main" at 2015-05-28 14:34:56 -0300[0m
Detecting locale EN
Found page "Main" [main]
  Rendered liquid page template
[0;32;49mCompleted 200 OK in 1.3ms

[0m
[0;97;49mStarted GET "/js/jquery.js" at 2015-05-28 14:34:56 -0300[0m
Detecting locale EN
[0;32;49mCompleted 404 Not Found in 1.3ms

[0m
[0;97;49mStarted GET "/js/bootstrap.min.js" at 2015-05-28 14:34:56 -0300[0m
Detecting locale EN
[0;97;49mStarted GET "/img/bg.jpg" at 2015-05-28 14:34:56 -0300[0m
[0;97;49mStarted GET "/img/callout.jpg" at 2015-05-28 14:34:56 -0300[0m
[0;32;49mCompleted 404 Not Found in 2.2ms

[0m
Detecting locale EN
Detecting locale EN
[0;32;49mCompleted 404 Not Found in 3.8ms

[0m
[0;32;49mCompleted 404 Not Found in 4.9ms

[0m
* Reloaded "pages", "snippets" at 2015-05-28 14:39:13 -0300
[0;97;49mStarted GET "/main" at 2015-05-28 14:39:16 -0300[0m
Detecting locale EN
Found page "Main" [main]
  Rendered liquid page template
[0;32;49mCompleted 200 OK in 0.7ms

[0m
[0;97;49mStarted GET "/font-awesome/css/font-awesome.min.css" at 2015-05-28 14:39:16 -0300[0m
Detecting locale EN
[0;32;49mCompleted 404 Not Found in 2.8ms

[0m
[0;97;49mStarted GET "/js/bootstrap.min.js" at 2015-05-28 14:39:16 -0300[0m
[0;97;49mStarted GET "/js/jquery.js" at 2015-05-28 14:39:16 -0300[0m
Detecting locale EN
[0;32;49mCompleted 404 Not Found in 2.6ms

[0m
Detecting locale EN
[0;32;49mCompleted 404 Not Found in 4.7ms

[0m
[0;97;49mStarted GET "/img/bg.jpg" at 2015-05-28 14:39:17 -0300[0m
Detecting locale EN
[0;32;49mCompleted 404 Not Found in 2.3ms

[0m
[0;97;49mStarted GET "/img/callout.jpg" at 2015-05-28 14:39:17 -0300[0m
Detecting locale EN
[0;32;49mCompleted 404 Not Found in 1.5ms

[0m
[0;97;49mStarted GET "/main" at 2015-05-28 14:40:18 -0300[0m
Detecting locale EN
Found page "Main" [main]
  Rendered liquid page template
[0;32;49mCompleted 200 OK in 0.8ms

[0m
[0;97;49mStarted GET "/font-awesome/css/font-awesome.min.css" at 2015-05-28 14:40:18 -0300[0m
[0;97;49mStarted GET "/js/jquery.js" at 2015-05-28 14:40:18 -0300[0m
Detecting locale EN
[0;32;49mCompleted 404 Not Found in 3.1ms

[0m
Detecting locale EN
[0;97;49mStarted GET "/js/bootstrap.min.js" at 2015-05-28 14:40:18 -0300[0m
[0;32;49mCompleted 404 Not Found in 5.3ms

[0m
Detecting locale EN
[0;32;49mCompleted 404 Not Found in 7.0ms

[0m
[0;97;49mStarted GET "/img/bg.jpg" at 2015-05-28 14:40:18 -0300[0m
[0;97;49mStarted GET "/img/callout.jpg" at 2015-05-28 14:40:18 -0300[0m
Detecting locale EN
Detecting locale EN
[0;32;49mCompleted 404 Not Found in 2.3ms

[0m
[0;32;49mCompleted 404 Not Found in 3.2ms

[0m
[0;97;49mStarted GET "/main" at 2015-05-28 14:40:19 -0300[0m
Detecting locale EN
Found page "Main" [main]
  Rendered liquid page template
[0;32;49mCompleted 200 OK in 1.8ms

[0m
[0;97;49mStarted GET "/font-awesome/css/font-awesome.min.css" at 2015-05-28 14:40:19 -0300[0m
Detecting locale EN
[0;97;49mStarted GET "/js/jquery.js" at 2015-05-28 14:40:19 -0300[0m
[0;97;49mStarted GET "/js/bootstrap.min.js" at 2015-05-28 14:40:19 -0300[0m
[0;32;49mCompleted 404 Not Found in 2.6ms

[0m
Detecting locale EN
Detecting locale EN
[0;32;49mCompleted 404 Not Found in 4.5ms

[0m
[0;32;49mCompleted 404 Not Found in 5.3ms

[0m
[0;97;49mStarted GET "/img/bg.jpg" at 2015-05-28 14:40:19 -0300[0m
Detecting locale EN
[0;32;49mCompleted 404 Not Found in 1.3ms

[0m
[0;97;49mStarted GET "/img/callout.jpg" at 2015-05-28 14:40:19 -0300[0m
Detecting locale EN
[0;32;49mCompleted 404 Not Found in 1.7ms

[0m
* Reloaded "pages", "snippets" at 2015-05-28 14:40:24 -0300
[0;97;49mStarted GET "/main" at 2015-05-28 14:40:25 -0300[0m
Detecting locale EN
Found page "Main" [main]
  Rendered liquid page template
[0;32;49mCompleted 200 OK in 1.2ms

[0m
[0;97;49mStarted GET "/font-aawesome/css/font-awesome.min.css" at 2015-05-28 14:40:25 -0300[0m
Detecting locale EN
[0;32;49mCompleted 404 Not Found in 1.4ms

[0m
[0;97;49mStarted GET "/js/jquery.js" at 2015-05-28 14:40:25 -0300[0m
Detecting locale EN
[0;32;49mCompleted 404 Not Found in 1.6ms

[0m
[0;97;49mStarted GET "/js/bootstrap.min.js" at 2015-05-28 14:40:25 -0300[0m
Detecting locale EN
[0;32;49mCompleted 404 Not Found in 1.6ms

[0m
[0;97;49mStarted GET "/img/bg.jpg" at 2015-05-28 14:40:26 -0300[0m
Detecting locale EN
[0;32;49mCompleted 404 Not Found in 2.9ms

[0m
[0;97;49mStarted GET "/img/callout.jpg" at 2015-05-28 14:40:26 -0300[0m
Detecting locale EN
[0;32;49mCompleted 404 Not Found in 1.5ms

[0m
[0;97;49mStarted GET "/main" at 2015-05-28 14:40:34 -0300[0m
Detecting locale EN
Found page "Main" [main]
  Rendered liquid page template
[0;32;49mCompleted 200 OK in 1.5ms

[0m
[0;97;49mStarted GET "/js/jquery.js" at 2015-05-28 14:40:34 -0300[0m
[0;97;49mStarted GET "/font-aawesome/css/font-awesome.min.css" at 2015-05-28 14:40:34 -0300[0m
Detecting locale EN
[0;97;49mStarted GET "/js/bootstrap.min.js" at 2015-05-28 14:40:34 -0300[0m
Detecting locale EN
[0;32;49mCompleted 404 Not Found in 2.6ms

[0m
Detecting locale EN
[0;32;49mCompleted 404 Not Found in 3.3ms

[0m
[0;32;49mCompleted 404 Not Found in 5.0ms

[0m
[0;97;49mStarted GET "/img/bg.jpg" at 2015-05-28 14:40:34 -0300[0m
Detecting locale EN
[0;32;49mCompleted 404 Not Found in 2.2ms

[0m
[0;97;49mStarted GET "/img/callout.jpg" at 2015-05-28 14:40:34 -0300[0m
Detecting locale EN
[0;32;49mCompleted 404 Not Found in 1.7ms

[0m
[0;97;49mStarted GET "/main" at 2015-05-28 14:40:38 -0300[0m
Detecting locale EN
Found page "Main" [main]
  Rendered liquid page template
[0;32;49mCompleted 200 OK in 1.8ms

[0m
[0;97;49mStarted GET "/font-aawesome/css/font-awesome.min.css" at 2015-05-28 14:40:38 -0300[0m
Detecting locale EN
[0;32;49mCompleted 404 Not Found in 2.0ms

[0m
[0;97;49mStarted GET "/js/jquery.js" at 2015-05-28 14:40:38 -0300[0m
Detecting locale EN
[0;32;49mCompleted 404 Not Found in 1.9ms

[0m
[0;97;49mStarted GET "/js/bootstrap.min.js" at 2015-05-28 14:40:38 -0300[0m
Detecting locale EN
[0;32;49mCompleted 404 Not Found in 3.1ms

[0m
[0;97;49mStarted GET "/img/bg.jpg" at 2015-05-28 14:40:38 -0300[0m
Detecting locale EN
[0;32;49mCompleted 404 Not Found in 1.6ms

[0m
[0;97;49mStarted GET "/img/callout.jpg" at 2015-05-28 14:40:38 -0300[0m
Detecting locale EN
[0;32;49mCompleted 404 Not Found in 2.8ms

[0m
* Reloaded "pages", "snippets" at 2015-05-28 14:40:45 -0300
* Reloaded "pages", "snippets" at 2015-05-28 14:42:22 -0300
[0;97;49mStarted GET "/main" at 2015-05-28 14:42:23 -0300[0m
Detecting locale EN
Found page "Main" [main]
  Rendered liquid page template
[0;32;49mCompleted 200 OK in 0.9ms

[0m
[0;97;49mStarted GET "/font-awesome/css/font-awesome.min.css" at 2015-05-28 14:42:23 -0300[0m
[0;97;49mStarted GET "/js/jquery.js" at 2015-05-28 14:42:23 -0300[0m
Detecting locale EN
[0;97;49mStarted GET "/js/bootstrap.min.js" at 2015-05-28 14:42:23 -0300[0m
Detecting locale EN
[0;32;49mCompleted 404 Not Found in 3.3ms

[0m
Detecting locale EN
[0;32;49mCompleted 404 Not Found in 3.0ms

[0m
[0;32;49mCompleted 404 Not Found in 6.9ms

[0m
[0;97;49mStarted GET "/img/bg.jpg" at 2015-05-28 14:42:23 -0300[0m
Detecting locale EN
[0;32;49mCompleted 404 Not Found in 1.1ms

[0m
[0;97;49mStarted GET "/img/callout.jpg" at 2015-05-28 14:42:23 -0300[0m
Detecting locale EN
[0;32;49mCompleted 404 Not Found in 1.4ms

[0m
[0;97;49mStarted GET "/main" at 2015-05-28 14:42:28 -0300[0m
Detecting locale EN
Found page "Main" [main]
  Rendered liquid page template
[0;32;49mCompleted 200 OK in 0.7ms

[0m
[0;97;49mStarted GET "/font-awesome/css/font-awesome.min.css" at 2015-05-28 14:42:28 -0300[0m
Detecting locale EN
[0;32;49mCompleted 404 Not Found in 1.4ms

[0m
[0;97;49mStarted GET "/js/bootstrap.min.js" at 2015-05-28 14:42:28 -0300[0m
Detecting locale EN
[0;32;49mCompleted 404 Not Found in 2.0ms

[0m
[0;97;49mStarted GET "/js/jquery.js" at 2015-05-28 14:42:28 -0300[0m
Detecting locale EN
[0;32;49mCompleted 404 Not Found in 3.1ms

[0m
[0;97;49mStarted GET "/img/callout.jpg" at 2015-05-28 14:42:28 -0300[0m
[0;97;49mStarted GET "/img/bg.jpg" at 2015-05-28 14:42:28 -0300[0m
Detecting locale EN
Detecting locale EN
[0;32;49mCompleted 404 Not Found in 3.7ms

[0m
[0;32;49mCompleted 404 Not Found in 2.4ms

[0m
* Reloaded "pages", "snippets" at 2015-05-28 14:42:54 -0300
[0;97;49mStarted GET "/main" at 2015-05-28 14:42:55 -0300[0m
Detecting locale EN
Found page "Main" [main]
  Rendered liquid page template
[0;32;49mCompleted 200 OK in 0.8ms

[0m
[0;97;49mStarted GET "/font-awesome/css/font-awesome.min.css" at 2015-05-28 14:42:55 -0300[0m
Detecting locale EN
[0;32;49mCompleted 404 Not Found in 2.5ms

[0m
[0;97;49mStarted GET "/img/bg.jpg" at 2015-05-28 14:42:56 -0300[0m
[0;97;49mStarted GET "/img/callout.jpg" at 2015-05-28 14:42:56 -0300[0m
Detecting locale EN
Detecting locale EN
[0;32;49mCompleted 404 Not Found in 2.1ms

[0m
[0;32;49mCompleted 404 Not Found in 2.6ms

[0m
[0;97;49mStarted GET "/main" at 2015-05-28 14:45:34 -0300[0m
Detecting locale EN
Found page "Main" [main]
  Rendered liquid page template
[0;32;49mCompleted 200 OK in 0.7ms

[0m
[0;97;49mStarted GET "/font-awesome/css/font-awesome.min.css" at 2015-05-28 14:45:35 -0300[0m
Detecting locale EN
[0;32;49mCompleted 404 Not Found in 1.2ms

[0m
[0;97;49mStarted GET "/imgages/bg.jpg" at 2015-05-28 14:45:35 -0300[0m
Detecting locale EN
[0;32;49mCompleted 404 Not Found in 1.2ms

[0m
[0;97;49mStarted GET "/main" at 2015-05-28 14:45:37 -0300[0m
Detecting locale EN
Found page "Main" [main]
  Rendered liquid page template
[0;32;49mCompleted 200 OK in 1.2ms

[0m
[0;97;49mStarted GET "/font-awesome/css/font-awesome.min.css" at 2015-05-28 14:45:37 -0300[0m
Detecting locale EN
[0;32;49mCompleted 404 Not Found in 1.4ms

[0m
[0;97;49mStarted GET "/imgages/bg.jpg" at 2015-05-28 14:45:37 -0300[0m
Detecting locale EN
[0;32;49mCompleted 404 Not Found in 1.3ms

[0m
[0;97;49mStarted GET "/main" at 2015-05-28 14:45:54 -0300[0m
Detecting locale EN
Found page "Main" [main]
  Rendered liquid page template
[0;32;49mCompleted 200 OK in 1.0ms

[0m
[0;97;49mStarted GET "/font-awesome/css/font-awesome.min.css" at 2015-05-28 14:45:54 -0300[0m
Detecting locale EN
[0;32;49mCompleted 404 Not Found in 3.4ms

[0m
[0;97;49mStarted GET "/main" at 2015-05-28 14:47:54 -0300[0m
Detecting locale EN
Found page "Main" [main]
  Rendered liquid page template
[0;32;49mCompleted 200 OK in 0.9ms

[0m
[0;97;49mStarted GET "/font-awesome/css/font-awesome.min.css" at 2015-05-28 14:47:54 -0300[0m
Detecting locale EN
[0;32;49mCompleted 404 Not Found in 1.8ms

[0m
[0;97;49mStarted GET "/main" at 2015-05-28 14:47:55 -0300[0m
Detecting locale EN
Found page "Main" [main]
  Rendered liquid page template
[0;32;49mCompleted 200 OK in 0.7ms

[0m
[0;97;49mStarted GET "/font-awesome/css/font-awesome.min.css" at 2015-05-28 14:47:55 -0300[0m
Detecting locale EN
[0;32;49mCompleted 404 Not Found in 1.7ms

[0m
[0;97;49mStarted GET "/main" at 2015-05-28 14:47:57 -0300[0m
Detecting locale EN
Found page "Main" [main]
  Rendered liquid page template
[0;32;49mCompleted 200 OK in 0.8ms

[0m
[0;97;49mStarted GET "/font-awesome/css/font-awesome.min.css" at 2015-05-28 14:47:57 -0300[0m
Detecting locale EN
[0;32;49mCompleted 404 Not Found in 1.6ms

[0m
[0;97;49mStarted GET "/main" at 2015-05-28 14:48:17 -0300[0m
Detecting locale EN
Found page "Main" [main]
  Rendered liquid page template
[0;32;49mCompleted 200 OK in 0.9ms

[0m
[0;97;49mStarted GET "/font-awesome/css/font-awesome.min.css" at 2015-05-28 14:48:17 -0300[0m
Detecting locale EN
[0;32;49mCompleted 404 Not Found in 3.1ms

[0m
[0;97;49mStarted GET "/main" at 2015-05-28 14:48:18 -0300[0m
Detecting locale EN
Found page "Main" [main]
  Rendered liquid page template
[0;32;49mCompleted 200 OK in 0.7ms

[0m
[0;97;49mStarted GET "/font-awesome/css/font-awesome.min.css" at 2015-05-28 14:48:18 -0300[0m
Detecting locale EN
[0;32;49mCompleted 404 Not Found in 1.2ms

[0m
* Reloaded "pages", "snippets" at 2015-05-28 14:49:26 -0300
[0;97;49mStarted GET "/main" at 2015-05-28 14:49:28 -0300[0m
Detecting locale EN
Found page "Main" [main]
  Rendered liquid page template
[0;32;49mCompleted 200 OK in 0.7ms

[0m
[0;97;49mStarted GET "/main" at 2015-05-28 14:49:30 -0300[0m
Detecting locale EN
Found page "Main" [main]
  Rendered liquid page template
[0;32;49mCompleted 200 OK in 2.2ms

[0m
[0;97;49mStarted GET "/main" at 2015-05-28 14:49:31 -0300[0m
Detecting locale EN
Found page "Main" [main]
  Rendered liquid page template
[0;32;49mCompleted 200 OK in 1.0ms

[0m
[0;97;49mStarted GET "/main" at 2015-05-28 14:51:23 -0300[0m
Detecting locale EN
Found page "Main" [main]
  Rendered liquid page template
[0;32;49mCompleted 200 OK in 1.4ms

[0m
[0;97;49mStarted GET "/main" at 2015-05-28 14:51:33 -0300[0m
Detecting locale EN
Found page "Main" [main]
  Rendered liquid page template
[0;32;49mCompleted 200 OK in 1.1ms

[0m
[0;97;49mStarted GET "/main" at 2015-05-28 14:51:35 -0300[0m
Detecting locale EN
Found page "Main" [main]
  Rendered liquid page template
[0;32;49mCompleted 200 OK in 1.1ms

[0m
* Reloaded "pages", "snippets" at 2015-05-28 14:51:50 -0300
[0;97;49mStarted GET "/main" at 2015-05-28 14:51:54 -0300[0m
Detecting locale EN
Found page "Main" [main]
  Rendered liquid page template
[0;32;49mCompleted 200 OK in 0.8ms

[0m
* Reloaded "pages", "snippets" at 2015-05-28 14:52:33 -0300
[0;97;49mStarted GET "/main" at 2015-05-28 14:52:35 -0300[0m
Detecting locale EN
Found page "Main" [main]
  Rendered liquid page template
[0;32;49mCompleted 200 OK in 1.2ms

[0m
* Reloaded "pages", "snippets" at 2015-05-28 14:57:27 -0300
[0;97;49mStarted GET "/main" at 2015-05-28 14:57:29 -0300[0m
Detecting locale EN
Found page "Main" [main]
  Rendered liquid page template
[0;32;49mCompleted 200 OK in 0.7ms

[0m
* Reloaded "pages", "snippets" at 2015-05-28 14:57:53 -0300
[0;97;49mStarted GET "/main" at 2015-05-28 14:57:55 -0300[0m
Detecting locale EN
Found page "Main" [main]
  Rendered liquid page template
[0;32;49mCompleted 200 OK in 0.8ms

[0m
[0;97;49mStarted GET "/main" at 2015-05-28 14:58:11 -0300[0m
Detecting locale EN
Found page "Main" [main]
  Rendered liquid page template
[0;32;49mCompleted 200 OK in 0.9ms

[0m
[0;97;49mStarted GET "/main" at 2015-05-28 14:58:13 -0300[0m
Detecting locale EN
Found page "Main" [main]
  Rendered liquid page template
[0;32;49mCompleted 200 OK in 1.1ms

[0m
[0;97;49mStarted GET "/main" at 2015-05-28 14:58:14 -0300[0m
Detecting locale EN
Found page "Main" [main]
  Rendered liquid page template
[0;32;49mCompleted 200 OK in 1.0ms

[0m
[0;97;49mStarted GET "/main" at 2015-05-28 14:58:19 -0300[0m
Detecting locale EN
Found page "Main" [main]
  Rendered liquid page template
[0;32;49mCompleted 200 OK in 0.8ms

[0m
* Reloaded "pages", "snippets" at 2015-05-28 14:58:22 -0300
[0;97;49mStarted GET "/main" at 2015-05-28 14:58:24 -0300[0m
Detecting locale EN
Found page "Main" [main]
  Rendered liquid page template
[0;32;49mCompleted 200 OK in 0.8ms

[0m
* Reloaded "pages", "snippets" at 2015-05-28 14:58:33 -0300
[0;97;49mStarted GET "/main" at 2015-05-28 14:58:35 -0300[0m
Detecting locale EN
Found page "Main" [main]
  Rendered liquid page template
[0;32;49mCompleted 200 OK in 0.8ms

[0m
* Reloaded "pages", "snippets" at 2015-05-28 14:58:58 -0300
[0;97;49mStarted GET "/main" at 2015-05-28 14:59:00 -0300[0m
Detecting locale EN
Found page "Main" [main]
  Rendered liquid page template
[0;32;49mCompleted 200 OK in 0.7ms

[0m
* Reloaded "pages", "snippets" at 2015-05-28 14:59:30 -0300
[0;97;49mStarted GET "/main" at 2015-05-28 14:59:32 -0300[0m
Detecting locale EN
Found page "Main" [main]
  Rendered liquid page template
[0;32;49mCompleted 200 OK in 0.8ms

[0m
* Reloaded "pages", "snippets" at 2015-05-28 14:59:44 -0300
[0;97;49mStarted GET "/main" at 2015-05-28 14:59:46 -0300[0m
Detecting locale EN
Found page "Main" [main]
  Rendered liquid page template
[0;32;49mCompleted 200 OK in 1.0ms

[0m
* Reloaded "pages", "snippets" at 2015-05-28 15:00:32 -0300
[0;97;49mStarted GET "/main" at 2015-05-28 15:00:43 -0300[0m
Detecting locale EN
Found page "Main" [main]
  Rendered liquid page template
[0;32;49mCompleted 200 OK in 0.6ms

[0m
* Reloaded "pages", "snippets" at 2015-05-28 15:00:51 -0300
[0;97;49mStarted GET "/main" at 2015-05-28 15:00:51 -0300[0m
Detecting locale EN
Found page "Main" [main]
  Rendered liquid page template
[0;32;49mCompleted 200 OK in 1.1ms

[0m
* Reloaded "pages", "snippets" at 2015-05-28 15:00:57 -0300
[0;97;49mStarted GET "/main" at 2015-05-28 15:00:58 -0300[0m
Detecting locale EN
Found page "Main" [main]
  Rendered liquid page template
[0;32;49mCompleted 200 OK in 0.8ms

[0m
[0;97;49mStarted GET "/" at 2015-05-28 15:04:36 -0300[0m
Detecting locale EN
Found page "Home page" [index]
  Rendered liquid page template
[0;32;49mCompleted 200 OK in 1.3ms

[0m
* Reloaded "pages", "snippets" at 2015-05-28 15:10:20 -0300
[0;97;49mStarted GET "/" at 2015-05-28 15:10:36 -0300[0m
Detecting locale EN
Found page "Home page" [index]
  Rendered liquid page template
[0;32;49mCompleted 200 OK in 1.2ms

[0m
[0;97;49mStarted GET "/main" at 2015-05-28 15:10:43 -0300[0m
Detecting locale EN
Found page "Main" [main]
  Rendered liquid page template
[0;32;49mCompleted 200 OK in 1.6ms

[0m
[0;97;49mStarted GET "/main" at 2015-05-28 15:11:49 -0300[0m
Detecting locale EN
Found page "Main" [main]
  Rendered liquid page template
[0;32;49mCompleted 200 OK in 0.8ms

[0m
* Reloaded "pages", "snippets" at 2015-05-28 15:12:04 -0300
[0;97;49mStarted GET "/main" at 2015-05-28 15:12:04 -0300[0m
Detecting locale EN
Found page "Main" [main]
  Rendered liquid page template
[0;32;49mCompleted 200 OK in 0.8ms

[0m
* Reloaded "pages", "snippets" at 2015-05-28 15:12:53 -0300
[0;97;49mStarted GET "/main" at 2015-05-28 15:12:54 -0300[0m
Detecting locale EN
Found page "Main" [main]
  Rendered liquid page template
[0;32;49mCompleted 200 OK in 0.7ms

[0m
[0;97;49mStarted GET "/main" at 2015-05-28 15:12:56 -0300[0m
Detecting locale EN
Found page "Main" [main]
  Rendered liquid page template
[0;32;49mCompleted 200 OK in 1.0ms

[0m
[0;97;49mStarted GET "/main" at 2015-05-28 15:12:57 -0300[0m
Detecting locale EN
Found page "Main" [main]
  Rendered liquid page template
[0;32;49mCompleted 200 OK in 2.7ms

[0m
[0;97;49mStarted GET "/main" at 2015-05-28 15:16:58 -0300[0m
Detecting locale EN
Found page "Main" [main]
  Rendered liquid page template
[0;32;49mCompleted 200 OK in 1.0ms

[0m
[0;97;49mStarted GET "/main" at 2015-05-28 15:17:01 -0300[0m
Detecting locale EN
Found page "Main" [main]
  Rendered liquid page template
[0;32;49mCompleted 200 OK in 2.3ms

[0m
[0;97;49mStarted GET "/main" at 2015-05-28 15:17:02 -0300[0m
Detecting locale EN
Found page "Main" [main]
  Rendered liquid page template
[0;32;49mCompleted 200 OK in 1.1ms

[0m
[0;97;49mStarted GET "/main" at 2015-05-28 15:17:04 -0300[0m
Detecting locale EN
Found page "Main" [main]
  Rendered liquid page template
[0;32;49mCompleted 200 OK in 1.1ms

[0m
* Reloaded "pages", "snippets" at 2015-05-28 15:17:23 -0300
[0;97;49mStarted GET "/main" at 2015-05-28 15:17:25 -0300[0m
Detecting locale EN
Found page "Main" [main]
  Rendered liquid page template
[0;32;49mCompleted 200 OK in 0.8ms

[0m
[0;97;49mStarted GET "/main" at 2015-05-28 15:17:27 -0300[0m
Detecting locale EN
Found page "Main" [main]
  Rendered liquid page template
[0;32;49mCompleted 200 OK in 1.0ms

[0m
* Reloaded "pages", "snippets" at 2015-05-28 15:17:40 -0300
[0;97;49mStarted GET "/main" at 2015-05-28 15:17:42 -0300[0m
Detecting locale EN
Found page "Main" [main]
  Rendered liquid page template
[0;32;49mCompleted 200 OK in 0.6ms

[0m
[0;97;49mStarted GET "/main" at 2015-05-28 15:17:44 -0300[0m
Detecting locale EN
Found page "Main" [main]
  Rendered liquid page template
[0;32;49mCompleted 200 OK in 2.5ms

[0m
* Reloaded "pages", "snippets" at 2015-05-28 15:19:46 -0300
[0;97;49mStarted GET "/main" at 2015-05-28 15:19:55 -0300[0m
Detecting locale EN
Found page "Main" [main]
  Rendered liquid page template
[0;32;49mCompleted 200 OK in 1.1ms

[0m
* Reloaded "pages", "snippets" at 2015-05-28 15:20:13 -0300
[0;97;49mStarted GET "/main" at 2015-05-28 15:20:17 -0300[0m
Detecting locale EN
Found page "Main" [main]
  Rendered liquid page template
[0;32;49mCompleted 200 OK in 0.7ms

[0m
* Reloaded "pages", "snippets" at 2015-05-28 15:20:30 -0300
[0;97;49mStarted GET "/main" at 2015-05-28 15:20:33 -0300[0m
Detecting locale EN
Found page "Main" [main]
  Rendered liquid page template
[0;32;49mCompleted 200 OK in 1.1ms

[0m
[0;97;49mStarted GET "/main" at 2015-05-28 15:20:34 -0300[0m
Detecting locale EN
Found page "Main" [main]
  Rendered liquid page template
[0;32;49mCompleted 200 OK in 0.9ms

[0m
[0;97;49mStarted GET "/main" at 2015-05-28 15:20:35 -0300[0m
Detecting locale EN
Found page "Main" [main]
  Rendered liquid page template
[0;32;49mCompleted 200 OK in 2.0ms

[0m
* Reloaded "pages", "snippets" at 2015-05-28 15:20:48 -0300
[0;97;49mStarted GET "/main" at 2015-05-28 15:20:50 -0300[0m
Detecting locale EN
Found page "Main" [main]
  Rendered liquid page template
[0;32;49mCompleted 200 OK in 0.8ms

[0m
[0;97;49mStarted GET "/main" at 2015-05-28 15:20:51 -0300[0m
Detecting locale EN
Found page "Main" [main]
  Rendered liquid page template
[0;32;49mCompleted 200 OK in 0.7ms

[0m
* Reloaded "pages", "snippets" at 2015-05-28 15:21:01 -0300
[0;97;49mStarted GET "/main" at 2015-05-28 15:21:04 -0300[0m
Detecting locale EN
Found page "Main" [main]
  Rendered liquid page template
[0;32;49mCompleted 200 OK in 0.8ms

[0m
* Reloaded "pages", "snippets" at 2015-05-28 15:21:15 -0300
[0;97;49mStarted GET "/main" at 2015-05-28 15:21:17 -0300[0m
Detecting locale EN
Found page "Main" [main]
  Rendered liquid page template
[0;32;49mCompleted 200 OK in 0.8ms

[0m
[0;97;49mStarted GET "/main" at 2015-05-28 15:21:18 -0300[0m
Detecting locale EN
Found page "Main" [main]
  Rendered liquid page template
[0;32;49mCompleted 200 OK in 1.1ms

[0m
* Reloaded "pages", "snippets" at 2015-05-28 15:21:27 -0300
[0;97;49mStarted GET "/main" at 2015-05-28 15:21:28 -0300[0m
Detecting locale EN
Found page "Main" [main]
  Rendered liquid page template
[0;32;49mCompleted 200 OK in 0.8ms

[0m
* Reloaded "pages", "snippets" at 2015-05-28 15:22:06 -0300
[0;97;49mStarted GET "/main" at 2015-05-28 15:22:12 -0300[0m
Detecting locale EN
Found page "Main" [main]
  Rendered liquid page template
[0;32;49mCompleted 200 OK in 1.0ms

[0m
* Reloaded "pages", "snippets" at 2015-05-28 15:23:02 -0300
[0;97;49mStarted GET "/main" at 2015-05-28 15:23:04 -0300[0m
Detecting locale EN
Found page "Main" [main]
  Rendered liquid page template
[0;32;49mCompleted 200 OK in 0.7ms

[0m
[0;97;49mStarted GET "/main" at 2015-05-28 15:23:15 -0300[0m
Detecting locale EN
Found page "Main" [main]
  Rendered liquid page template
[0;32;49mCompleted 200 OK in 0.7ms

[0m
[0;97;49mStarted GET "/main" at 2015-05-28 15:25:09 -0300[0m
Detecting locale EN
Found page "Main" [main]
  Rendered liquid page template
[0;32;49mCompleted 200 OK in 0.9ms

[0m
[0;97;49mStarted GET "/main" at 2015-05-28 15:25:11 -0300[0m
Detecting locale EN
Found page "Main" [main]
  Rendered liquid page template
[0;32;49mCompleted 200 OK in 1.8ms

[0m
* Reloaded "pages", "snippets" at 2015-05-28 15:25:17 -0300
[0;97;49mStarted GET "/main" at 2015-05-28 15:25:19 -0300[0m
Detecting locale EN
Found page "Main" [main]
  Rendered liquid page template
[0;32;49mCompleted 200 OK in 0.8ms

[0m
[0;97;49mStarted GET "/main" at 2015-05-28 15:25:25 -0300[0m
Detecting locale EN
Found page "Main" [main]
  Rendered liquid page template
[0;32;49mCompleted 200 OK in 0.6ms

[0m
* Reloaded "pages", "snippets" at 2015-05-28 15:25:32 -0300
[0;97;49mStarted GET "/main" at 2015-05-28 15:25:33 -0300[0m
Detecting locale EN
Found page "Main" [main]
  Rendered liquid page template
[0;32;49mCompleted 200 OK in 0.7ms

[0m
* Reloaded "pages", "snippets" at 2015-05-28 15:25:49 -0300
[0;97;49mStarted GET "/main" at 2015-05-28 15:25:56 -0300[0m
Detecting locale EN
Found page "Main" [main]
  Rendered liquid page template
[0;32;49mCompleted 200 OK in 0.7ms

[0m
[0;97;49mStarted GET "/main" at 2015-05-28 15:26:00 -0300[0m
Detecting locale EN
Found page "Main" [main]
  Rendered liquid page template
[0;32;49mCompleted 200 OK in 1.0ms

[0m
[0;97;49mStarted GET "/main" at 2015-05-28 15:26:01 -0300[0m
Detecting locale EN
Found page "Main" [main]
  Rendered liquid page template
[0;32;49mCompleted 200 OK in 1.0ms

[0m
* Reloaded "pages", "snippets" at 2015-05-28 15:26:15 -0300
[0;97;49mStarted GET "/main" at 2015-05-28 15:26:16 -0300[0m
Detecting locale EN
Found page "Main" [main]
  Rendered liquid page template
[0;32;49mCompleted 200 OK in 0.7ms

[0m
* Reloaded "pages", "snippets" at 2015-05-28 15:26:28 -0300
[0;97;49mStarted GET "/main" at 2015-05-28 15:26:32 -0300[0m
Detecting locale EN
Found page "Main" [main]
  Rendered liquid page template
[0;32;49mCompleted 200 OK in 0.7ms

[0m
[0;97;49mStarted GET "/main" at 2015-05-28 15:26:33 -0300[0m
Detecting locale EN
Found page "Main" [main]
  Rendered liquid page template
[0;32;49mCompleted 200 OK in 0.6ms

[0m
* Reloaded "pages", "snippets" at 2015-05-28 15:26:44 -0300
[0;97;49mStarted GET "/main" at 2015-05-28 15:26:45 -0300[0m
Detecting locale EN
Found page "Main" [main]
  Rendered liquid page template
[0;32;49mCompleted 200 OK in 0.8ms

[0m
[0;97;49mStarted GET "/main" at 2015-05-28 15:26:46 -0300[0m
Detecting locale EN
Found page "Main" [main]
  Rendered liquid page template
[0;32;49mCompleted 200 OK in 0.9ms

[0m
* Reloaded "pages", "snippets" at 2015-05-28 15:26:57 -0300
* Reloaded "pages", "snippets" at 2015-05-28 15:30:41 -0300
[0;97;49mStarted GET "/main" at 2015-05-28 15:30:43 -0300[0m
Detecting locale EN
Found page "Main" [main]
  Rendered liquid page template
[0;32;49mCompleted 200 OK in 0.9ms

[0m
[0;97;49mStarted GET "/main" at 2015-05-28 15:40:02 -0300[0m
Detecting locale EN
Found page "Main" [main]
  Rendered liquid page template
[0;32;49mCompleted 200 OK in 1.1ms

[0m
* Reloaded "pages", "snippets" at 2015-05-28 15:44:49 -0300
[0;97;49mStarted GET "/main" at 2015-05-28 15:44:51 -0300[0m
Detecting locale EN
Found page "Main" [main]
  Rendered liquid page template
[0;32;49mCompleted 200 OK in 0.8ms

[0m
* Reloaded "pages", "snippets" at 2015-05-28 15:45:34 -0300
[0;97;49mStarted GET "/main" at 2015-05-28 15:45:38 -0300[0m
Detecting locale EN
Found page "Main" [main]
  Rendered liquid page template
[0;32;49mCompleted 200 OK in 0.8ms

[0m
* Reloaded "pages", "snippets" at 2015-05-28 15:46:22 -0300
[0;97;49mStarted GET "/main" at 2015-05-28 15:46:23 -0300[0m
Detecting locale EN
Found page "Main" [main]
  Rendered liquid page template
[0;32;49mCompleted 200 OK in 1.0ms

[0m
[0;97;49mStarted GET "/main" at 2015-05-28 15:46:24 -0300[0m
Detecting locale EN
Found page "Main" [main]
  Rendered liquid page template
[0;32;49mCompleted 200 OK in 0.7ms

[0m
* Reloaded "pages", "snippets" at 2015-05-28 15:46:53 -0300
[0;97;49mStarted GET "/main" at 2015-05-28 15:46:54 -0300[0m
Detecting locale EN
Found page "Main" [main]
  Rendered liquid page template
[0;32;49mCompleted 200 OK in 0.9ms

[0m
[0;97;49mStarted GET "/main" at 2015-05-28 15:54:43 -0300[0m
Detecting locale EN
Found page "Main" [main]
  Rendered liquid page template
[0;32;49mCompleted 200 OK in 0.8ms

[0m
* Reloaded "pages", "snippets" at 2015-05-28 15:56:39 -0300
* Reloaded "pages", "snippets" at 2015-05-28 15:57:50 -0300
[0;97;49mStarted GET "/main" at 2015-05-28 15:57:55 -0300[0m
Detecting locale EN
Found page "Main" [main]
  Rendered liquid page template
[0;32;49mCompleted 200 OK in 1.0ms

[0m
[0;97;49mStarted GET "/main" at 2015-05-28 15:57:57 -0300[0m
Detecting locale EN
Found page "Main" [main]
  Rendered liquid page template
[0;32;49mCompleted 200 OK in 0.8ms

[0m
[0;97;49mStarted GET "/main" at 2015-05-28 15:57:58 -0300[0m
Detecting locale EN
Found page "Main" [main]
  Rendered liquid page template
[0;32;49mCompleted 200 OK in 0.7ms

[0m
[0;97;49mStarted GET "/main" at 2015-05-28 16:00:34 -0300[0m
Detecting locale EN
Found page "Main" [main]
  Rendered liquid page template
[0;32;49mCompleted 200 OK in 0.7ms

[0m
* Reloaded "pages", "snippets" at 2015-05-28 16:01:51 -0300
[0;97;49mStarted GET "/main" at 2015-05-28 16:01:52 -0300[0m
Detecting locale EN
Found page "Main" [main]
  Rendered liquid page template
[0;32;49mCompleted 200 OK in 0.9ms

[0m
[0;97;49mStarted GET "/main" at 2015-05-28 16:02:09 -0300[0m
Detecting locale EN
Found page "Main" [main]
  Rendered liquid page template
[0;32;49mCompleted 200 OK in 0.6ms

[0m
[0;97;49mStarted GET "/main" at 2015-05-28 16:02:28 -0300[0m
Detecting locale EN
Found page "Main" [main]
  Rendered liquid page template
[0;32;49mCompleted 200 OK in 2.4ms

[0m
[0;97;49mStarted GET "/main" at 2015-05-28 16:02:39 -0300[0m
Detecting locale EN
Found page "Main" [main]
  Rendered liquid page template
[0;32;49mCompleted 200 OK in 0.8ms

[0m
[0;97;49mStarted GET "/main" at 2015-05-28 16:03:51 -0300[0m
Detecting locale EN
Found page "Main" [main]
  Rendered liquid page template
[0;32;49mCompleted 200 OK in 1.0ms

[0m
[0;97;49mStarted GET "/main" at 2015-05-28 16:03:53 -0300[0m
Detecting locale EN
Found page "Main" [main]
  Rendered liquid page template
[0;32;49mCompleted 200 OK in 2.2ms

[0m
* Reloaded "pages", "snippets" at 2015-05-28 16:05:31 -0300
[0;97;49mStarted GET "/main" at 2015-05-28 16:05:34 -0300[0m
Detecting locale EN
Found page "Main" [main]
  Rendered liquid page template
[0;32;49mCompleted 200 OK in 1.0ms

[0m
[0;97;49mStarted GET "/main" at 2015-05-28 16:05:35 -0300[0m
Detecting locale EN
Found page "Main" [main]
  Rendered liquid page template
[0;32;49mCompleted 200 OK in 0.6ms

[0m
[0;97;49mStarted GET "/main" at 2015-05-28 16:05:58 -0300[0m
Detecting locale EN
Found page "Main" [main]
  Rendered liquid page template
[0;32;49mCompleted 200 OK in 0.8ms

[0m
[0;97;49mStarted GET "/main" at 2015-05-28 16:06:26 -0300[0m
Detecting locale EN
Found page "Main" [main]
  Rendered liquid page template
[0;32;49mCompleted 200 OK in 0.8ms

[0m
* Reloaded "pages", "snippets" at 2015-05-28 16:07:57 -0300
* Reloaded "pages", "snippets" at 2015-05-28 16:08:11 -0300
[0;97;49mStarted GET "/main" at 2015-05-28 16:08:12 -0300[0m
Detecting locale EN
Found page "Main" [main]
  Rendered liquid page template
[0;32;49mCompleted 200 OK in 1.1ms

[0m
* Reloaded "pages", "snippets" at 2015-05-28 16:08:52 -0300
[0;97;49mStarted GET "/main" at 2015-05-28 16:08:54 -0300[0m
Detecting locale EN
Found page "Main" [main]
  Rendered liquid page template
[0;32;49mCompleted 200 OK in 0.9ms

[0m
* Reloaded "pages", "snippets" at 2015-05-28 16:08:57 -0300
[0;97;49mStarted GET "/main" at 2015-05-28 16:09:03 -0300[0m
Detecting locale EN
Found page "Main" [main]
  Rendered liquid page template
[0;32;49mCompleted 200 OK in 0.9ms

[0m
[0;97;49mStarted GET "/main" at 2015-05-28 16:10:30 -0300[0m
Detecting locale EN
Found page "Main" [main]
  Rendered liquid page template
[0;32;49mCompleted 200 OK in 0.9ms

[0m
[0;97;49mStarted GET "/main" at 2015-05-28 16:15:21 -0300[0m
Detecting locale EN
Found page "Main" [main]
  Rendered liquid page template
[0;32;49mCompleted 200 OK in 2.3ms

[0m
* Reloaded "pages", "snippets" at 2015-05-28 16:17:51 -0300
[0;97;49mStarted GET "/main" at 2015-05-28 16:17:53 -0300[0m
Detecting locale EN
Found page "Main" [main]
  Rendered liquid page template
[0;32;49mCompleted 200 OK in 0.8ms

[0m
[0;97;49mStarted GET "/main" at 2015-05-28 16:18:30 -0300[0m
Detecting locale EN
Found page "Main" [main]
  Rendered liquid page template
[0;32;49mCompleted 200 OK in 1.1ms

[0m
[0;97;49mStarted GET "/main" at 2015-05-28 16:18:46 -0300[0m
Detecting locale EN
Found page "Main" [main]
  Rendered liquid page template
[0;32;49mCompleted 200 OK in 0.9ms

[0m
[0;97;49mStarted GET "/main" at 2015-05-28 16:19:09 -0300[0m
Detecting locale EN
Found page "Main" [main]
  Rendered liquid page template
[0;32;49mCompleted 200 OK in 1.0ms

[0m
[0;97;49mStarted GET "/main" at 2015-05-28 16:24:06 -0300[0m
Detecting locale EN
Found page "Main" [main]
  Rendered liquid page template
[0;32;49mCompleted 200 OK in 0.7ms

[0m
[0;97;49mStarted GET "/main" at 2015-05-28 16:26:10 -0300[0m
Detecting locale EN
Found page "Main" [main]
  Rendered liquid page template
[0;32;49mCompleted 200 OK in 0.9ms

[0m
[0;97;49mStarted GET "/main" at 2015-05-28 16:36:23 -0300[0m
Detecting locale EN
Found page "Main" [main]
  Rendered liquid page template
[0;32;49mCompleted 200 OK in 1.6ms

[0m
[0;97;49mStarted GET "/main" at 2015-05-28 16:37:43 -0300[0m
Detecting locale EN
Found page "Main" [main]
  Rendered liquid page template
[0;32;49mCompleted 200 OK in 0.6ms

[0m
[0;97;49mStarted GET "/main" at 2015-05-28 16:37:49 -0300[0m
Detecting locale EN
Found page "Main" [main]
  Rendered liquid page template
[0;32;49mCompleted 200 OK in 2.2ms

[0m
[0;97;49mStarted GET "/main" at 2015-05-28 16:37:50 -0300[0m
Detecting locale EN
Found page "Main" [main]
  Rendered liquid page template
[0;32;49mCompleted 200 OK in 0.9ms

[0m
[0;97;49mStarted GET "/main" at 2015-05-28 16:37:50 -0300[0m
Detecting locale EN
Found page "Main" [main]
  Rendered liquid page template
[0;32;49mCompleted 200 OK in 0.7ms

[0m
[0;97;49mStarted GET "/main" at 2015-05-28 16:38:08 -0300[0m
Detecting locale EN
Found page "Main" [main]
  Rendered liquid page template
[0;32;49mCompleted 200 OK in 0.8ms

[0m
[0;97;49mStarted GET "/main" at 2015-05-28 16:38:09 -0300[0m
Detecting locale EN
Found page "Main" [main]
  Rendered liquid page template
[0;32;49mCompleted 200 OK in 0.6ms

[0m
[0;97;49mStarted GET "/main" at 2015-05-28 16:38:21 -0300[0m
Detecting locale EN
Found page "Main" [main]
  Rendered liquid page template
[0;32;49mCompleted 200 OK in 0.6ms

[0m
[0;97;49mStarted GET "/main" at 2015-05-28 16:38:22 -0300[0m
Detecting locale EN
Found page "Main" [main]
  Rendered liquid page template
[0;32;49mCompleted 200 OK in 0.7ms

[0m
* Reloaded "pages", "snippets" at 2015-05-28 16:39:00 -0300
[0;97;49mStarted GET "/main" at 2015-05-28 16:39:02 -0300[0m
Detecting locale EN
Found page "Main" [main]
  Rendered liquid page template
[0;32;49mCompleted 200 OK in 0.6ms

[0m
[0;97;49mStarted GET "/main" at 2015-05-28 16:39:03 -0300[0m
Detecting locale EN
Found page "Main" [main]
  Rendered liquid page template
[0;32;49mCompleted 200 OK in 1.2ms

[0m
[0;97;49mStarted GET "/main" at 2015-05-28 16:39:03 -0300[0m
Detecting locale EN
Found page "Main" [main]
  Rendered liquid page template
[0;32;49mCompleted 200 OK in 0.6ms

[0m
[0;97;49mStarted GET "/main" at 2015-05-28 16:39:04 -0300[0m
Detecting locale EN
Found page "Main" [main]
  Rendered liquid page template
[0;32;49mCompleted 200 OK in 0.7ms

[0m
* Reloaded "pages", "snippets" at 2015-05-28 16:39:17 -0300
[0;97;49mStarted GET "/main" at 2015-05-28 16:39:19 -0300[0m
Detecting locale EN
Found page "Main" [main]
  Rendered liquid page template
[0;32;49mCompleted 200 OK in 0.7ms

[0m
[0;97;49mStarted GET "/main" at 2015-05-28 16:39:20 -0300[0m
Detecting locale EN
Found page "Main" [main]
  Rendered liquid page template
[0;32;49mCompleted 200 OK in 0.7ms

[0m
[0;97;49mStarted GET "/main" at 2015-05-28 16:39:21 -0300[0m
Detecting locale EN
Found page "Main" [main]
  Rendered liquid page template
[0;32;49mCompleted 200 OK in 1.2ms

[0m
[0;97;49mStarted GET "/main" at 2015-05-28 16:39:21 -0300[0m
Detecting locale EN
Found page "Main" [main]
  Rendered liquid page template
[0;32;49mCompleted 200 OK in 2.5ms

[0m
[0;97;49mStarted GET "/main" at 2015-05-28 16:39:22 -0300[0m
Detecting locale EN
Found page "Main" [main]
  Rendered liquid page template
[0;32;49mCompleted 200 OK in 1.0ms

[0m
* Reloaded "pages", "snippets" at 2015-05-28 16:40:16 -0300
[0;97;49mStarted GET "/main" at 2015-05-28 16:40:34 -0300[0m
Detecting locale EN
Found page "Main" [main]
  Rendered liquid page template
[0;32;49mCompleted 200 OK in 0.8ms

[0m
[0;97;49mStarted GET "/main" at 2015-05-28 16:40:35 -0300[0m
Detecting locale EN
Found page "Main" [main]
  Rendered liquid page template
[0;32;49mCompleted 200 OK in 1.0ms

[0m
[0;97;49mStarted GET "/main" at 2015-05-28 16:40:36 -0300[0m
Detecting locale EN
Found page "Main" [main]
  Rendered liquid page template
[0;32;49mCompleted 200 OK in 0.9ms

[0m
[0;97;49mStarted GET "/main" at 2015-05-28 16:47:50 -0300[0m
Detecting locale EN
Found page "Main" [main]
  Rendered liquid page template
[0;32;49mCompleted 200 OK in 0.8ms

[0m
[0;97;49mStarted GET "/main" at 2015-05-28 16:47:51 -0300[0m
Detecting locale EN
Found page "Main" [main]
  Rendered liquid page template
[0;32;49mCompleted 200 OK in 0.7ms

[0m
[0;97;49mStarted GET "/main" at 2015-05-28 16:48:22 -0300[0m
Detecting locale EN
Found page "Main" [main]
  Rendered liquid page template
[0;32;49mCompleted 200 OK in 0.6ms

[0m
[0;97;49mStarted GET "/main" at 2015-05-28 16:48:23 -0300[0m
Detecting locale EN
Found page "Main" [main]
  Rendered liquid page template
[0;32;49mCompleted 200 OK in 1.7ms

[0m
[0;97;49mStarted GET "/main" at 2015-05-28 16:48:46 -0300[0m
Detecting locale EN
Found page "Main" [main]
  Rendered liquid page template
[0;32;49mCompleted 200 OK in 0.6ms

[0m
[0;97;49mStarted GET "/main" at 2015-05-28 16:48:56 -0300[0m
Detecting locale EN
Found page "Main" [main]
  Rendered liquid page template
[0;32;49mCompleted 200 OK in 0.7ms

[0m
[0;97;49mStarted GET "/main" at 2015-05-28 16:48:57 -0300[0m
Detecting locale EN
Found page "Main" [main]
  Rendered liquid page template
[0;32;49mCompleted 200 OK in 2.5ms

[0m
[0;97;49mStarted GET "/main" at 2015-05-28 16:49:04 -0300[0m
Detecting locale EN
Found page "Main" [main]
  Rendered liquid page template
[0;32;49mCompleted 200 OK in 0.7ms

[0m
[0;97;49mStarted GET "/main" at 2015-05-28 16:49:25 -0300[0m
Detecting locale EN
Found page "Main" [main]
  Rendered liquid page template
[0;32;49mCompleted 200 OK in 0.7ms

[0m
[0;97;49mStarted GET "/main" at 2015-05-28 16:49:58 -0300[0m
Detecting locale EN
Found page "Main" [main]
  Rendered liquid page template
[0;32;49mCompleted 200 OK in 0.6ms

[0m
[0;97;49mStarted GET "/main" at 2015-05-28 16:51:07 -0300[0m
Detecting locale EN
Found page "Main" [main]
  Rendered liquid page template
[0;32;49mCompleted 200 OK in 0.7ms

[0m
[0;97;49mStarted GET "/main" at 2015-05-28 16:51:08 -0300[0m
Detecting locale EN
Found page "Main" [main]
  Rendered liquid page template
[0;32;49mCompleted 200 OK in 0.8ms

[0m
[0;97;49mStarted GET "/main" at 2015-05-28 16:51:10 -0300[0m
Detecting locale EN
Found page "Main" [main]
  Rendered liquid page template
[0;32;49mCompleted 200 OK in 2.3ms

[0m
[0;97;49mStarted GET "/main" at 2015-05-28 16:51:43 -0300[0m
Detecting locale EN
Found page "Main" [main]
  Rendered liquid page template
[0;32;49mCompleted 200 OK in 0.9ms

[0m
[0;97;49mStarted GET "/main" at 2015-05-28 16:53:44 -0300[0m
Detecting locale EN
Found page "Main" [main]
  Rendered liquid page template
[0;32;49mCompleted 200 OK in 1.1ms

[0m
[0;97;49mStarted GET "/main" at 2015-05-28 16:54:10 -0300[0m
Detecting locale EN
Found page "Main" [main]
  Rendered liquid page template
[0;32;49mCompleted 200 OK in 0.8ms

[0m
* Reloaded "pages", "snippets" at 2015-05-28 16:57:05 -0300
[0;97;49mStarted GET "/main" at 2015-05-28 16:57:08 -0300[0m
Detecting locale EN
Found page "Main" [main]
  Rendered liquid page template
[0;32;49mCompleted 200 OK in 1.4ms

[0m
* Reloaded "pages", "snippets" at 2015-05-28 16:58:11 -0300
[0;97;49mStarted GET "/main" at 2015-05-28 16:58:12 -0300[0m
Detecting locale EN
Found page "Main" [main]
  Rendered liquid page template
[0;32;49mCompleted 200 OK in 0.7ms

[0m
* Reloaded "pages", "snippets" at 2015-05-28 16:58:36 -0300
* Reloaded "pages", "snippets" at 2015-05-28 17:04:35 -0300
[0;97;49mStarted GET "/main" at 2015-05-28 17:04:36 -0300[0m
Detecting locale EN
Found page "Main" [main]
  Rendered liquid page template
[0;32;49mCompleted 200 OK in 0.7ms

[0m
* Reloaded "pages", "snippets" at 2015-05-28 17:05:25 -0300
[0;97;49mStarted GET "/main" at 2015-05-28 17:05:26 -0300[0m
Detecting locale EN
Found page "Main" [main]
  Rendered liquid page template
[0;32;49mCompleted 200 OK in 0.7ms

[0m
* Reloaded "pages", "snippets" at 2015-05-28 17:05:41 -0300
* Reloaded "pages", "snippets" at 2015-05-28 17:06:18 -0300
[0;97;49mStarted GET "/main" at 2015-05-28 17:06:19 -0300[0m
Detecting locale EN
Found page "Main" [main]
  Rendered liquid page template
[0;32;49mCompleted 200 OK in 0.6ms

[0m
* Reloaded "pages", "snippets" at 2015-05-28 17:09:16 -0300
[0;97;49mStarted GET "/main" at 2015-05-28 17:09:23 -0300[0m
Detecting locale EN
Found page "Main" [main]
  Rendered liquid page template
[0;32;49mCompleted 200 OK in 0.7ms

[0m
[0;97;49mStarted GET "/main" at 2015-05-28 17:09:23 -0300[0m
Detecting locale EN
Found page "Main" [main]
  Rendered liquid page template
[0;32;49mCompleted 200 OK in 0.7ms

[0m
[0;97;49mStarted GET "/main" at 2015-05-28 17:09:24 -0300[0m
Detecting locale EN
Found page "Main" [main]
  Rendered liquid page template
[0;32;49mCompleted 200 OK in 0.8ms

[0m
[0;97;49mStarted GET "/main" at 2015-05-28 17:10:10 -0300[0m
Detecting locale EN
Found page "Main" [main]
  Rendered liquid page template
[0;32;49mCompleted 200 OK in 0.6ms

[0m
* Reloaded "pages", "snippets" at 2015-05-28 17:10:31 -0300
[0;97;49mStarted GET "/main" at 2015-05-28 17:10:32 -0300[0m
Detecting locale EN
Found page "Main" [main]
  Rendered liquid page template
[0;32;49mCompleted 200 OK in 0.7ms

[0m
[0;97;49mStarted GET "/main" at 2015-05-28 17:10:33 -0300[0m
Detecting locale EN
Found page "Main" [main]
  Rendered liquid page template
[0;32;49mCompleted 200 OK in 0.8ms

[0m
[0;97;49mStarted GET "/main" at 2015-05-28 17:10:34 -0300[0m
Detecting locale EN
Found page "Main" [main]
  Rendered liquid page template
[0;32;49mCompleted 200 OK in 0.7ms

[0m
[0;97;49mStarted GET "/main" at 2015-05-28 17:10:34 -0300[0m
Detecting locale EN
Found page "Main" [main]
  Rendered liquid page template
[0;32;49mCompleted 200 OK in 1.1ms

[0m
[0;97;49mStarted GET "/main" at 2015-05-28 17:10:35 -0300[0m
Detecting locale EN
Found page "Main" [main]
  Rendered liquid page template
[0;32;49mCompleted 200 OK in 0.8ms

[0m
[0;97;49mStarted GET "/main" at 2015-05-28 17:10:36 -0300[0m
Detecting locale EN
Found page "Main" [main]
  Rendered liquid page template
[0;32;49mCompleted 200 OK in 0.8ms

[0m
[0;97;49mStarted GET "/main" at 2015-05-28 17:10:36 -0300[0m
Detecting locale EN
Found page "Main" [main]
  Rendered liquid page template
[0;32;49mCompleted 200 OK in 2.4ms

[0m
[0;97;49mStarted GET "/main" at 2015-05-28 17:10:37 -0300[0m
Detecting locale EN
Found page "Main" [main]
  Rendered liquid page template
[0;32;49mCompleted 200 OK in 1.0ms

[0m
[0;97;49mStarted GET "/main" at 2015-05-28 17:10:38 -0300[0m
Detecting locale EN
Found page "Main" [main]
  Rendered liquid page template
[0;32;49mCompleted 200 OK in 1.0ms

[0m
* Reloaded "pages", "snippets" at 2015-05-28 17:10:59 -0300
[0;97;49mStarted GET "/main" at 2015-05-28 17:11:02 -0300[0m
Detecting locale EN
Found page "Main" [main]
  Rendered liquid page template
[0;32;49mCompleted 200 OK in 0.9ms

[0m
* Reloaded "pages", "snippets" at 2015-05-28 17:11:29 -0300
[0;97;49mStarted GET "/main" at 2015-05-28 17:11:30 -0300[0m
Detecting locale EN
Found page "Main" [main]
  Rendered liquid page template
[0;32;49mCompleted 200 OK in 0.7ms

[0m
[0;97;49mStarted GET "/main" at 2015-05-28 17:11:32 -0300[0m
Detecting locale EN
Found page "Main" [main]
  Rendered liquid page template
[0;32;49mCompleted 200 OK in 1.8ms

[0m
[0;97;49mStarted GET "/main" at 2015-05-28 17:11:33 -0300[0m
Detecting locale EN
Found page "Main" [main]
  Rendered liquid page template
[0;32;49mCompleted 200 OK in 1.8ms

[0m
[0;97;49mStarted GET "/main" at 2015-05-28 17:11:47 -0300[0m
Detecting locale EN
Found page "Main" [main]
  Rendered liquid page template
[0;32;49mCompleted 200 OK in 0.8ms

[0m
[0;97;49mStarted GET "/main" at 2015-05-28 17:11:56 -0300[0m
Detecting locale EN
Found page "Main" [main]
  Rendered liquid page template
[0;32;49mCompleted 200 OK in 0.7ms

[0m
[0;97;49mStarted GET "/main" at 2015-05-28 17:12:03 -0300[0m
Detecting locale EN
Found page "Main" [main]
  Rendered liquid page template
[0;32;49mCompleted 200 OK in 0.6ms

[0m
* Reloaded "pages", "snippets" at 2015-05-28 17:12:42 -0300
[0;97;49mStarted GET "/main" at 2015-05-28 17:12:50 -0300[0m
Detecting locale EN
Found page "Main" [main]
  Rendered liquid page template
[0;32;49mCompleted 200 OK in 1.2ms

[0m
[0;97;49mStarted GET "/main" at 2015-05-28 17:13:02 -0300[0m
Detecting locale EN
Found page "Main" [main]
  Rendered liquid page template
[0;32;49mCompleted 200 OK in 0.6ms

[0m
[0;97;49mStarted GET "/main" at 2015-05-28 17:13:09 -0300[0m
Detecting locale EN
Found page "Main" [main]
  Rendered liquid page template
[0;32;49mCompleted 200 OK in 0.7ms

[0m
[0;97;49mStarted GET "/main" at 2015-05-28 17:13:17 -0300[0m
Detecting locale EN
Found page "Main" [main]
  Rendered liquid page template
[0;32;49mCompleted 200 OK in 0.9ms

[0m
[0;97;49mStarted GET "/main" at 2015-05-28 17:13:32 -0300[0m
Detecting locale EN
Found page "Main" [main]
  Rendered liquid page template
[0;32;49mCompleted 200 OK in 1.4ms

[0m
[0;97;49mStarted GET "/main" at 2015-05-28 17:13:40 -0300[0m
Detecting locale EN
Found page "Main" [main]
  Rendered liquid page template
[0;32;49mCompleted 200 OK in 0.7ms

[0m
[0;97;49mStarted GET "/main" at 2015-05-28 17:14:11 -0300[0m
Detecting locale EN
Found page "Main" [main]
  Rendered liquid page template
[0;32;49mCompleted 200 OK in 0.7ms

[0m
[0;97;49mStarted GET "/main" at 2015-05-28 17:14:18 -0300[0m
Detecting locale EN
Found page "Main" [main]
  Rendered liquid page template
[0;32;49mCompleted 200 OK in 0.8ms

[0m
[0;97;49mStarted GET "/main" at 2015-05-28 17:14:25 -0300[0m
Detecting locale EN
Found page "Main" [main]
  Rendered liquid page template
[0;32;49mCompleted 200 OK in 0.7ms

[0m
* Reloaded "pages", "snippets" at 2015-05-28 17:14:59 -0300
[0;97;49mStarted GET "/main" at 2015-05-28 17:15:24 -0300[0m
Detecting locale EN
Found page "Main" [main]
  Rendered liquid page template
[0;32;49mCompleted 200 OK in 0.7ms

[0m
[0;97;49mStarted GET "/main" at 2015-05-28 17:15:35 -0300[0m
Detecting locale EN
Found page "Main" [main]
  Rendered liquid page template
[0;32;49mCompleted 200 OK in 0.6ms

[0m
[0;97;49mStarted GET "/main" at 2015-05-28 17:15:45 -0300[0m
Detecting locale EN
Found page "Main" [main]
  Rendered liquid page template
[0;32;49mCompleted 200 OK in 0.6ms

[0m
[0;97;49mStarted GET "/main" at 2015-05-28 17:15:54 -0300[0m
Detecting locale EN
Found page "Main" [main]
  Rendered liquid page template
[0;32;49mCompleted 200 OK in 0.6ms

[0m
* Reloaded "pages", "snippets" at 2015-05-28 17:16:29 -0300
[0;97;49mStarted GET "/main" at 2015-05-28 17:16:30 -0300[0m
Detecting locale EN
Found page "Main" [main]
  Rendered liquid page template
[0;32;49mCompleted 200 OK in 0.7ms

[0m
* Reloaded "pages", "snippets" at 2015-05-28 17:17:02 -0300
* Reloaded "pages", "snippets" at 2015-05-28 17:17:10 -0300
[0;97;49mStarted GET "/main" at 2015-05-28 17:17:12 -0300[0m
Detecting locale EN
Found page "Main" [main]
  Rendered liquid page template
[0;32;49mCompleted 200 OK in 0.7ms

[0m
* Reloaded "pages", "snippets" at 2015-05-28 17:17:29 -0300
* Reloaded "pages", "snippets" at 2015-05-28 17:17:46 -0300
[0;97;49mStarted GET "/main" at 2015-05-28 17:17:47 -0300[0m
Detecting locale EN
Found page "Main" [main]
  Rendered liquid page template
[0;32;49mCompleted 200 OK in 0.6ms

[0m
[0;97;49mStarted GET "/main" at 2015-05-28 17:17:59 -0300[0m
Detecting locale EN
Found page "Main" [main]
  Rendered liquid page template
[0;32;49mCompleted 200 OK in 0.7ms

[0m
[0;97;49mStarted GET "/main" at 2015-05-28 17:18:00 -0300[0m
Detecting locale EN
Found page "Main" [main]
  Rendered liquid page template
[0;32;49mCompleted 200 OK in 0.8ms

[0m
[0;97;49mStarted GET "/main" at 2015-05-28 17:18:01 -0300[0m
Detecting locale EN
Found page "Main" [main]
  Rendered liquid page template
[0;32;49mCompleted 200 OK in 0.8ms

[0m
* Reloaded "pages", "snippets" at 2015-05-28 17:18:10 -0300
* Reloaded "pages", "snippets" at 2015-05-28 17:18:12 -0300
[0;97;49mStarted GET "/main" at 2015-05-28 17:18:13 -0300[0m
Detecting locale EN
Found page "Main" [main]
  Rendered liquid page template
[0;32;49mCompleted 200 OK in 0.7ms

[0m
* Reloaded "pages", "snippets" at 2015-05-28 17:18:23 -0300
[0;97;49mStarted GET "/main" at 2015-05-28 17:18:23 -0300[0m
Detecting locale EN
Found page "Main" [main]
  Rendered liquid page template
[0;32;49mCompleted 200 OK in 0.7ms

[0m
* Reloaded "pages", "snippets" at 2015-05-28 17:19:07 -0300
[0;97;49mStarted GET "/main" at 2015-05-28 17:19:09 -0300[0m
Detecting locale EN
Found page "Main" [main]
  Rendered liquid page template
[0;32;49mCompleted 200 OK in 1.1ms

[0m
* Reloaded "pages", "snippets" at 2015-05-28 17:19:36 -0300
[0;97;49mStarted GET "/main" at 2015-05-28 17:19:38 -0300[0m
Detecting locale EN
Found page "Main" [main]
  Rendered liquid page template
[0;32;49mCompleted 200 OK in 0.6ms

[0m
* Reloaded "pages", "snippets" at 2015-05-28 17:20:10 -0300
* Reloaded "pages", "snippets" at 2015-05-28 17:20:46 -0300
[0;97;49mStarted GET "/main" at 2015-05-28 17:20:48 -0300[0m
Detecting locale EN
Found page "Main" [main]
  Rendered liquid page template
[0;32;49mCompleted 200 OK in 0.8ms

[0m
* Reloaded "pages", "snippets" at 2015-05-28 17:21:47 -0300
[0;97;49mStarted GET "/main" at 2015-05-28 17:21:48 -0300[0m
Detecting locale EN
Found page "Main" [main]
  Rendered liquid page template
[0;32;49mCompleted 200 OK in 0.7ms

[0m
* Reloaded "pages", "snippets" at 2015-05-28 17:25:06 -0300
[0;97;49mStarted GET "/main" at 2015-05-28 17:25:08 -0300[0m
Detecting locale EN
Found page "Main" [main]
  Rendered liquid page template
[0;32;49mCompleted 200 OK in 0.8ms

[0m
* Reloaded "pages", "snippets" at 2015-05-28 17:26:04 -0300
[0;97;49mStarted GET "/main" at 2015-05-28 17:26:08 -0300[0m
Detecting locale EN
Found page "Main" [main]
  Rendered liquid page template
[0;32;49mCompleted 200 OK in 2.1ms

[0m
* Reloaded "pages", "snippets" at 2015-05-28 17:27:28 -0300
[0;97;49mStarted GET "/main" at 2015-05-28 17:27:36 -0300[0m
Detecting locale EN
Found page "Main" [main]
  Rendered liquid page template
[0;32;49mCompleted 200 OK in 2.5ms

[0m
* Reloaded "pages", "snippets" at 2015-05-28 17:28:45 -0300
[0;97;49mStarted GET "/main" at 2015-05-28 17:28:47 -0300[0m
Detecting locale EN
Found page "Main" [main]
  Rendered liquid page template
[0;32;49mCompleted 200 OK in 0.8ms

[0m
* Reloaded "pages", "snippets" at 2015-05-28 17:29:23 -0300
[0;97;49mStarted GET "/main" at 2015-05-28 17:29:24 -0300[0m
Detecting locale EN
Found page "Main" [main]
  Rendered liquid page template
[0;32;49mCompleted 200 OK in 0.6ms

[0m
* Reloaded "pages", "snippets" at 2015-05-28 17:29:29 -0300
* Reloaded "pages", "snippets" at 2015-05-28 17:29:34 -0300
[0;97;49mStarted GET "/main" at 2015-05-28 17:29:35 -0300[0m
Detecting locale EN
Found page "Main" [main]
  Rendered liquid page template
[0;32;49mCompleted 200 OK in 0.7ms

[0m
* Reloaded "pages", "snippets" at 2015-05-28 17:29:46 -0300
[0;97;49mStarted GET "/main" at 2015-05-28 17:29:47 -0300[0m
Detecting locale EN
Found page "Main" [main]
  Rendered liquid page template
[0;32;49mCompleted 200 OK in 0.7ms

[0m
* Reloaded "pages", "snippets" at 2015-05-28 17:30:02 -0300
[0;97;49mStarted GET "/main" at 2015-05-28 17:30:03 -0300[0m
Detecting locale EN
Found page "Main" [main]
  Rendered liquid page template
[0;32;49mCompleted 200 OK in 1.0ms

[0m
[0;97;49mStarted GET "/main" at 2015-05-28 17:30:04 -0300[0m
Detecting locale EN
Found page "Main" [main]
  Rendered liquid page template
[0;32;49mCompleted 200 OK in 0.7ms

[0m
[0;97;49mStarted GET "/main" at 2015-05-28 17:30:05 -0300[0m
Detecting locale EN
Found page "Main" [main]
  Rendered liquid page template
[0;32;49mCompleted 200 OK in 0.8ms

[0m
* Reloaded "pages", "snippets" at 2015-05-28 17:30:44 -0300
[0;97;49mStarted GET "/main" at 2015-05-28 17:30:47 -0300[0m
Detecting locale EN
Found page "Main" [main]
  Rendered liquid page template
[0;32;49mCompleted 200 OK in 0.7ms

[0m
[0;97;49mStarted GET "/main" at 2015-05-28 17:30:48 -0300[0m
Detecting locale EN
Found page "Main" [main]
  Rendered liquid page template
[0;32;49mCompleted 200 OK in 1.3ms

[0m
[0;97;49mStarted GET "/main" at 2015-05-28 17:30:49 -0300[0m
Detecting locale EN
Found page "Main" [main]
  Rendered liquid page template
[0;32;49mCompleted 200 OK in 0.7ms

[0m
[0;97;49mStarted GET "/main" at 2015-05-28 17:30:50 -0300[0m
Detecting locale EN
Found page "Main" [main]
  Rendered liquid page template
[0;32;49mCompleted 200 OK in 2.7ms

[0m
[0;97;49mStarted GET "/main" at 2015-05-28 17:30:51 -0300[0m
Detecting locale EN
Found page "Main" [main]
  Rendered liquid page template
[0;32;49mCompleted 200 OK in 1.0ms

[0m
* Reloaded "pages", "snippets" at 2015-05-28 17:30:55 -0300
[0;97;49mStarted GET "/main" at 2015-05-28 17:30:56 -0300[0m
Detecting locale EN
Found page "Main" [main]
  Rendered liquid page template
[0;32;49mCompleted 200 OK in 0.6ms

[0m
[0;97;49mStarted GET "/main" at 2015-05-28 17:30:57 -0300[0m
Detecting locale EN
Found page "Main" [main]
  Rendered liquid page template
[0;32;49mCompleted 200 OK in 0.9ms

[0m
* Reloaded "pages", "snippets" at 2015-05-28 17:31:04 -0300
[0;97;49mStarted GET "/main" at 2015-05-28 17:31:05 -0300[0m
Detecting locale EN
Found page "Main" [main]
  Rendered liquid page template
[0;32;49mCompleted 200 OK in 0.6ms

[0m
* Reloaded "pages", "snippets" at 2015-05-28 17:31:34 -0300
[0;97;49mStarted GET "/main" at 2015-05-28 17:31:36 -0300[0m
Detecting locale EN
Found page "Main" [main]
  Rendered liquid page template
[0;32;49mCompleted 200 OK in 0.8ms

[0m
[0;97;49mStarted GET "/main" at 2015-05-28 17:31:37 -0300[0m
Detecting locale EN
Found page "Main" [main]
  Rendered liquid page template
[0;32;49mCompleted 200 OK in 1.0ms

[0m
* Reloaded "pages", "snippets" at 2015-05-28 17:33:44 -0300
[0;97;49mStarted GET "/main" at 2015-05-28 17:33:46 -0300[0m
Detecting locale EN
Found page "Main" [main]
  Rendered liquid page template
[0;32;49mCompleted 200 OK in 0.6ms

[0m
[0;97;49mStarted GET "/main" at 2015-05-28 17:33:47 -0300[0m
Detecting locale EN
Found page "Main" [main]
  Rendered liquid page template
[0;32;49mCompleted 200 OK in 0.8ms

[0m
* Reloaded "pages", "snippets" at 2015-05-28 17:36:24 -0300
[0;97;49mStarted GET "/main" at 2015-05-28 17:36:27 -0300[0m
Detecting locale EN
Found page "Main" [main]
  Rendered liquid page template
[0;32;49mCompleted 200 OK in 1.0ms

[0m
* Reloaded "pages", "snippets" at 2015-05-28 17:37:02 -0300
[0;97;49mStarted GET "/main" at 2015-05-28 17:37:05 -0300[0m
Detecting locale EN
Found page "Main" [main]
  Rendered liquid page template
[0;32;49mCompleted 200 OK in 3.1ms

[0m
* Reloaded "pages", "snippets" at 2015-05-28 17:39:15 -0300
[0;97;49mStarted GET "/main" at 2015-05-28 17:39:19 -0300[0m
Detecting locale EN
Found page "Main" [main]
  Rendered liquid page template
[0;32;49mCompleted 200 OK in 1.0ms

[0m
[0;97;49mStarted GET "/main" at 2015-05-28 17:39:20 -0300[0m
Detecting locale EN
Found page "Main" [main]
  Rendered liquid page template
[0;32;49mCompleted 200 OK in 1.1ms

[0m
* Reloaded "pages", "snippets" at 2015-05-28 17:39:43 -0300
[0;97;49mStarted GET "/main" at 2015-05-28 17:39:45 -0300[0m
Detecting locale EN
Found page "Main" [main]
  Rendered liquid page template
[0;32;49mCompleted 200 OK in 0.6ms

[0m
* Reloaded "pages", "snippets" at 2015-05-28 17:41:10 -0300
[0;97;49mStarted GET "/main" at 2015-05-28 17:41:13 -0300[0m
Detecting locale EN
Found page "Main" [main]
  Rendered liquid page template
[0;32;49mCompleted 200 OK in 0.7ms

[0m
[0;97;49mStarted GET "/postural.png" at 2015-05-28 17:41:13 -0300[0m
Detecting locale EN
[0;32;49mCompleted 404 Not Found in 1.1ms

[0m
* Reloaded "pages", "snippets" at 2015-05-28 17:41:24 -0300
[0;97;49mStarted GET "/main" at 2015-05-28 17:41:25 -0300[0m
Detecting locale EN
Found page "Main" [main]
  Rendered liquid page template
[0;32;49mCompleted 200 OK in 0.6ms

[0m
[0;97;49mStarted GET "/posttural.png" at 2015-05-28 17:41:25 -0300[0m
Detecting locale EN
[0;32;49mCompleted 404 Not Found in 1.1ms

[0m
[0;97;49mStarted GET "/main" at 2015-05-28 17:41:26 -0300[0m
Detecting locale EN
Found page "Main" [main]
  Rendered liquid page template
[0;32;49mCompleted 200 OK in 0.8ms

[0m
[0;97;49mStarted GET "/posttural.png" at 2015-05-28 17:41:26 -0300[0m
Detecting locale EN
[0;32;49mCompleted 404 Not Found in 1.0ms

[0m
[0;97;49mStarted GET "/main" at 2015-05-28 17:41:27 -0300[0m
Detecting locale EN
Found page "Main" [main]
  Rendered liquid page template
[0;32;49mCompleted 200 OK in 0.7ms

[0m
[0;97;49mStarted GET "/posttural.png" at 2015-05-28 17:41:27 -0300[0m
Detecting locale EN
[0;32;49mCompleted 404 Not Found in 1.4ms

[0m
[0;97;49mStarted GET "/main" at 2015-05-28 17:41:28 -0300[0m
Detecting locale EN
Found page "Main" [main]
  Rendered liquid page template
[0;32;49mCompleted 200 OK in 1.1ms

[0m
[0;97;49mStarted GET "/posttural.png" at 2015-05-28 17:41:28 -0300[0m
Detecting locale EN
[0;32;49mCompleted 404 Not Found in 1.5ms

[0m
* Reloaded "pages", "snippets" at 2015-05-28 17:42:00 -0300
[0;97;49mStarted GET "/main" at 2015-05-28 17:42:02 -0300[0m
Detecting locale EN
Found page "Main" [main]
  Rendered liquid page template
[0;32;49mCompleted 200 OK in 0.7ms

[0m
[0;97;49mStarted GET "/posttural-logo.png" at 2015-05-28 17:42:02 -0300[0m
Detecting locale EN
[0;32;49mCompleted 404 Not Found in 1.3ms

[0m
[0;97;49mStarted GET "/main" at 2015-05-28 17:42:04 -0300[0m
Detecting locale EN
Found page "Main" [main]
  Rendered liquid page template
[0;32;49mCompleted 200 OK in 1.0ms

[0m
[0;97;49mStarted GET "/posttural-logo.png" at 2015-05-28 17:42:04 -0300[0m
Detecting locale EN
[0;32;49mCompleted 404 Not Found in 1.4ms

[0m
[0;97;49mStarted GET "/main" at 2015-05-28 17:42:05 -0300[0m
Detecting locale EN
Found page "Main" [main]
  Rendered liquid page template
[0;32;49mCompleted 200 OK in 0.7ms

[0m
[0;97;49mStarted GET "/posttural-logo.png" at 2015-05-28 17:42:05 -0300[0m
Detecting locale EN
[0;32;49mCompleted 404 Not Found in 1.1ms

[0m
[0;97;49mStarted GET "/main" at 2015-05-28 17:42:05 -0300[0m
Detecting locale EN
Found page "Main" [main]
  Rendered liquid page template
[0;32;49mCompleted 200 OK in 0.6ms

[0m
[0;97;49mStarted GET "/posttural-logo.png" at 2015-05-28 17:42:06 -0300[0m
Detecting locale EN
[0;32;49mCompleted 404 Not Found in 1.1ms

[0m
* Reloaded "pages", "snippets" at 2015-05-28 17:42:12 -0300
[0;97;49mStarted GET "/main" at 2015-05-28 17:42:14 -0300[0m
Detecting locale EN
Found page "Main" [main]
  Rendered liquid page template
[0;32;49mCompleted 200 OK in 0.8ms

[0m
[0;97;49mStarted GET "/main" at 2015-05-28 17:42:15 -0300[0m
Detecting locale EN
Found page "Main" [main]
  Rendered liquid page template
[0;32;49mCompleted 200 OK in 0.8ms

[0m
* Reloaded "pages", "snippets" at 2015-05-28 17:44:01 -0300
[0;97;49mStarted GET "/" at 2015-05-28 17:44:09 -0300[0m
Detecting locale EN
Found page "Home page" [index]
  Rendered liquid page template
[0;32;49mCompleted 200 OK in 1.2ms

[0m
[0;97;49mStarted GET "/main" at 2015-05-28 17:44:13 -0300[0m
Detecting locale EN
Found page "Main" [main]
  Rendered liquid page template
[0;32;49mCompleted 200 OK in 1.0ms

[0m
[0;97;49mStarted GET "/main" at 2015-05-28 17:47:16 -0300[0m
Detecting locale EN
Found page "Main" [main]
  Rendered liquid page template
[0;32;49mCompleted 200 OK in 0.6ms

[0m
[0;97;49mStarted GET "/main" at 2015-05-28 17:47:27 -0300[0m
Detecting locale EN
Found page "Main" [main]
  Rendered liquid page template
[0;32;49mCompleted 200 OK in 0.7ms

[0m
[0;97;49mStarted GET "/main" at 2015-05-28 17:47:35 -0300[0m
Detecting locale EN
Found page "Main" [main]
  Rendered liquid page template
[0;32;49mCompleted 200 OK in 0.7ms

[0m
[0;97;49mStarted GET "/main" at 2015-05-28 17:47:37 -0300[0m
Detecting locale EN
Found page "Main" [main]
  Rendered liquid page template
[0;32;49mCompleted 200 OK in 1.1ms

[0m
[0;97;49mStarted GET "/main" at 2015-05-28 17:47:42 -0300[0m
Detecting locale EN
Found page "Main" [main]
  Rendered liquid page template
[0;32;49mCompleted 200 OK in 0.7ms

[0m
[0;97;49mStarted GET "/main" at 2015-05-28 17:47:49 -0300[0m
Detecting locale EN
Found page "Main" [main]
  Rendered liquid page template
[0;32;49mCompleted 200 OK in 0.6ms

[0m
[0;97;49mStarted GET "/main" at 2015-05-28 17:48:00 -0300[0m
Detecting locale EN
Found page "Main" [main]
  Rendered liquid page template
[0;32;49mCompleted 200 OK in 0.8ms

[0m
[0;97;49mStarted GET "/main" at 2015-05-28 17:48:09 -0300[0m
Detecting locale EN
Found page "Main" [main]
  Rendered liquid page template
[0;32;49mCompleted 200 OK in 0.7ms

[0m
[0;97;49mStarted GET "/main" at 2015-05-28 17:48:22 -0300[0m
Detecting locale EN
Found page "Main" [main]
  Rendered liquid page template
[0;32;49mCompleted 200 OK in 0.8ms

[0m
[0;97;49mStarted GET "/main" at 2015-05-28 17:48:30 -0300[0m
Detecting locale EN
Found page "Main" [main]
  Rendered liquid page template
[0;32;49mCompleted 200 OK in 0.7ms

[0m
[0;97;49mStarted GET "/main" at 2015-05-28 17:48:44 -0300[0m
Detecting locale EN
Found page "Main" [main]
  Rendered liquid page template
[0;32;49mCompleted 200 OK in 0.7ms

[0m
[0;97;49mStarted GET "/main" at 2015-05-28 17:48:51 -0300[0m
Detecting locale EN
Found page "Main" [main]
  Rendered liquid page template
[0;32;49mCompleted 200 OK in 0.7ms

[0m
[0;97;49mStarted GET "/main" at 2015-05-28 17:49:07 -0300[0m
Detecting locale EN
Found page "Main" [main]
  Rendered liquid page template
[0;32;49mCompleted 200 OK in 1.4ms

[0m
[0;97;49mStarted GET "/main" at 2015-05-28 17:51:10 -0300[0m
Detecting locale EN
Found page "Main" [main]
  Rendered liquid page template
[0;32;49mCompleted 200 OK in 1.0ms

[0m
[0;97;49mStarted GET "/main" at 2015-05-28 17:51:49 -0300[0m
Detecting locale EN
Found page "Main" [main]
  Rendered liquid page template
[0;32;49mCompleted 200 OK in 0.9ms

[0m
