# Logfile created on 2015-05-28 17:58:27 -0300 by logger.rb/1.2.8
* Reloaded "pages", "snippets" at 2015-05-28 18:04:49 -0300
[0;31;49m[Important] YUICompressor requires java to be installed. The JAVA_HOME variable should also be set.
[0m
[0;97;49mStarted GET "/main" at 2015-05-28 18:04:54 -0300[0m
Detecting locale EN
[0;32;49mCompleted 404 Not Found in 0.8ms

[0m
[0;97;49mStarted GET "/css/bootstrap.min.css" at 2015-05-28 18:04:55 -0300[0m
Detecting locale EN
[0;32;49mCompleted 404 Not Found in 1.0ms

[0m
[0;97;49mStarted GET "/font-awesome/css/font-awesome.min.css" at 2015-05-28 18:04:55 -0300[0m
[0;97;49mStarted GET "/css/creative.css" at 2015-05-28 18:04:55 -0300[0m
[0;97;49mStarted GET "/css/animate.min.css" at 2015-05-28 18:04:55 -0300[0m
Detecting locale EN
[0;97;49mStarted GET "/js/jquery.easing.min.js" at 2015-05-28 18:04:55 -0300[0m
[0;97;49mStarted GET "/img/portfolio/1.jpg" at 2015-05-28 18:04:55 -0300[0m
Detecting locale EN
Detecting locale EN
[0;97;49mStarted GET "/js/jquery.js" at 2015-05-28 18:04:55 -0300[0m
[0;32;49mCompleted 404 Not Found in 4.2ms

[0m
Detecting locale EN
Detecting locale EN
[0;32;49mCompleted 404 Not Found in 4.6ms

[0m
[0;32;49mCompleted 404 Not Found in 4.5ms

[0m
Detecting locale EN
[0;32;49mCompleted 404 Not Found in 4.5ms

[0m
[0;32;49mCompleted 404 Not Found in 4.7ms

[0m
[0;97;49mStarted GET "/js/bootstrap.min.js" at 2015-05-28 18:04:55 -0300[0m
[0;32;49mCompleted 404 Not Found in 5.5ms

[0m
[0;97;49mStarted GET "/js/jquery.fittext.js" at 2015-05-28 18:04:55 -0300[0m
Detecting locale EN
[0;32;49mCompleted 404 Not Found in 1.9ms

[0m
Detecting locale EN
[0;32;49mCompleted 404 Not Found in 4.2ms

[0m
[0;97;49mStarted GET "/js/wow.min.js" at 2015-05-28 18:04:55 -0300[0m
Detecting locale EN
[0;32;49mCompleted 404 Not Found in 1.1ms

[0m
[0;97;49mStarted GET "/js/creative.js" at 2015-05-28 18:04:55 -0300[0m
Detecting locale EN
[0;97;49mStarted GET "/img/portfolio/2.jpg" at 2015-05-28 18:04:55 -0300[0m
[0;32;49mCompleted 404 Not Found in 2.6ms

[0m
Detecting locale EN
[0;32;49mCompleted 404 Not Found in 1.8ms

[0m
[0;97;49mStarted GET "/img/portfolio/3.jpg" at 2015-05-28 18:04:55 -0300[0m
Detecting locale EN
[0;32;49mCompleted 404 Not Found in 0.6ms

[0m
[0;97;49mStarted GET "/img/portfolio/4.jpg" at 2015-05-28 18:04:55 -0300[0m
Detecting locale EN
[0;32;49mCompleted 404 Not Found in 0.6ms

[0m
[0;97;49mStarted GET "/img/portfolio/5.jpg" at 2015-05-28 18:04:55 -0300[0m
Detecting locale EN
[0;32;49mCompleted 404 Not Found in 0.9ms

[0m
[0;97;49mStarted GET "/img/portfolio/6.jpg" at 2015-05-28 18:04:55 -0300[0m
Detecting locale EN
[0;32;49mCompleted 404 Not Found in 1.0ms

[0m
[0;97;49mStarted GET "/" at 2015-05-28 18:04:59 -0300[0m
Detecting locale EN
Found page "Index" [index]
  Rendered liquid page template
[0;32;49mCompleted 200 OK in 0.8ms

[0m
[0;97;49mStarted GET "/css/bootstrap.min.css" at 2015-05-28 18:04:59 -0300[0m
Detecting locale EN
[0;97;49mStarted GET "/font-awesome/css/font-awesome.min.css" at 2015-05-28 18:04:59 -0300[0m
Detecting locale EN
[0;32;49mCompleted 404 Not Found in 1.3ms

[0m
[0;97;49mStarted GET "/css/animate.min.css" at 2015-05-28 18:04:59 -0300[0m
[0;97;49mStarted GET "/css/creative.css" at 2015-05-28 18:04:59 -0300[0m
[0;32;49mCompleted 404 Not Found in 2.3ms

[0m
[0;97;49mStarted GET "/img/portfolio/1.jpg" at 2015-05-28 18:04:59 -0300[0m
[0;97;49mStarted GET "/js/jquery.js" at 2015-05-28 18:04:59 -0300[0m
Detecting locale EN
Detecting locale EN
Detecting locale EN
[0;32;49mCompleted 404 Not Found in 2.4ms

[0m
Detecting locale EN
[0;97;49mStarted GET "/js/jquery.easing.min.js" at 2015-05-28 18:04:59 -0300[0m
[0;97;49mStarted GET "/js/bootstrap.min.js" at 2015-05-28 18:04:59 -0300[0m
[0;32;49mCompleted 404 Not Found in 5.3ms

[0m
[0;32;49mCompleted 404 Not Found in 4.9ms

[0m
[0;32;49mCompleted 404 Not Found in 7.4ms

[0m
Detecting locale EN
Detecting locale EN
[0;97;49mStarted GET "/js/jquery.fittext.js" at 2015-05-28 18:04:59 -0300[0m
[0;32;49mCompleted 404 Not Found in 5.5ms

[0m
[0;32;49mCompleted 404 Not Found in 6.1ms

[0m
[0;97;49mStarted GET "/js/wow.min.js" at 2015-05-28 18:04:59 -0300[0m
Detecting locale EN
[0;97;49mStarted GET "/js/creative.js" at 2015-05-28 18:04:59 -0300[0m
[0;97;49mStarted GET "/img/portfolio/2.jpg" at 2015-05-28 18:04:59 -0300[0m
Detecting locale EN
[0;32;49mCompleted 404 Not Found in 5.2ms

[0m
Detecting locale EN
[0;32;49mCompleted 404 Not Found in 4.6ms

[0m
[0;32;49mCompleted 404 Not Found in 4.0ms

[0m
Detecting locale EN
[0;97;49mStarted GET "/img/portfolio/3.jpg" at 2015-05-28 18:04:59 -0300[0m
[0;97;49mStarted GET "/img/portfolio/4.jpg" at 2015-05-28 18:04:59 -0300[0m
[0;32;49mCompleted 404 Not Found in 6.0ms

[0m
Detecting locale EN
[0;97;49mStarted GET "/img/portfolio/5.jpg" at 2015-05-28 18:04:59 -0300[0m
Detecting locale EN
[0;97;49mStarted GET "/img/portfolio/6.jpg" at 2015-05-28 18:04:59 -0300[0m
[0;32;49mCompleted 404 Not Found in 4.1ms

[0m
Detecting locale EN
[0;32;49mCompleted 404 Not Found in 3.7ms

[0m
Detecting locale EN
[0;32;49mCompleted 404 Not Found in 3.5ms

[0m
[0;32;49mCompleted 404 Not Found in 4.2ms

[0m
* Reloaded "pages", "snippets" at 2015-05-28 18:05:25 -0300
[0;97;49mStarted GET "/" at 2015-05-28 18:05:27 -0300[0m
Detecting locale EN
Found page "Index" [index]
  Rendered liquid page template
[0;32;49mCompleted 200 OK in 0.8ms

[0m
[0;97;49mStarted GET "/stylesheet/bootstrap.min.css" at 2015-05-28 18:05:27 -0300[0m
Detecting locale EN
[0;32;49mCompleted 404 Not Found in 1.1ms

[0m
[0;97;49mStarted GET "/font-awesome/css/font-awesome.min.css" at 2015-05-28 18:05:27 -0300[0m
Detecting locale EN
[0;32;49mCompleted 404 Not Found in 1.1ms

[0m
[0;97;49mStarted GET "/css/creative.css" at 2015-05-28 18:05:27 -0300[0m
[0;97;49mStarted GET "/css/animate.min.css" at 2015-05-28 18:05:27 -0300[0m
Detecting locale EN
[0;32;49mCompleted 404 Not Found in 1.2ms

[0m
Detecting locale EN
[0;32;49mCompleted 404 Not Found in 4.1ms

[0m
[0;97;49mStarted GET "/img/portfolio/1.jpg" at 2015-05-28 18:05:27 -0300[0m
Detecting locale EN
[0;97;49mStarted GET "/js/jquery.js" at 2015-05-28 18:05:27 -0300[0m
[0;32;49mCompleted 404 Not Found in 1.6ms

[0m
[0;97;49mStarted GET "/js/bootstrap.min.js" at 2015-05-28 18:05:27 -0300[0m
[0;97;49mStarted GET "/js/jquery.easing.min.js" at 2015-05-28 18:05:27 -0300[0m
[0;97;49mStarted GET "/js/jquery.fittext.js" at 2015-05-28 18:05:27 -0300[0m
Detecting locale EN
[0;97;49mStarted GET "/js/wow.min.js" at 2015-05-28 18:05:27 -0300[0m
Detecting locale EN
Detecting locale EN
Detecting locale EN
[0;32;49mCompleted 404 Not Found in 4.8ms

[0m
Detecting locale EN
[0;97;49mStarted GET "/js/creative.js" at 2015-05-28 18:05:27 -0300[0m
[0;32;49mCompleted 404 Not Found in 4.9ms

[0m
[0;32;49mCompleted 404 Not Found in 5.1ms

[0m
[0;32;49mCompleted 404 Not Found in 5.4ms

[0m
[0;32;49mCompleted 404 Not Found in 6.2ms

[0m
Detecting locale EN
[0;32;49mCompleted 404 Not Found in 7.8ms

[0m
[0;97;49mStarted GET "/img/portfolio/2.jpg" at 2015-05-28 18:05:27 -0300[0m
Detecting locale EN
[0;32;49mCompleted 404 Not Found in 1.8ms

[0m
[0;97;49mStarted GET "/img/portfolio/3.jpg" at 2015-05-28 18:05:27 -0300[0m
Detecting locale EN
[0;32;49mCompleted 404 Not Found in 0.8ms

[0m
[0;97;49mStarted GET "/img/portfolio/4.jpg" at 2015-05-28 18:05:27 -0300[0m
Detecting locale EN
[0;32;49mCompleted 404 Not Found in 0.9ms

[0m
[0;97;49mStarted GET "/img/portfolio/5.jpg" at 2015-05-28 18:05:27 -0300[0m
Detecting locale EN
[0;32;49mCompleted 404 Not Found in 1.4ms

[0m
[0;97;49mStarted GET "/img/portfolio/6.jpg" at 2015-05-28 18:05:27 -0300[0m
Detecting locale EN
[0;32;49mCompleted 404 Not Found in 0.9ms

[0m
[0;97;49mStarted GET "/" at 2015-05-28 18:05:28 -0300[0m
Detecting locale EN
Found page "Index" [index]
  Rendered liquid page template
[0;32;49mCompleted 200 OK in 1.0ms

[0m
[0;97;49mStarted GET "/stylesheet/bootstrap.min.css" at 2015-05-28 18:05:28 -0300[0m
Detecting locale EN
[0;32;49mCompleted 404 Not Found in 1.2ms

[0m
[0;97;49mStarted GET "/font-awesome/css/font-awesome.min.css" at 2015-05-28 18:05:28 -0300[0m
[0;97;49mStarted GET "/css/animate.min.css" at 2015-05-28 18:05:28 -0300[0m
Detecting locale EN
[0;97;49mStarted GET "/img/portfolio/1.jpg" at 2015-05-28 18:05:28 -0300[0m
Detecting locale EN
[0;97;49mStarted GET "/js/jquery.js" at 2015-05-28 18:05:28 -0300[0m
[0;97;49mStarted GET "/css/creative.css" at 2015-05-28 18:05:28 -0300[0m
[0;97;49mStarted GET "/js/bootstrap.min.js" at 2015-05-28 18:05:28 -0300[0m
[0;32;49mCompleted 404 Not Found in 4.6ms

[0m
Detecting locale EN
[0;32;49mCompleted 404 Not Found in 6.1ms

[0m
Detecting locale EN
Detecting locale EN
Detecting locale EN
[0;32;49mCompleted 404 Not Found in 5.7ms

[0m
[0;32;49mCompleted 404 Not Found in 5.7ms

[0m
[0;97;49mStarted GET "/js/jquery.easing.min.js" at 2015-05-28 18:05:28 -0300[0m
[0;32;49mCompleted 404 Not Found in 9.1ms

[0m
[0;32;49mCompleted 404 Not Found in 6.9ms

[0m
[0;97;49mStarted GET "/js/jquery.fittext.js" at 2015-05-28 18:05:28 -0300[0m
Detecting locale EN
Detecting locale EN
[0;97;49mStarted GET "/js/wow.min.js" at 2015-05-28 18:05:28 -0300[0m
[0;97;49mStarted GET "/js/creative.js" at 2015-05-28 18:05:28 -0300[0m
[0;32;49mCompleted 404 Not Found in 7.1ms

[0m
[0;32;49mCompleted 404 Not Found in 5.2ms

[0m
Detecting locale EN
Detecting locale EN
[0;97;49mStarted GET "/img/portfolio/2.jpg" at 2015-05-28 18:05:28 -0300[0m
[0;32;49mCompleted 404 Not Found in 5.2ms

[0m
[0;32;49mCompleted 404 Not Found in 5.1ms

[0m
Detecting locale EN
[0;32;49mCompleted 404 Not Found in 3.5ms

[0m
[0;97;49mStarted GET "/img/portfolio/3.jpg" at 2015-05-28 18:05:28 -0300[0m
Detecting locale EN
[0;32;49mCompleted 404 Not Found in 0.9ms

[0m
[0;97;49mStarted GET "/img/portfolio/4.jpg" at 2015-05-28 18:05:28 -0300[0m
Detecting locale EN
[0;32;49mCompleted 404 Not Found in 1.0ms

[0m
[0;97;49mStarted GET "/img/portfolio/5.jpg" at 2015-05-28 18:05:28 -0300[0m
Detecting locale EN
[0;32;49mCompleted 404 Not Found in 0.8ms

[0m
[0;97;49mStarted GET "/img/portfolio/6.jpg" at 2015-05-28 18:05:28 -0300[0m
Detecting locale EN
[0;32;49mCompleted 404 Not Found in 0.6ms

[0m
[0;97;49mStarted GET "/" at 2015-05-28 18:05:29 -0300[0m
Detecting locale EN
Found page "Index" [index]
  Rendered liquid page template
[0;32;49mCompleted 200 OK in 0.7ms

[0m
[0;97;49mStarted GET "/stylesheet/bootstrap.min.css" at 2015-05-28 18:05:29 -0300[0m
Detecting locale EN
[0;32;49mCompleted 404 Not Found in 0.9ms

[0m
[0;97;49mStarted GET "/font-awesome/css/font-awesome.min.css" at 2015-05-28 18:05:29 -0300[0m
Detecting locale EN
[0;32;49mCompleted 404 Not Found in 0.7ms

[0m
[0;97;49mStarted GET "/css/animate.min.css" at 2015-05-28 18:05:29 -0300[0m
Detecting locale EN
[0;97;49mStarted GET "/css/creative.css" at 2015-05-28 18:05:29 -0300[0m
[0;32;49mCompleted 404 Not Found in 1.3ms

[0m
[0;97;49mStarted GET "/img/portfolio/1.jpg" at 2015-05-28 18:05:29 -0300[0m
[0;97;49mStarted GET "/js/jquery.js" at 2015-05-28 18:05:29 -0300[0m
[0;97;49mStarted GET "/js/bootstrap.min.js" at 2015-05-28 18:05:29 -0300[0m
Detecting locale EN
[0;97;49mStarted GET "/js/jquery.easing.min.js" at 2015-05-28 18:05:29 -0300[0m
Detecting locale EN
Detecting locale EN
Detecting locale EN
[0;32;49mCompleted 404 Not Found in 4.5ms

[0m
Detecting locale EN
[0;32;49mCompleted 404 Not Found in 4.2ms

[0m
[0;97;49mStarted GET "/js/jquery.fittext.js" at 2015-05-28 18:05:29 -0300[0m
[0;32;49mCompleted 404 Not Found in 4.7ms

[0m
[0;32;49mCompleted 404 Not Found in 4.8ms

[0m
[0;32;49mCompleted 404 Not Found in 5.0ms

[0m
Detecting locale EN
[0;97;49mStarted GET "/js/wow.min.js" at 2015-05-28 18:05:29 -0300[0m
[0;97;49mStarted GET "/js/creative.js" at 2015-05-28 18:05:29 -0300[0m
[0;32;49mCompleted 404 Not Found in 6.2ms

[0m
Detecting locale EN
Detecting locale EN
[0;32;49mCompleted 404 Not Found in 4.2ms

[0m
[0;32;49mCompleted 404 Not Found in 4.6ms

[0m
[0;97;49mStarted GET "/img/portfolio/2.jpg" at 2015-05-28 18:05:29 -0300[0m
Detecting locale EN
[0;32;49mCompleted 404 Not Found in 1.8ms

[0m
[0;97;49mStarted GET "/img/portfolio/3.jpg" at 2015-05-28 18:05:29 -0300[0m
Detecting locale EN
[0;32;49mCompleted 404 Not Found in 0.8ms

[0m
[0;97;49mStarted GET "/img/portfolio/4.jpg" at 2015-05-28 18:05:29 -0300[0m
Detecting locale EN
[0;32;49mCompleted 404 Not Found in 0.6ms

[0m
[0;97;49mStarted GET "/img/portfolio/5.jpg" at 2015-05-28 18:05:29 -0300[0m
Detecting locale EN
[0;32;49mCompleted 404 Not Found in 0.7ms

[0m
[0;97;49mStarted GET "/img/portfolio/6.jpg" at 2015-05-28 18:05:29 -0300[0m
Detecting locale EN
[0;32;49mCompleted 404 Not Found in 0.8ms

[0m
[0;97;49mStarted GET "/stylesheet/bootstrap.min.css" at 2015-05-28 18:05:31 -0300[0m
Detecting locale EN
[0;97;49mStarted GET "/font-awesome/css/font-awesome.min.css" at 2015-05-28 18:05:31 -0300[0m
[0;32;49mCompleted 404 Not Found in 1.8ms

[0m
[0;97;49mStarted GET "/css/animate.min.css" at 2015-05-28 18:05:31 -0300[0m
[0;97;49mStarted GET "/css/creative.css" at 2015-05-28 18:05:31 -0300[0m
Detecting locale EN
Detecting locale EN
Detecting locale EN
[0;32;49mCompleted 404 Not Found in 4.6ms

[0m
[0;32;49mCompleted 404 Not Found in 4.0ms

[0m
[0;32;49mCompleted 404 Not Found in 4.3ms

[0m
* Reloaded "pages", "snippets" at 2015-05-28 18:05:53 -0300
* Reloaded "pages", "snippets" at 2015-05-28 18:05:57 -0300
* Reloaded "pages", "snippets" at 2015-05-28 18:05:57 -0300
* Reloaded "pages", "snippets" at 2015-05-28 18:05:57 -0300
* Reloaded "pages", "snippets" at 2015-05-28 18:07:23 -0300
* Reloaded "pages", "snippets" at 2015-05-28 18:07:38 -0300
[0;97;49mStarted GET "/" at 2015-05-28 18:07:39 -0300[0m
Detecting locale EN
Found page "Index" [index]
  Rendered liquid page template
[0;32;49mCompleted 200 OK in 1.4ms

[0m
[0;97;49mStarted GET "/stylesheet/bootstrap.min.css" at 2015-05-28 18:07:40 -0300[0m
Detecting locale EN
[0;32;49mCompleted 404 Not Found in 1.5ms

[0m
[0;97;49mStarted GET "/font-awesome/css/font-awesome.min.css" at 2015-05-28 18:07:40 -0300[0m
Detecting locale EN
[0;32;49mCompleted 404 Not Found in 1.3ms

[0m
[0;97;49mStarted GET "/stylesheet/animate.min.css" at 2015-05-28 18:07:40 -0300[0m
Detecting locale EN
[0;32;49mCompleted 404 Not Found in 1.0ms

[0m
[0;97;49mStarted GET "/img/portfolio/1.jpg" at 2015-05-28 18:07:40 -0300[0m
Detecting locale EN
[0;97;49mStarted GET "/css/creative.css" at 2015-05-28 18:07:40 -0300[0m
[0;97;49mStarted GET "/js/jquery.js" at 2015-05-28 18:07:40 -0300[0m
[0;97;49mStarted GET "/js/bootstrap.min.js" at 2015-05-28 18:07:40 -0300[0m
Detecting locale EN
[0;97;49mStarted GET "/js/jquery.easing.min.js" at 2015-05-28 18:07:40 -0300[0m
[0;97;49mStarted GET "/js/jquery.fittext.js" at 2015-05-28 18:07:40 -0300[0m
Detecting locale EN
Detecting locale EN
[0;32;49mCompleted 404 Not Found in 4.0ms

[0m
[0;32;49mCompleted 404 Not Found in 2.0ms

[0m
Detecting locale EN
Detecting locale EN
[0;32;49mCompleted 404 Not Found in 5.7ms

[0m
[0;32;49mCompleted 404 Not Found in 6.0ms

[0m
[0;32;49mCompleted 404 Not Found in 6.3ms

[0m
[0;32;49mCompleted 404 Not Found in 6.6ms

[0m
[0;97;49mStarted GET "/js/creative.js" at 2015-05-28 18:07:40 -0300[0m
[0;97;49mStarted GET "/js/wow.min.js" at 2015-05-28 18:07:40 -0300[0m
Detecting locale EN
Detecting locale EN
[0;32;49mCompleted 404 Not Found in 3.2ms

[0m
[0;32;49mCompleted 404 Not Found in 2.4ms

[0m
[0;97;49mStarted GET "/img/portfolio/2.jpg" at 2015-05-28 18:07:40 -0300[0m
Detecting locale EN
[0;32;49mCompleted 404 Not Found in 1.0ms

[0m
[0;97;49mStarted GET "/img/portfolio/3.jpg" at 2015-05-28 18:07:40 -0300[0m
Detecting locale EN
[0;32;49mCompleted 404 Not Found in 0.7ms

[0m
[0;97;49mStarted GET "/img/portfolio/4.jpg" at 2015-05-28 18:07:40 -0300[0m
Detecting locale EN
[0;32;49mCompleted 404 Not Found in 0.7ms

[0m
[0;97;49mStarted GET "/img/portfolio/5.jpg" at 2015-05-28 18:07:40 -0300[0m
Detecting locale EN
[0;32;49mCompleted 404 Not Found in 1.3ms

[0m
[0;97;49mStarted GET "/img/portfolio/6.jpg" at 2015-05-28 18:07:40 -0300[0m
Detecting locale EN
[0;32;49mCompleted 404 Not Found in 1.3ms

[0m
[0;97;49mStarted GET "/" at 2015-05-28 18:07:41 -0300[0m
Detecting locale EN
Found page "Index" [index]
  Rendered liquid page template
[0;32;49mCompleted 200 OK in 0.5ms

[0m
[0;97;49mStarted GET "/stylesheet/bootstrap.min.css" at 2015-05-28 18:07:41 -0300[0m
Detecting locale EN
[0;32;49mCompleted 404 Not Found in 0.8ms

[0m
[0;97;49mStarted GET "/font-awesome/css/font-awesome.min.css" at 2015-05-28 18:07:41 -0300[0m
Detecting locale EN
[0;97;49mStarted GET "/stylesheet/animate.min.css" at 2015-05-28 18:07:41 -0300[0m
[0;32;49mCompleted 404 Not Found in 1.3ms

[0m
[0;97;49mStarted GET "/css/creative.css" at 2015-05-28 18:07:41 -0300[0m
[0;97;49mStarted GET "/img/portfolio/1.jpg" at 2015-05-28 18:07:41 -0300[0m
Detecting locale EN
[0;97;49mStarted GET "/js/jquery.js" at 2015-05-28 18:07:41 -0300[0m
[0;97;49mStarted GET "/js/bootstrap.min.js" at 2015-05-28 18:07:41 -0300[0m
Detecting locale EN
Detecting locale EN
[0;32;49mCompleted 404 Not Found in 4.1ms

[0m
Detecting locale EN
[0;97;49mStarted GET "/js/jquery.easing.min.js" at 2015-05-28 18:07:41 -0300[0m
Detecting locale EN
[0;32;49mCompleted 404 Not Found in 4.3ms

[0m
[0;32;49mCompleted 404 Not Found in 4.6ms

[0m
[0;32;49mCompleted 404 Not Found in 5.5ms

[0m
Detecting locale EN
[0;32;49mCompleted 404 Not Found in 5.7ms

[0m
[0;97;49mStarted GET "/js/jquery.fittext.js" at 2015-05-28 18:07:41 -0300[0m
[0;32;49mCompleted 404 Not Found in 6.2ms

[0m
[0;97;49mStarted GET "/js/wow.min.js" at 2015-05-28 18:07:41 -0300[0m
Detecting locale EN
[0;97;49mStarted GET "/js/creative.js" at 2015-05-28 18:07:41 -0300[0m
Detecting locale EN
[0;32;49mCompleted 404 Not Found in 5.6ms

[0m
[0;97;49mStarted GET "/img/portfolio/2.jpg" at 2015-05-28 18:07:41 -0300[0m
Detecting locale EN
[0;32;49mCompleted 404 Not Found in 3.2ms

[0m
Detecting locale EN
[0;32;49mCompleted 404 Not Found in 3.5ms

[0m
[0;32;49mCompleted 404 Not Found in 2.5ms

[0m
[0;97;49mStarted GET "/img/portfolio/3.jpg" at 2015-05-28 18:07:41 -0300[0m
Detecting locale EN
[0;32;49mCompleted 404 Not Found in 0.6ms

[0m
[0;97;49mStarted GET "/img/portfolio/4.jpg" at 2015-05-28 18:07:41 -0300[0m
Detecting locale EN
[0;32;49mCompleted 404 Not Found in 0.9ms

[0m
[0;97;49mStarted GET "/img/portfolio/5.jpg" at 2015-05-28 18:07:41 -0300[0m
Detecting locale EN
[0;32;49mCompleted 404 Not Found in 0.7ms

[0m
[0;97;49mStarted GET "/img/portfolio/6.jpg" at 2015-05-28 18:07:41 -0300[0m
Detecting locale EN
[0;32;49mCompleted 404 Not Found in 0.9ms

[0m
* Reloaded "pages", "snippets" at 2015-05-28 18:08:14 -0300
[0;97;49mStarted GET "/" at 2015-05-28 18:08:16 -0300[0m
Detecting locale EN
Found page "Index" [index]
  Rendered liquid page template
[0;32;49mCompleted 200 OK in 0.9ms

[0m
[0;97;49mStarted GET "/stylesheet/bootstrap.min.css" at 2015-05-28 18:08:16 -0300[0m
Detecting locale EN
[0;32;49mCompleted 404 Not Found in 0.9ms

[0m
[0;97;49mStarted GET "/font-awesome/css/font-awesome.min.css" at 2015-05-28 18:08:16 -0300[0m
Detecting locale EN
[0;32;49mCompleted 404 Not Found in 1.0ms

[0m
[0;97;49mStarted GET "/stylesheet/animate.min.css" at 2015-05-28 18:08:16 -0300[0m
Detecting locale EN
[0;97;49mStarted GET "/img/portfolio/1.jpg" at 2015-05-28 18:08:16 -0300[0m
[0;97;49mStarted GET "/js/jquery.js" at 2015-05-28 18:08:16 -0300[0m
[0;97;49mStarted GET "/js/bootstrap.min.js" at 2015-05-28 18:08:16 -0300[0m
[0;97;49mStarted GET "/css/creative.css" at 2015-05-28 18:08:16 -0300[0m
[0;32;49mCompleted 404 Not Found in 3.0ms

[0m
[0;97;49mStarted GET "/js/jquery.easing.min.js" at 2015-05-28 18:08:16 -0300[0m
Detecting locale EN
Detecting locale EN
Detecting locale EN
Detecting locale EN
Detecting locale EN
[0;32;49mCompleted 404 Not Found in 4.3ms

[0m
[0;32;49mCompleted 404 Not Found in 4.6ms

[0m
[0;32;49mCompleted 404 Not Found in 4.3ms

[0m
[0;97;49mStarted GET "/js/jquery.fittext.js" at 2015-05-28 18:08:16 -0300[0m
[0;32;49mCompleted 404 Not Found in 7.0ms

[0m
[0;32;49mCompleted 404 Not Found in 4.6ms

[0m
Detecting locale EN
[0;97;49mStarted GET "/js/wow.min.js" at 2015-05-28 18:08:16 -0300[0m
[0;32;49mCompleted 404 Not Found in 4.7ms

[0m
[0;97;49mStarted GET "/js/creative.js" at 2015-05-28 18:08:16 -0300[0m
Detecting locale EN
Detecting locale EN
[0;32;49mCompleted 404 Not Found in 3.3ms

[0m
[0;32;49mCompleted 404 Not Found in 3.1ms

[0m
[0;97;49mStarted GET "/img/portfolio/2.jpg" at 2015-05-28 18:08:17 -0300[0m
Detecting locale EN
[0;32;49mCompleted 404 Not Found in 1.5ms

[0m
[0;97;49mStarted GET "/img/portfolio/3.jpg" at 2015-05-28 18:08:17 -0300[0m
Detecting locale EN
[0;32;49mCompleted 404 Not Found in 0.6ms

[0m
[0;97;49mStarted GET "/img/portfolio/4.jpg" at 2015-05-28 18:08:17 -0300[0m
Detecting locale EN
[0;32;49mCompleted 404 Not Found in 1.1ms

[0m
[0;97;49mStarted GET "/img/portfolio/5.jpg" at 2015-05-28 18:08:17 -0300[0m
Detecting locale EN
[0;32;49mCompleted 404 Not Found in 1.1ms

[0m
[0;97;49mStarted GET "/img/portfolio/6.jpg" at 2015-05-28 18:08:17 -0300[0m
Detecting locale EN
[0;32;49mCompleted 404 Not Found in 1.0ms

[0m
* Reloaded "pages", "snippets" at 2015-05-28 18:08:35 -0300
* Reloaded "pages", "snippets" at 2015-05-28 18:08:35 -0300
[0;97;49mStarted GET "/" at 2015-05-28 18:08:37 -0300[0m
Detecting locale EN
Found page "Index" [index]
  Rendered liquid page template
[0;32;49mCompleted 200 OK in 0.6ms

[0m
[0;97;49mStarted GET "/stylesheet/bootstrap.min.css" at 2015-05-28 18:08:37 -0300[0m
Detecting locale EN
[0;32;49mCompleted 404 Not Found in 1.0ms

[0m
[0;97;49mStarted GET "/stylesheet/animate.min.css" at 2015-05-28 18:08:37 -0300[0m
Detecting locale EN
[0;32;49mCompleted 404 Not Found in 1.0ms

[0m
[0;97;49mStarted GET "/css/creative.css" at 2015-05-28 18:08:37 -0300[0m
[0;97;49mStarted GET "/img/portfolio/1.jpg" at 2015-05-28 18:08:37 -0300[0m
Detecting locale EN
[0;97;49mStarted GET "/js/jquery.js" at 2015-05-28 18:08:37 -0300[0m
Detecting locale EN
[0;32;49mCompleted 404 Not Found in 2.8ms

[0m
[0;97;49mStarted GET "/js/bootstrap.min.js" at 2015-05-28 18:08:37 -0300[0m
Detecting locale EN
[0;32;49mCompleted 404 Not Found in 3.8ms

[0m
[0;97;49mStarted GET "/js/jquery.easing.min.js" at 2015-05-28 18:08:37 -0300[0m
Detecting locale EN
[0;97;49mStarted GET "/js/jquery.fittext.js" at 2015-05-28 18:08:37 -0300[0m
[0;32;49mCompleted 404 Not Found in 5.7ms

[0m
[0;97;49mStarted GET "/js/wow.min.js" at 2015-05-28 18:08:37 -0300[0m
Detecting locale EN
[0;32;49mCompleted 404 Not Found in 5.8ms

[0m
Detecting locale EN
Detecting locale EN
[0;32;49mCompleted 404 Not Found in 5.3ms

[0m
[0;97;49mStarted GET "/js/creative.js" at 2015-05-28 18:08:37 -0300[0m
[0;32;49mCompleted 404 Not Found in 4.9ms

[0m
[0;32;49mCompleted 404 Not Found in 4.8ms

[0m
[0;97;49mStarted GET "/img/portfolio/2.jpg" at 2015-05-28 18:08:37 -0300[0m
Detecting locale EN
Detecting locale EN
[0;32;49mCompleted 404 Not Found in 4.3ms

[0m
[0;32;49mCompleted 404 Not Found in 2.8ms

[0m
[0;97;49mStarted GET "/img/portfolio/3.jpg" at 2015-05-28 18:08:37 -0300[0m
Detecting locale EN
[0;32;49mCompleted 404 Not Found in 0.7ms

[0m
[0;97;49mStarted GET "/img/portfolio/4.jpg" at 2015-05-28 18:08:37 -0300[0m
Detecting locale EN
[0;32;49mCompleted 404 Not Found in 0.7ms

[0m
[0;97;49mStarted GET "/img/portfolio/5.jpg" at 2015-05-28 18:08:37 -0300[0m
Detecting locale EN
[0;32;49mCompleted 404 Not Found in 0.6ms

[0m
[0;97;49mStarted GET "/img/portfolio/6.jpg" at 2015-05-28 18:08:37 -0300[0m
Detecting locale EN
[0;32;49mCompleted 404 Not Found in 1.0ms

[0m
* Reloaded "pages", "snippets" at 2015-05-28 18:08:55 -0300
[0;97;49mStarted GET "/" at 2015-05-28 18:08:56 -0300[0m
Detecting locale EN
Found page "Index" [index]
  Rendered liquid page template
[0;32;49mCompleted 200 OK in 0.6ms

[0m
[0;97;49mStarted GET "/stylesheet/animate.min.css" at 2015-05-28 18:08:56 -0300[0m
Detecting locale EN
[0;97;49mStarted GET "/css/creative.css" at 2015-05-28 18:08:56 -0300[0m
[0;32;49mCompleted 404 Not Found in 2.1ms

[0m
[0;97;49mStarted GET "/img/portfolio/1.jpg" at 2015-05-28 18:08:56 -0300[0m
[0;97;49mStarted GET "/js/jquery.js" at 2015-05-28 18:08:56 -0300[0m
[0;97;49mStarted GET "/js/bootstrap.min.js" at 2015-05-28 18:08:56 -0300[0m
Detecting locale EN
Detecting locale EN
Detecting locale EN
Detecting locale EN
[0;32;49mCompleted 404 Not Found in 8.6ms

[0m
[0;32;49mCompleted 404 Not Found in 6.9ms

[0m
[0;32;49mCompleted 404 Not Found in 6.8ms

[0m
[0;97;49mStarted GET "/js/jquery.easing.min.js" at 2015-05-28 18:08:56 -0300[0m
[0;32;49mCompleted 404 Not Found in 6.7ms

[0m
[0;97;49mStarted GET "/js/jquery.fittext.js" at 2015-05-28 18:08:56 -0300[0m
Detecting locale EN
[0;97;49mStarted GET "/js/wow.min.js" at 2015-05-28 18:08:56 -0300[0m
[0;97;49mStarted GET "/js/creative.js" at 2015-05-28 18:08:56 -0300[0m
Detecting locale EN
[0;32;49mCompleted 404 Not Found in 5.1ms

[0m
[0;97;49mStarted GET "/img/portfolio/2.jpg" at 2015-05-28 18:08:56 -0300[0m
Detecting locale EN
Detecting locale EN
[0;32;49mCompleted 404 Not Found in 5.7ms

[0m
Detecting locale EN
[0;32;49mCompleted 404 Not Found in 5.1ms

[0m
[0;32;49mCompleted 404 Not Found in 4.8ms

[0m
[0;32;49mCompleted 404 Not Found in 4.7ms

[0m
[0;97;49mStarted GET "/img/portfolio/3.jpg" at 2015-05-28 18:08:56 -0300[0m
Detecting locale EN
[0;32;49mCompleted 404 Not Found in 0.8ms

[0m
[0;97;49mStarted GET "/img/portfolio/4.jpg" at 2015-05-28 18:08:56 -0300[0m
Detecting locale EN
[0;32;49mCompleted 404 Not Found in 1.0ms

[0m
[0;97;49mStarted GET "/img/portfolio/5.jpg" at 2015-05-28 18:08:56 -0300[0m
Detecting locale EN
[0;32;49mCompleted 404 Not Found in 1.2ms

[0m
[0;97;49mStarted GET "/img/portfolio/6.jpg" at 2015-05-28 18:08:56 -0300[0m
Detecting locale EN
[0;32;49mCompleted 404 Not Found in 0.7ms

[0m
* Reloaded "pages", "snippets" at 2015-05-28 18:09:08 -0300
[0;97;49mStarted GET "/" at 2015-05-28 18:09:10 -0300[0m
Detecting locale EN
Found page "Index" [index]
  Rendered liquid page template
[0;32;49mCompleted 200 OK in 0.8ms

[0m
[0;97;49mStarted GET "/img/portfolio/1.jpg" at 2015-05-28 18:09:10 -0300[0m
[0;97;49mStarted GET "/css/creative.css" at 2015-05-28 18:09:10 -0300[0m
[0;97;49mStarted GET "/js/jquery.js" at 2015-05-28 18:09:10 -0300[0m
[0;97;49mStarted GET "/js/bootstrap.min.js" at 2015-05-28 18:09:10 -0300[0m
[0;97;49mStarted GET "/js/jquery.easing.min.js" at 2015-05-28 18:09:10 -0300[0m
Detecting locale EN
Detecting locale EN
Detecting locale EN
Detecting locale EN
Detecting locale EN
[0;32;49mCompleted 404 Not Found in 5.2ms

[0m
[0;32;49mCompleted 404 Not Found in 5.1ms

[0m
[0;97;49mStarted GET "/js/jquery.fittext.js" at 2015-05-28 18:09:10 -0300[0m
[0;32;49mCompleted 404 Not Found in 4.9ms

[0m
[0;32;49mCompleted 404 Not Found in 5.3ms

[0m
[0;32;49mCompleted 404 Not Found in 5.6ms

[0m
Detecting locale EN
[0;97;49mStarted GET "/js/wow.min.js" at 2015-05-28 18:09:10 -0300[0m
[0;32;49mCompleted 404 Not Found in 5.4ms

[0m
[0;97;49mStarted GET "/js/creative.js" at 2015-05-28 18:09:10 -0300[0m
Detecting locale EN
Detecting locale EN
[0;32;49mCompleted 404 Not Found in 2.5ms

[0m
[0;32;49mCompleted 404 Not Found in 2.2ms

[0m
[0;97;49mStarted GET "/img/portfolio/2.jpg" at 2015-05-28 18:09:10 -0300[0m
Detecting locale EN
[0;32;49mCompleted 404 Not Found in 1.9ms

[0m
[0;97;49mStarted GET "/img/portfolio/3.jpg" at 2015-05-28 18:09:10 -0300[0m
Detecting locale EN
[0;32;49mCompleted 404 Not Found in 0.6ms

[0m
[0;97;49mStarted GET "/img/portfolio/4.jpg" at 2015-05-28 18:09:10 -0300[0m
Detecting locale EN
[0;32;49mCompleted 404 Not Found in 0.7ms

[0m
[0;97;49mStarted GET "/img/portfolio/5.jpg" at 2015-05-28 18:09:10 -0300[0m
Detecting locale EN
[0;32;49mCompleted 404 Not Found in 0.7ms

[0m
[0;97;49mStarted GET "/img/portfolio/6.jpg" at 2015-05-28 18:09:10 -0300[0m
Detecting locale EN
[0;32;49mCompleted 404 Not Found in 0.8ms

[0m
* Reloaded "pages", "snippets" at 2015-05-28 18:09:28 -0300
[0;97;49mStarted GET "/" at 2015-05-28 18:09:31 -0300[0m
Detecting locale EN
Found page "Index" [index]
  Rendered liquid page template
[0;32;49mCompleted 200 OK in 0.7ms

[0m
[0;97;49mStarted GET "/css/creative.css" at 2015-05-28 18:09:31 -0300[0m
Detecting locale EN
[0;32;49mCompleted 404 Not Found in 1.7ms

[0m
[0;97;49mStarted GET "/js/jquery.js" at 2015-05-28 18:09:31 -0300[0m
[0;97;49mStarted GET "/js/bootstrap.min.js" at 2015-05-28 18:09:31 -0300[0m
[0;97;49mStarted GET "/js/jquery.easing.min.js" at 2015-05-28 18:09:31 -0300[0m
Detecting locale EN
[0;97;49mStarted GET "/js/jquery.fittext.js" at 2015-05-28 18:09:31 -0300[0m
Detecting locale EN
[0;97;49mStarted GET "/js/creative.js" at 2015-05-28 18:09:31 -0300[0m
[0;97;49mStarted GET "/js/wow.min.js" at 2015-05-28 18:09:31 -0300[0m
Detecting locale EN
[0;32;49mCompleted 404 Not Found in 3.1ms

[0m
Detecting locale EN
[0;32;49mCompleted 404 Not Found in 3.7ms

[0m
Detecting locale EN
Detecting locale EN
[0;32;49mCompleted 404 Not Found in 4.5ms

[0m
[0;32;49mCompleted 404 Not Found in 5.2ms

[0m
[0;32;49mCompleted 404 Not Found in 5.8ms

[0m
[0;32;49mCompleted 404 Not Found in 6.1ms

[0m
[0;97;49mStarted GET "/img/portfolio/2.jpg" at 2015-05-28 18:09:31 -0300[0m
Detecting locale EN
[0;32;49mCompleted 404 Not Found in 1.7ms

[0m
[0;97;49mStarted GET "/img/portfolio/3.jpg" at 2015-05-28 18:09:31 -0300[0m
Detecting locale EN
[0;32;49mCompleted 404 Not Found in 0.7ms

[0m
[0;97;49mStarted GET "/img/portfolio/4.jpg" at 2015-05-28 18:09:31 -0300[0m
Detecting locale EN
[0;32;49mCompleted 404 Not Found in 0.6ms

[0m
[0;97;49mStarted GET "/img/portfolio/5.jpg" at 2015-05-28 18:09:31 -0300[0m
Detecting locale EN
[0;32;49mCompleted 404 Not Found in 1.0ms

[0m
[0;97;49mStarted GET "/img/portfolio/6.jpg" at 2015-05-28 18:09:31 -0300[0m
Detecting locale EN
[0;32;49mCompleted 404 Not Found in 1.0ms

[0m
* Reloaded "pages", "snippets" at 2015-05-28 18:09:45 -0300
* Reloaded "pages", "snippets" at 2015-05-28 18:09:49 -0300
* Reloaded "pages", "snippets" at 2015-05-28 18:09:54 -0300
* Reloaded "pages", "snippets" at 2015-05-28 18:09:57 -0300
* Reloaded "pages", "snippets" at 2015-05-28 18:10:02 -0300
* Reloaded "pages", "snippets" at 2015-05-28 18:10:03 -0300
[0;97;49mStarted GET "/" at 2015-05-28 18:10:04 -0300[0m
Detecting locale EN
Found page "Index" [index]
  Rendered liquid page template
[0;32;49mCompleted 200 OK in 0.8ms

[0m
[0;97;49mStarted GET "/css/creative.css" at 2015-05-28 18:10:04 -0300[0m
Detecting locale EN
[0;32;49mCompleted 404 Not Found in 0.9ms

[0m
[0;97;49mStarted GET "/js/jquery.js" at 2015-05-28 18:10:04 -0300[0m
[0;97;49mStarted GET "/js/bootstrap.min.js" at 2015-05-28 18:10:04 -0300[0m
[0;97;49mStarted GET "/js/jquery.easing.min.js" at 2015-05-28 18:10:04 -0300[0m
Detecting locale EN
[0;97;49mStarted GET "/js/jquery.fittext.js" at 2015-05-28 18:10:04 -0300[0m
[0;97;49mStarted GET "/js/wow.min.js" at 2015-05-28 18:10:04 -0300[0m
Detecting locale EN
[0;97;49mStarted GET "/js/creative.js" at 2015-05-28 18:10:04 -0300[0m
Detecting locale EN
[0;32;49mCompleted 404 Not Found in 6.8ms

[0m
Detecting locale EN
Detecting locale EN
[0;32;49mCompleted 404 Not Found in 6.8ms

[0m
Detecting locale EN
[0;32;49mCompleted 404 Not Found in 7.1ms

[0m
[0;32;49mCompleted 404 Not Found in 7.6ms

[0m
[0;32;49mCompleted 404 Not Found in 6.0ms

[0m
[0;32;49mCompleted 404 Not Found in 8.8ms

[0m
* Reloaded "pages", "snippets" at 2015-05-28 18:10:30 -0300
[0;97;49mStarted GET "/" at 2015-05-28 18:10:31 -0300[0m
Detecting locale EN
Found page "Index" [index]
  Rendered liquid page template
[0;32;49mCompleted 200 OK in 0.7ms

[0m
[0;97;49mStarted GET "/js/bootstrap.min.js" at 2015-05-28 18:10:31 -0300[0m
[0;97;49mStarted GET "/js/jquery.js" at 2015-05-28 18:10:31 -0300[0m
[0;97;49mStarted GET "/js/jquery.easing.min.js" at 2015-05-28 18:10:31 -0300[0m
[0;97;49mStarted GET "/js/jquery.fittext.js" at 2015-05-28 18:10:31 -0300[0m
Detecting locale EN
[0;97;49mStarted GET "/js/wow.min.js" at 2015-05-28 18:10:31 -0300[0m
Detecting locale EN
Detecting locale EN
Detecting locale EN
[0;32;49mCompleted 404 Not Found in 4.5ms

[0m
Detecting locale EN
[0;97;49mStarted GET "/js/creative.js" at 2015-05-28 18:10:31 -0300[0m
[0;32;49mCompleted 404 Not Found in 5.0ms

[0m
[0;32;49mCompleted 404 Not Found in 5.2ms

[0m
[0;32;49mCompleted 404 Not Found in 5.7ms

[0m
[0;32;49mCompleted 404 Not Found in 5.8ms

[0m
Detecting locale EN
[0;32;49mCompleted 404 Not Found in 7.7ms

[0m
[0;97;49mStarted GET "/img/header.jpg" at 2015-05-28 18:10:31 -0300[0m
Detecting locale EN
[0;32;49mCompleted 404 Not Found in 0.7ms

[0m
* Reloaded "pages", "snippets" at 2015-05-28 18:11:54 -0300
[0;97;49mStarted GET "/" at 2015-05-28 18:11:55 -0300[0m
Detecting locale EN
Found page "Index" [index]
  Rendered liquid page template
[0;32;49mCompleted 200 OK in 0.7ms

[0m
[0;97;49mStarted GET "/img/header.jpg" at 2015-05-28 18:11:55 -0300[0m
Detecting locale EN
[0;32;49mCompleted 404 Not Found in 1.8ms

[0m
[0;97;49mStarted GET "/" at 2015-05-28 18:16:11 -0300[0m
Detecting locale EN
Found page "Index" [index]
  Rendered liquid page template
[0;32;49mCompleted 200 OK in 0.8ms

[0m
* Reloaded "pages", "snippets" at 2015-05-28 18:18:41 -0300
[0;97;49mStarted GET "/" at 2015-05-28 18:18:43 -0300[0m
Detecting locale EN
Found page "Index" [index]
  Rendered liquid page template
[0;32;49mCompleted 200 OK in 0.6ms

[0m
* Reloaded "pages", "snippets" at 2015-05-28 18:19:48 -0300
[0;97;49mStarted GET "/" at 2015-05-28 18:19:49 -0300[0m
Detecting locale EN
Found page "Index" [index]
  Rendered liquid page template
[0;32;49mCompleted 200 OK in 0.9ms

[0m
* Reloaded "pages", "snippets" at 2015-05-28 18:20:07 -0300
[0;97;49mStarted GET "/" at 2015-05-28 18:20:08 -0300[0m
Detecting locale EN
Found page "Index" [index]
  Rendered liquid page template
[0;32;49mCompleted 200 OK in 0.7ms

[0m
* Reloaded "pages", "snippets" at 2015-05-28 18:20:12 -0300
[0;97;49mStarted GET "/" at 2015-05-28 18:20:14 -0300[0m
Detecting locale EN
Found page "Index" [index]
  Rendered liquid page template
[0;32;49mCompleted 200 OK in 0.7ms

[0m
* Reloaded "pages", "snippets" at 2015-05-28 18:21:35 -0300
[0;97;49mStarted GET "/" at 2015-05-28 18:21:36 -0300[0m
Detecting locale EN
Found page "Index" [index]
  Rendered liquid page template
[0;32;49mCompleted 200 OK in 0.7ms

[0m
* Reloaded "pages", "snippets" at 2015-05-28 18:23:22 -0300
[0;97;49mStarted GET "/" at 2015-05-28 18:23:23 -0300[0m
Detecting locale EN
Found page "Index" [index]
  Rendered liquid page template
[0;32;49mCompleted 200 OK in 0.7ms

[0m
* Reloaded "pages", "snippets" at 2015-05-28 18:24:17 -0300
[0;97;49mStarted GET "/" at 2015-05-28 18:24:20 -0300[0m
Detecting locale EN
Found page "Index" [index]
  Rendered liquid page template
[0;32;49mCompleted 200 OK in 0.8ms

[0m
* Reloaded "pages", "snippets" at 2015-05-28 18:24:45 -0300
[0;97;49mStarted GET "/" at 2015-05-28 18:24:46 -0300[0m
Detecting locale EN
Found page "Index" [index]
  Rendered liquid page template
[0;32;49mCompleted 200 OK in 0.9ms

[0m
* Reloaded "pages", "snippets" at 2015-05-28 18:28:03 -0300
[0;97;49mStarted GET "/" at 2015-05-28 18:28:06 -0300[0m
Detecting locale EN
Found page "Index" [index]
  Rendered liquid page template
[0;32;49mCompleted 200 OK in 2.3ms

[0m
* Reloaded "pages", "snippets" at 2015-05-28 18:30:51 -0300
* Reloaded "pages", "snippets" at 2015-05-28 18:31:06 -0300
[0;97;49mStarted GET "/" at 2015-05-28 18:31:11 -0300[0m
Detecting locale EN
Found page "Index" [index]
  Rendered liquid page template
[0;32;49mCompleted 200 OK in 0.7ms

[0m
* Reloaded "pages", "snippets" at 2015-05-28 18:32:31 -0300
* Reloaded "pages", "snippets" at 2015-05-28 18:32:54 -0300
[0;97;49mStarted GET "/" at 2015-05-28 18:32:56 -0300[0m
Detecting locale EN
Found page "Index" [index]
  Rendered liquid page template
[0;32;49mCompleted 200 OK in 1.1ms

[0m
* Reloaded "pages", "snippets" at 2015-05-28 18:34:38 -0300
* Reloaded "pages", "snippets" at 2015-05-28 18:34:42 -0300
[0;97;49mStarted GET "/" at 2015-05-28 18:34:44 -0300[0m
Detecting locale EN
Found page "Index" [index]
  Rendered liquid page template
[0;32;49mCompleted 200 OK in 0.6ms

[0m
* Reloaded "pages", "snippets" at 2015-05-28 18:34:57 -0300
[0;97;49mStarted GET "/" at 2015-05-28 18:34:58 -0300[0m
Detecting locale EN
Found page "Index" [index]
  Rendered liquid page template
[0;32;49mCompleted 200 OK in 0.6ms

[0m
* Reloaded "pages", "snippets" at 2015-05-28 18:35:07 -0300
* Reloaded "pages", "snippets" at 2015-05-28 18:35:10 -0300
* Reloaded "pages", "snippets" at 2015-05-28 18:35:25 -0300
* Reloaded "pages", "snippets" at 2015-05-28 18:35:43 -0300
* Reloaded "pages", "snippets" at 2015-05-28 18:35:50 -0300
[0;97;49mStarted GET "/" at 2015-05-28 18:35:52 -0300[0m
Detecting locale EN
Found page "Index" [index]
  Rendered liquid page template
[0;32;49mCompleted 200 OK in 0.6ms

[0m
* Reloaded "pages", "snippets" at 2015-05-28 18:36:35 -0300
[0;97;49mStarted GET "/" at 2015-05-28 18:36:38 -0300[0m
Detecting locale EN
Found page "Index" [index]
  Rendered liquid page template
[0;32;49mCompleted 200 OK in 0.8ms

[0m
* Reloaded "pages", "snippets" at 2015-05-28 18:37:29 -0300
[0;97;49mStarted GET "/" at 2015-05-28 18:37:31 -0300[0m
Detecting locale EN
Found page "Index" [index]
  Rendered liquid page template
[0;32;49mCompleted 200 OK in 0.8ms

[0m
* Reloaded "pages", "snippets" at 2015-05-28 18:38:00 -0300
* Reloaded "pages", "snippets" at 2015-05-28 18:38:19 -0300
[0;97;49mStarted GET "/" at 2015-05-28 18:38:22 -0300[0m
Detecting locale EN
Found page "Index" [index]
  Rendered liquid page template
[0;32;49mCompleted 200 OK in 0.7ms

[0m
* Reloaded "pages", "snippets" at 2015-05-28 18:42:43 -0300
* Reloaded "pages", "snippets" at 2015-05-28 18:43:04 -0300
* Reloaded "pages", "snippets" at 2015-05-28 18:43:37 -0300
* Reloaded "pages", "snippets" at 2015-05-28 18:43:50 -0300
* Reloaded "pages", "snippets" at 2015-05-28 18:44:02 -0300
* Reloaded "pages", "snippets" at 2015-05-28 18:44:10 -0300
* Reloaded "pages", "snippets" at 2015-05-28 18:44:42 -0300
* Reloaded "pages", "snippets" at 2015-05-28 18:44:54 -0300
[0;97;49mStarted GET "/" at 2015-05-28 18:44:58 -0300[0m
Detecting locale EN
Found page "Index" [index]
  Rendered liquid page template
[0;32;49mCompleted 200 OK in 0.8ms

[0m
[0;97;49mStarted GET "/" at 2015-05-28 18:50:04 -0300[0m
Detecting locale EN
Found page "Index" [index]
  Rendered liquid page template
[0;32;49mCompleted 200 OK in 0.7ms

[0m
* Reloaded "pages", "snippets" at 2015-05-28 18:50:22 -0300
[0;97;49mStarted GET "/" at 2015-05-28 18:50:24 -0300[0m
Detecting locale EN
Found page "Index" [index]
  Rendered liquid page template
[0;32;49mCompleted 200 OK in 0.6ms

[0m
* Reloaded "pages", "snippets" at 2015-05-28 18:51:09 -0300
[0;97;49mStarted GET "/" at 2015-05-28 18:51:11 -0300[0m
Detecting locale EN
Found page "Index" [index]
  Rendered liquid page template
[0;32;49mCompleted 200 OK in 0.7ms

[0m
* Reloaded "pages", "snippets" at 2015-05-28 18:51:37 -0300
[0;97;49mStarted GET "/" at 2015-05-28 18:51:39 -0300[0m
Detecting locale EN
Found page "Index" [index]
  Rendered liquid page template
[0;32;49mCompleted 200 OK in 1.0ms

[0m
* Reloaded "pages", "snippets" at 2015-05-28 18:52:14 -0300
[0;97;49mStarted GET "/" at 2015-05-28 18:52:22 -0300[0m
Detecting locale EN
Found page "Index" [index]
  Rendered liquid page template
[0;32;49mCompleted 200 OK in 0.7ms

[0m
[0;97;49mStarted GET "/" at 2015-05-28 18:52:23 -0300[0m
Detecting locale EN
Found page "Index" [index]
  Rendered liquid page template
[0;32;49mCompleted 200 OK in 0.8ms

[0m
[0;97;49mStarted GET "/" at 2015-05-28 18:52:24 -0300[0m
Detecting locale EN
Found page "Index" [index]
  Rendered liquid page template
[0;32;49mCompleted 200 OK in 0.9ms

[0m
* Reloaded "pages", "snippets" at 2015-05-28 18:53:17 -0300
[0;97;49mStarted GET "/" at 2015-05-28 18:53:19 -0300[0m
Detecting locale EN
Found page "Index" [index]
  Rendered liquid page template
[0;32;49mCompleted 200 OK in 0.5ms

[0m
* Reloaded "pages", "snippets" at 2015-05-28 18:54:05 -0300
[0;97;49mStarted GET "/" at 2015-05-28 18:54:07 -0300[0m
Detecting locale EN
Found page "Index" [index]
  Rendered liquid page template
[0;32;49mCompleted 200 OK in 0.7ms

[0m
[0;97;49mStarted GET "/" at 2015-05-28 18:54:08 -0300[0m
Detecting locale EN
Found page "Index" [index]
  Rendered liquid page template
[0;32;49mCompleted 200 OK in 1.2ms

[0m
[0;97;49mStarted GET "/" at 2015-05-28 18:54:08 -0300[0m
Detecting locale EN
Found page "Index" [index]
  Rendered liquid page template
[0;32;49mCompleted 200 OK in 0.9ms

[0m
[0;97;49mStarted GET "/" at 2015-05-28 18:54:09 -0300[0m
Detecting locale EN
Found page "Index" [index]
  Rendered liquid page template
[0;32;49mCompleted 200 OK in 1.0ms

[0m
[0;97;49mStarted GET "/" at 2015-05-28 18:55:00 -0300[0m
Detecting locale EN
Found page "Index" [index]
  Rendered liquid page template
[0;32;49mCompleted 200 OK in 0.8ms

[0m
[0;97;49mStarted GET "/" at 2015-05-28 18:55:01 -0300[0m
Detecting locale EN
Found page "Index" [index]
  Rendered liquid page template
[0;32;49mCompleted 200 OK in 0.7ms

[0m
[0;97;49mStarted GET "/" at 2015-05-28 18:55:02 -0300[0m
Detecting locale EN
Found page "Index" [index]
  Rendered liquid page template
[0;32;49mCompleted 200 OK in 1.0ms

[0m
[0;97;49mStarted GET "/" at 2015-05-28 18:55:03 -0300[0m
Detecting locale EN
Found page "Index" [index]
  Rendered liquid page template
[0;32;49mCompleted 200 OK in 0.7ms

[0m
[0;97;49mStarted GET "/" at 2015-05-28 18:55:04 -0300[0m
Detecting locale EN
Found page "Index" [index]
  Rendered liquid page template
[0;32;49mCompleted 200 OK in 0.7ms

[0m
[0;97;49mStarted GET "/" at 2015-05-28 18:55:04 -0300[0m
Detecting locale EN
Found page "Index" [index]
  Rendered liquid page template
[0;32;49mCompleted 200 OK in 0.7ms

[0m
[0;97;49mStarted GET "/" at 2015-05-28 18:55:05 -0300[0m
Detecting locale EN
Found page "Index" [index]
  Rendered liquid page template
[0;32;49mCompleted 200 OK in 0.7ms

[0m
[0;97;49mStarted GET "/" at 2015-05-28 18:55:06 -0300[0m
Detecting locale EN
Found page "Index" [index]
  Rendered liquid page template
[0;32;49mCompleted 200 OK in 0.9ms

[0m
[0;97;49mStarted GET "/" at 2015-05-28 18:55:06 -0300[0m
Detecting locale EN
Found page "Index" [index]
  Rendered liquid page template
[0;32;49mCompleted 200 OK in 0.9ms

[0m
[0;97;49mStarted GET "/" at 2015-05-28 18:55:07 -0300[0m
Detecting locale EN
Found page "Index" [index]
  Rendered liquid page template
[0;32;49mCompleted 200 OK in 4.3ms

[0m
[0;97;49mStarted GET "/" at 2015-05-28 18:55:08 -0300[0m
Detecting locale EN
Found page "Index" [index]
  Rendered liquid page template
[0;32;49mCompleted 200 OK in 0.9ms

[0m
[0;97;49mStarted GET "/" at 2015-05-28 18:55:08 -0300[0m
Detecting locale EN
Found page "Index" [index]
  Rendered liquid page template
[0;32;49mCompleted 200 OK in 0.7ms

[0m
[0;97;49mStarted GET "/" at 2015-05-28 18:55:09 -0300[0m
Detecting locale EN
Found page "Index" [index]
  Rendered liquid page template
[0;32;49mCompleted 200 OK in 0.8ms

[0m
* Reloaded "pages", "snippets" at 2015-05-28 18:58:43 -0300
[0;97;49mStarted GET "/" at 2015-05-28 18:58:52 -0300[0m
Detecting locale EN
Found page "Index" [index]
  Rendered liquid page template
[0;32;49mCompleted 200 OK in 0.8ms

[0m
[0;97;49mStarted GET "/" at 2015-05-28 18:58:53 -0300[0m
Detecting locale EN
Found page "Index" [index]
  Rendered liquid page template
[0;32;49mCompleted 200 OK in 0.7ms

[0m
[0;97;49mStarted GET "/" at 2015-05-28 18:58:55 -0300[0m
Detecting locale EN
Found page "Index" [index]
  Rendered liquid page template
[0;32;49mCompleted 200 OK in 0.6ms

[0m
[0;97;49mStarted GET "/" at 2015-05-28 18:59:27 -0300[0m
Detecting locale EN
Found page "Index" [index]
  Rendered liquid page template
[0;32;49mCompleted 200 OK in 0.7ms

[0m
[0;97;49mStarted GET "/" at 2015-05-28 18:59:28 -0300[0m
Detecting locale EN
Found page "Index" [index]
  Rendered liquid page template
[0;32;49mCompleted 200 OK in 0.7ms

[0m
[0;97;49mStarted GET "/" at 2015-05-28 18:59:29 -0300[0m
Detecting locale EN
Found page "Index" [index]
  Rendered liquid page template
[0;32;49mCompleted 200 OK in 0.9ms

[0m
[0;97;49mStarted GET "/" at 2015-05-28 18:59:30 -0300[0m
Detecting locale EN
Found page "Index" [index]
  Rendered liquid page template
[0;32;49mCompleted 200 OK in 2.7ms

[0m
* Reloaded "pages", "snippets" at 2015-05-28 19:00:16 -0300
* Reloaded "pages", "snippets" at 2015-05-28 19:00:16 -0300
* Reloaded "pages", "snippets" at 2015-05-28 19:00:17 -0300
[0;97;49mStarted GET "/" at 2015-05-28 19:00:45 -0300[0m
Detecting locale EN
Found page "Index" [index]
  Rendered liquid page template
[0;32;49mCompleted 200 OK in 0.8ms

[0m
[0;97;49mStarted GET "/" at 2015-05-28 19:00:46 -0300[0m
Detecting locale EN
Found page "Index" [index]
  Rendered liquid page template
[0;32;49mCompleted 200 OK in 0.7ms

[0m
[0;97;49mStarted GET "/" at 2015-05-28 19:04:21 -0300[0m
Detecting locale EN
Found page "Index" [index]
  Rendered liquid page template
[0;32;49mCompleted 200 OK in 0.7ms

[0m
[0;97;49mStarted GET "/" at 2015-05-28 19:04:22 -0300[0m
Detecting locale EN
Found page "Index" [index]
  Rendered liquid page template
[0;32;49mCompleted 200 OK in 0.8ms

[0m
[0;97;49mStarted GET "/" at 2015-05-28 19:04:23 -0300[0m
Detecting locale EN
Found page "Index" [index]
  Rendered liquid page template
[0;32;49mCompleted 200 OK in 2.0ms

[0m
* Reloaded "pages", "snippets" at 2015-05-28 19:05:40 -0300
* Reloaded "pages", "snippets" at 2015-05-28 19:05:44 -0300
* Reloaded "pages", "snippets" at 2015-05-28 19:05:44 -0300
* Reloaded "pages", "snippets" at 2015-05-28 19:05:44 -0300
* Reloaded "pages", "snippets" at 2015-05-28 19:05:44 -0300
* Reloaded "pages", "snippets" at 2015-05-28 19:05:44 -0300
* Reloaded "pages", "snippets" at 2015-05-28 19:05:44 -0300
* Reloaded "pages", "snippets" at 2015-05-28 19:05:45 -0300
* Reloaded "pages", "snippets" at 2015-05-28 19:05:45 -0300
[0;97;49mStarted GET "/" at 2015-05-28 19:05:49 -0300[0m
Detecting locale EN
Found page "Index" [index]
  Rendered liquid page template
[0;32;49mCompleted 200 OK in 1.2ms

[0m
[0;97;49mStarted GET "/" at 2015-05-28 19:05:50 -0300[0m
Detecting locale EN
Found page "Index" [index]
  Rendered liquid page template
[0;32;49mCompleted 200 OK in 1.8ms

[0m
[0;97;49mStarted GET "/" at 2015-05-28 19:05:51 -0300[0m
Detecting locale EN
Found page "Index" [index]
  Rendered liquid page template
[0;32;49mCompleted 200 OK in 0.8ms

[0m
[0;97;49mStarted GET "/" at 2015-05-28 19:05:52 -0300[0m
Detecting locale EN
Found page "Index" [index]
  Rendered liquid page template
[0;32;49mCompleted 200 OK in 0.9ms

[0m
[0;97;49mStarted GET "/" at 2015-05-28 19:05:53 -0300[0m
Detecting locale EN
Found page "Index" [index]
  Rendered liquid page template
[0;32;49mCompleted 200 OK in 0.7ms

[0m
* Reloaded "pages", "snippets" at 2015-05-28 19:06:22 -0300
[0;97;49mStarted GET "/" at 2015-05-28 19:06:24 -0300[0m
Detecting locale EN
Found page "Index" [index]
  Rendered liquid page template
[0;32;49mCompleted 200 OK in 0.9ms

[0m
[0;97;49mStarted GET "/" at 2015-05-28 19:06:25 -0300[0m
Detecting locale EN
Found page "Index" [index]
  Rendered liquid page template
[0;32;49mCompleted 200 OK in 0.7ms

[0m
[0;97;49mStarted GET "/" at 2015-05-28 19:06:26 -0300[0m
Detecting locale EN
Found page "Index" [index]
  Rendered liquid page template
[0;32;49mCompleted 200 OK in 0.9ms

[0m
[0;97;49mStarted GET "/" at 2015-05-28 19:06:38 -0300[0m
Detecting locale EN
Found page "Index" [index]
  Rendered liquid page template
[0;32;49mCompleted 200 OK in 0.6ms

[0m
[0;97;49mStarted GET "/" at 2015-05-28 19:06:39 -0300[0m
Detecting locale EN
Found page "Index" [index]
  Rendered liquid page template
[0;32;49mCompleted 200 OK in 0.9ms

[0m
[0;97;49mStarted GET "/" at 2015-05-28 19:06:40 -0300[0m
Detecting locale EN
Found page "Index" [index]
  Rendered liquid page template
[0;32;49mCompleted 200 OK in 0.7ms

[0m
[0;97;49mStarted GET "/" at 2015-05-28 19:06:41 -0300[0m
Detecting locale EN
Found page "Index" [index]
  Rendered liquid page template
[0;32;49mCompleted 200 OK in 0.9ms

[0m
[0;97;49mStarted GET "/" at 2015-05-28 19:06:42 -0300[0m
Detecting locale EN
Found page "Index" [index]
  Rendered liquid page template
[0;32;49mCompleted 200 OK in 0.7ms

[0m
[0;97;49mStarted GET "/" at 2015-05-28 19:06:43 -0300[0m
Detecting locale EN
Found page "Index" [index]
  Rendered liquid page template
[0;32;49mCompleted 200 OK in 0.6ms

[0m
[0;97;49mStarted GET "/" at 2015-05-28 19:06:44 -0300[0m
Detecting locale EN
Found page "Index" [index]
  Rendered liquid page template
[0;32;49mCompleted 200 OK in 0.9ms

[0m
[0;97;49mStarted GET "/" at 2015-05-28 19:06:45 -0300[0m
Detecting locale EN
Found page "Index" [index]
  Rendered liquid page template
[0;32;49mCompleted 200 OK in 0.9ms

[0m
[0;97;49mStarted GET "/" at 2015-05-28 19:06:45 -0300[0m
Detecting locale EN
Found page "Index" [index]
  Rendered liquid page template
[0;32;49mCompleted 200 OK in 1.1ms

[0m
[0;97;49mStarted GET "/" at 2015-05-28 19:06:47 -0300[0m
Detecting locale EN
Found page "Index" [index]
  Rendered liquid page template
[0;32;49mCompleted 200 OK in 0.8ms

[0m
[0;97;49mStarted GET "/" at 2015-05-28 19:06:48 -0300[0m
Detecting locale EN
Found page "Index" [index]
  Rendered liquid page template
[0;32;49mCompleted 200 OK in 0.9ms

[0m
[0;97;49mStarted GET "/" at 2015-05-28 19:06:48 -0300[0m
Detecting locale EN
Found page "Index" [index]
  Rendered liquid page template
[0;32;49mCompleted 200 OK in 0.7ms

[0m
* Reloaded "pages", "snippets" at 2015-05-28 19:07:14 -0300
* Reloaded "pages", "snippets" at 2015-05-28 19:07:21 -0300
[0;97;49mStarted GET "/" at 2015-05-28 19:07:23 -0300[0m
Detecting locale EN
Found page "Index" [index]
  Rendered liquid page template
[0;32;49mCompleted 200 OK in 0.7ms

[0m
[0;97;49mStarted GET "/" at 2015-05-28 19:07:24 -0300[0m
Detecting locale EN
Found page "Index" [index]
  Rendered liquid page template
[0;32;49mCompleted 200 OK in 0.7ms

[0m
[0;97;49mStarted GET "/" at 2015-05-28 19:07:25 -0300[0m
Detecting locale EN
Found page "Index" [index]
  Rendered liquid page template
[0;32;49mCompleted 200 OK in 0.7ms

[0m
[0;97;49mStarted GET "/" at 2015-05-28 19:07:25 -0300[0m
Detecting locale EN
Found page "Index" [index]
  Rendered liquid page template
[0;32;49mCompleted 200 OK in 0.8ms

[0m
[0;97;49mStarted GET "/" at 2015-05-28 19:07:26 -0300[0m
Detecting locale EN
Found page "Index" [index]
  Rendered liquid page template
[0;32;49mCompleted 200 OK in 2.3ms

[0m
[0;97;49mStarted GET "/" at 2015-05-28 19:07:27 -0300[0m
Detecting locale EN
Found page "Index" [index]
  Rendered liquid page template
[0;32;49mCompleted 200 OK in 0.7ms

[0m
* Reloaded "pages", "snippets" at 2015-05-28 19:07:56 -0300
[0;97;49mStarted GET "/" at 2015-05-28 19:07:57 -0300[0m
Detecting locale EN
Found page "Index" [index]
  Rendered liquid page template
[0;32;49mCompleted 200 OK in 0.6ms

[0m
[0;97;49mStarted GET "/" at 2015-05-28 19:07:58 -0300[0m
Detecting locale EN
Found page "Index" [index]
  Rendered liquid page template
[0;32;49mCompleted 200 OK in 0.9ms

[0m
* Reloaded "pages", "snippets" at 2015-05-28 19:08:11 -0300
[0;97;49mStarted GET "/" at 2015-05-28 19:08:13 -0300[0m
Detecting locale EN
Found page "Index" [index]
  Rendered liquid page template
[0;32;49mCompleted 200 OK in 0.7ms

[0m
* Reloaded "pages", "snippets" at 2015-05-28 19:09:26 -0300
[0;97;49mStarted GET "/" at 2015-05-28 19:09:29 -0300[0m
Detecting locale EN
Found page "Index" [index]
  Rendered liquid page template
[0;32;49mCompleted 200 OK in 0.6ms

[0m
* Reloaded "pages", "snippets" at 2015-05-28 19:10:03 -0300
[0;97;49mStarted GET "/" at 2015-05-28 19:10:05 -0300[0m
Detecting locale EN
Found page "Index" [index]
  Rendered liquid page template
[0;32;49mCompleted 200 OK in 0.6ms

[0m
* Reloaded "pages", "snippets" at 2015-05-28 19:10:12 -0300
[0;97;49mStarted GET "/" at 2015-05-28 19:10:13 -0300[0m
Detecting locale EN
Found page "Index" [index]
  Rendered liquid page template
[0;32;49mCompleted 200 OK in 0.6ms

[0m
* Reloaded "pages", "snippets" at 2015-05-28 19:10:24 -0300
[0;97;49mStarted GET "/" at 2015-05-28 19:10:25 -0300[0m
Detecting locale EN
Found page "Index" [index]
  Rendered liquid page template
[0;32;49mCompleted 200 OK in 0.8ms

[0m
* Reloaded "pages", "snippets" at 2015-05-28 19:11:06 -0300
[0;97;49mStarted GET "/" at 2015-05-28 19:11:07 -0300[0m
Detecting locale EN
Found page "Index" [index]
  Rendered liquid page template
[0;32;49mCompleted 200 OK in 0.7ms

[0m
* Reloaded "pages", "snippets" at 2015-05-28 19:11:19 -0300
[0;97;49mStarted GET "/" at 2015-05-28 19:11:21 -0300[0m
Detecting locale EN
Found page "Index" [index]
  Rendered liquid page template
[0;32;49mCompleted 200 OK in 0.7ms

[0m
* Reloaded "pages", "snippets" at 2015-05-28 19:11:43 -0300
[0;97;49mStarted GET "/" at 2015-05-28 19:11:45 -0300[0m
Detecting locale EN
Found page "Index" [index]
  Rendered liquid page template
[0;32;49mCompleted 200 OK in 0.7ms

[0m
* Reloaded "pages", "snippets" at 2015-05-28 19:11:54 -0300
[0;97;49mStarted GET "/" at 2015-05-28 19:11:55 -0300[0m
Detecting locale EN
Found page "Index" [index]
  Rendered liquid page template
[0;32;49mCompleted 200 OK in 0.7ms

[0m
* Reloaded "pages", "snippets" at 2015-05-28 19:12:03 -0300
[0;97;49mStarted GET "/" at 2015-05-28 19:12:04 -0300[0m
Detecting locale EN
Found page "Index" [index]
  Rendered liquid page template
[0;32;49mCompleted 200 OK in 0.8ms

[0m
* Reloaded "pages", "snippets" at 2015-05-28 19:12:25 -0300
[0;97;49mStarted GET "/" at 2015-05-28 19:12:27 -0300[0m
Detecting locale EN
Found page "Index" [index]
  Rendered liquid page template
[0;32;49mCompleted 200 OK in 0.8ms

[0m
* Reloaded "pages", "snippets" at 2015-05-28 19:12:35 -0300
[0;97;49mStarted GET "/" at 2015-05-28 19:12:36 -0300[0m
Detecting locale EN
Found page "Index" [index]
  Rendered liquid page template
[0;32;49mCompleted 200 OK in 0.6ms

[0m
* Reloaded "pages", "snippets" at 2015-05-28 19:13:30 -0300
[0;97;49mStarted GET "/" at 2015-05-28 19:13:31 -0300[0m
Detecting locale EN
Found page "Index" [index]
  Rendered liquid page template
[0;32;49mCompleted 200 OK in 0.6ms

[0m
* Reloaded "pages", "snippets" at 2015-05-28 19:19:38 -0300
[0;97;49mStarted GET "/" at 2015-05-28 19:19:39 -0300[0m
Detecting locale EN
Found page "Index" [index]
  Rendered liquid page template
[0;32;49mCompleted 200 OK in 0.6ms

[0m
* Reloaded "pages", "snippets" at 2015-05-28 19:20:39 -0300
* Reloaded "pages", "snippets" at 2015-05-28 19:20:41 -0300
* Reloaded "pages", "snippets" at 2015-05-28 19:20:42 -0300
[0;97;49mStarted GET "/" at 2015-05-28 19:20:43 -0300[0m
Detecting locale EN
Found page "Index" [index]
  Rendered liquid page template
[0;32;49mCompleted 200 OK in 0.8ms

[0m
* Reloaded "pages", "snippets" at 2015-05-28 19:21:09 -0300
[0;97;49mStarted GET "/" at 2015-05-28 19:21:12 -0300[0m
Detecting locale EN
Found page "Index" [index]
  Rendered liquid page template
[0;32;49mCompleted 200 OK in 2.4ms

[0m
* Reloaded "pages", "snippets" at 2015-05-28 19:22:21 -0300
* Reloaded "pages", "snippets" at 2015-05-28 19:23:03 -0300
* Reloaded "pages", "snippets" at 2015-05-28 19:23:04 -0300
[0;97;49mStarted GET "/" at 2015-05-28 19:23:05 -0300[0m
Detecting locale EN
Found page "Index" [index]
  Rendered liquid page template
[0;32;49mCompleted 200 OK in 0.8ms

[0m
[0;97;49mStarted GET "/" at 2015-05-28 19:23:25 -0300[0m
Detecting locale EN
Found page "Index" [index]
  Rendered liquid page template
[0;32;49mCompleted 200 OK in 1.1ms

[0m
* Reloaded "pages", "snippets" at 2015-05-28 19:23:48 -0300
[0;97;49mStarted GET "/" at 2015-05-28 19:23:49 -0300[0m
Detecting locale EN
Found page "Index" [index]
  Rendered liquid page template
[0;32;49mCompleted 200 OK in 0.6ms

[0m
* Reloaded "pages", "snippets" at 2015-05-28 19:24:03 -0300
[0;97;49mStarted GET "/" at 2015-05-28 19:24:05 -0300[0m
Detecting locale EN
Found page "Index" [index]
  Rendered liquid page template
[0;32;49mCompleted 200 OK in 0.8ms

[0m
[0;97;49mStarted GET "/" at 2015-05-28 19:25:22 -0300[0m
Detecting locale EN
Found page "Index" [index]
  Rendered liquid page template
[0;32;49mCompleted 200 OK in 0.8ms

[0m
* Reloaded "pages", "snippets" at 2015-05-28 19:25:44 -0300
[0;97;49mStarted GET "/" at 2015-05-28 19:25:45 -0300[0m
Detecting locale EN
Found page "Index" [index]
  Rendered liquid page template
[0;32;49mCompleted 200 OK in 0.7ms

[0m
* Reloaded "pages", "snippets" at 2015-05-28 19:29:45 -0300
[0;97;49mStarted GET "/" at 2015-05-28 19:29:48 -0300[0m
Detecting locale EN
Found page "Index" [index]
  Rendered liquid page template
[0;32;49mCompleted 200 OK in 0.7ms

[0m
* Reloaded "pages", "snippets" at 2015-05-28 19:30:28 -0300
* Reloaded "pages", "snippets" at 2015-05-28 19:30:49 -0300
[0;97;49mStarted GET "/" at 2015-05-28 19:30:52 -0300[0m
Detecting locale EN
Found page "Index" [index]
  Rendered liquid page template
[0;32;49mCompleted 200 OK in 0.7ms

[0m
* Reloaded "pages", "snippets" at 2015-05-28 19:31:15 -0300
[0;97;49mStarted GET "/" at 2015-05-28 19:31:16 -0300[0m
Detecting locale EN
Found page "Index" [index]
  Rendered liquid page template
[0;32;49mCompleted 200 OK in 0.6ms

[0m
* Reloaded "pages", "snippets" at 2015-05-28 19:31:36 -0300
[0;97;49mStarted GET "/" at 2015-05-28 19:31:38 -0300[0m
Detecting locale EN
Found page "Index" [index]
  Rendered liquid page template
[0;32;49mCompleted 200 OK in 0.6ms

[0m
* Reloaded "pages", "snippets" at 2015-05-28 19:32:54 -0300
[0;97;49mStarted GET "/" at 2015-05-28 19:32:58 -0300[0m
Detecting locale EN
Found page "Index" [index]
  Rendered liquid page template
[0;32;49mCompleted 200 OK in 0.6ms

[0m
* Reloaded "pages", "snippets" at 2015-05-28 19:34:09 -0300
* Reloaded "pages", "snippets" at 2015-05-28 19:34:11 -0300
[0;97;49mStarted GET "/" at 2015-05-28 19:34:17 -0300[0m
Detecting locale EN
Found page "Index" [index]
  Rendered liquid page template
[0;32;49mCompleted 200 OK in 1.0ms

[0m
* Reloaded "pages", "snippets" at 2015-05-28 19:34:31 -0300
[0;97;49mStarted GET "/" at 2015-05-28 19:34:32 -0300[0m
Detecting locale EN
Found page "Index" [index]
  Rendered liquid page template
[0;32;49mCompleted 200 OK in 0.7ms

[0m
* Reloaded "pages", "snippets" at 2015-05-28 19:34:46 -0300
[0;97;49mStarted GET "/" at 2015-05-28 19:34:47 -0300[0m
Detecting locale EN
Found page "Index" [index]
  Rendered liquid page template
[0;32;49mCompleted 200 OK in 0.6ms

[0m
* Reloaded "pages", "snippets" at 2015-05-28 19:35:01 -0300
[0;97;49mStarted GET "/" at 2015-05-28 19:35:03 -0300[0m
Detecting locale EN
Found page "Index" [index]
  Rendered liquid page template
[0;32;49mCompleted 200 OK in 0.8ms

[0m
* Reloaded "pages", "snippets" at 2015-05-28 19:35:08 -0300
* Reloaded "pages", "snippets" at 2015-05-28 19:35:35 -0300
* Reloaded "pages", "snippets" at 2015-05-28 19:36:18 -0300
[0;97;49mStarted GET "/" at 2015-05-28 19:36:20 -0300[0m
Detecting locale EN
Found page "Index" [index]
  Rendered liquid page template
[0;32;49mCompleted 200 OK in 0.6ms

[0m
[0;97;49mStarted GET "/" at 2015-05-28 19:36:21 -0300[0m
Detecting locale EN
Found page "Index" [index]
  Rendered liquid page template
[0;32;49mCompleted 200 OK in 0.6ms

[0m
[0;97;49mStarted GET "/" at 2015-05-28 19:36:22 -0300[0m
Detecting locale EN
Found page "Index" [index]
  Rendered liquid page template
[0;32;49mCompleted 200 OK in 1.4ms

[0m
[0;97;49mStarted GET "/" at 2015-05-28 19:36:25 -0300[0m
Detecting locale EN
Found page "Index" [index]
  Rendered liquid page template
[0;32;49mCompleted 200 OK in 1.3ms

[0m
[0;97;49mStarted GET "/" at 2015-05-28 19:36:26 -0300[0m
Detecting locale EN
Found page "Index" [index]
  Rendered liquid page template
[0;32;49mCompleted 200 OK in 1.2ms

[0m
[0;97;49mStarted GET "/" at 2015-05-28 19:36:27 -0300[0m
Detecting locale EN
Found page "Index" [index]
  Rendered liquid page template
[0;32;49mCompleted 200 OK in 0.8ms

[0m
* Reloaded "pages", "snippets" at 2015-05-28 19:36:35 -0300
[0;97;49mStarted GET "/" at 2015-05-28 19:36:37 -0300[0m
Detecting locale EN
Found page "Index" [index]
  Rendered liquid page template
[0;32;49mCompleted 200 OK in 0.7ms

[0m
* Reloaded "pages", "snippets" at 2015-05-28 19:36:54 -0300
[0;97;49mStarted GET "/" at 2015-05-28 19:36:57 -0300[0m
Detecting locale EN
Found page "Index" [index]
  Rendered liquid page template
[0;32;49mCompleted 200 OK in 0.6ms

[0m
* Reloaded "pages", "snippets" at 2015-05-28 19:39:36 -0300
[0;97;49mStarted GET "/" at 2015-05-28 19:39:42 -0300[0m
Detecting locale EN
Found page "Index" [index]
  Rendered liquid page template
[0;32;49mCompleted 200 OK in 0.9ms

[0m
* Reloaded "pages", "snippets" at 2015-05-28 19:40:59 -0300
[0;97;49mStarted GET "/" at 2015-05-28 19:41:02 -0300[0m
Detecting locale EN
Found page "Index" [index]
  Rendered liquid page template
[0;32;49mCompleted 200 OK in 0.6ms

[0m
[0;97;49mStarted GET "/" at 2015-05-28 19:41:03 -0300[0m
Detecting locale EN
Found page "Index" [index]
  Rendered liquid page template
[0;32;49mCompleted 200 OK in 1.3ms

[0m
* Reloaded "pages", "snippets" at 2015-05-28 19:41:19 -0300
* Reloaded "pages", "snippets" at 2015-05-28 19:41:30 -0300
[0;97;49mStarted GET "/" at 2015-05-28 19:41:31 -0300[0m
Detecting locale EN
Found page "Index" [index]
  Rendered liquid page template
[0;32;49mCompleted 200 OK in 0.7ms

[0m
* Reloaded "pages", "snippets" at 2015-05-28 19:44:56 -0300
[0;97;49mStarted GET "/" at 2015-05-28 19:44:58 -0300[0m
Detecting locale EN
Found page "Index" [index]
  Rendered liquid page template
[0;32;49mCompleted 200 OK in 0.7ms

[0m
* Reloaded "pages", "snippets" at 2015-05-28 19:45:25 -0300
* Reloaded "pages", "snippets" at 2015-05-28 19:45:30 -0300
[0;97;49mStarted GET "/" at 2015-05-28 19:45:32 -0300[0m
Detecting locale EN
Found page "Index" [index]
  Rendered liquid page template
[0;32;49mCompleted 200 OK in 0.8ms

[0m
[0;97;49mStarted GET "/" at 2015-05-28 19:45:32 -0300[0m
Detecting locale EN
Found page "Index" [index]
  Rendered liquid page template
[0;32;49mCompleted 200 OK in 1.0ms

[0m
[0;97;49mStarted GET "/" at 2015-05-28 19:45:33 -0300[0m
Detecting locale EN
Found page "Index" [index]
  Rendered liquid page template
[0;32;49mCompleted 200 OK in 1.0ms

[0m
* Reloaded "pages", "snippets" at 2015-05-28 19:45:40 -0300
* Reloaded "pages", "snippets" at 2015-05-28 19:45:58 -0300
[0;97;49mStarted GET "/" at 2015-05-28 19:45:59 -0300[0m
Detecting locale EN
Found page "Index" [index]
  Rendered liquid page template
[0;32;49mCompleted 200 OK in 0.6ms

[0m
[0;97;49mStarted GET "/" at 2015-05-28 19:46:00 -0300[0m
Detecting locale EN
Found page "Index" [index]
  Rendered liquid page template
[0;32;49mCompleted 200 OK in 0.9ms

[0m
[0;97;49mStarted GET "/" at 2015-05-28 19:46:01 -0300[0m
Detecting locale EN
Found page "Index" [index]
  Rendered liquid page template
[0;32;49mCompleted 200 OK in 0.6ms

[0m
[0;97;49mStarted GET "/" at 2015-05-28 19:47:47 -0300[0m
Detecting locale EN
Found page "Index" [index]
  Rendered liquid page template
[0;32;49mCompleted 200 OK in 1.1ms

[0m
[0;97;49mStarted GET "/" at 2015-05-28 19:47:48 -0300[0m
Detecting locale EN
Found page "Index" [index]
  Rendered liquid page template
[0;32;49mCompleted 200 OK in 1.8ms

[0m
[0;97;49mStarted GET "/" at 2015-05-28 19:48:37 -0300[0m
Detecting locale EN
Found page "Index" [index]
  Rendered liquid page template
[0;32;49mCompleted 200 OK in 0.9ms

[0m
[0;97;49mStarted GET "/" at 2015-05-28 19:48:38 -0300[0m
Detecting locale EN
Found page "Index" [index]
  Rendered liquid page template
[0;32;49mCompleted 200 OK in 0.7ms

[0m
[0;97;49mStarted GET "/" at 2015-05-28 19:48:39 -0300[0m
Detecting locale EN
Found page "Index" [index]
  Rendered liquid page template
[0;32;49mCompleted 200 OK in 0.6ms

[0m
[0;97;49mStarted GET "/" at 2015-05-28 19:48:40 -0300[0m
Detecting locale EN
Found page "Index" [index]
  Rendered liquid page template
[0;32;49mCompleted 200 OK in 0.8ms

[0m
* Reloaded "pages", "snippets" at 2015-05-28 19:50:26 -0300
[0;97;49mStarted GET "/" at 2015-05-28 19:50:28 -0300[0m
Detecting locale EN
Found page "Index" [index]
  Rendered liquid page template
[0;32;49mCompleted 200 OK in 0.6ms

[0m
[0;97;49mStarted GET "/" at 2015-05-28 19:50:29 -0300[0m
Detecting locale EN
Found page "Index" [index]
  Rendered liquid page template
[0;32;49mCompleted 200 OK in 1.2ms

[0m
[0;97;49mStarted GET "/" at 2015-05-28 19:51:46 -0300[0m
Detecting locale EN
Found page "Index" [index]
  Rendered liquid page template
[0;32;49mCompleted 200 OK in 0.6ms

[0m
[0;97;49mStarted GET "/" at 2015-05-28 19:51:47 -0300[0m
Detecting locale EN
Found page "Index" [index]
  Rendered liquid page template
[0;32;49mCompleted 200 OK in 1.0ms

[0m
[0;97;49mStarted GET "/" at 2015-05-28 19:52:34 -0300[0m
Detecting locale EN
Found page "Index" [index]
  Rendered liquid page template
[0;32;49mCompleted 200 OK in 0.5ms

[0m
[0;97;49mStarted GET "/" at 2015-05-28 19:53:01 -0300[0m
Detecting locale EN
Found page "Index" [index]
  Rendered liquid page template
[0;32;49mCompleted 200 OK in 0.6ms

[0m
* Reloaded "pages", "snippets" at 2015-05-28 19:53:37 -0300
* Reloaded "pages", "snippets" at 2015-05-28 19:53:42 -0300
* Reloaded "pages", "snippets" at 2015-05-28 19:53:47 -0300
[0;97;49mStarted GET "/" at 2015-05-28 19:53:49 -0300[0m
Detecting locale EN
Found page "Index" [index]
  Rendered liquid page template
[0;32;49mCompleted 200 OK in 0.6ms

[0m
* Reloaded "pages", "snippets" at 2015-05-28 19:54:19 -0300
[0;97;49mStarted GET "/" at 2015-05-28 19:54:21 -0300[0m
Detecting locale EN
Found page "Index" [index]
  Rendered liquid page template
[0;32;49mCompleted 200 OK in 0.7ms

[0m
* Reloaded "pages", "snippets" at 2015-05-28 19:54:31 -0300
[0;97;49mStarted GET "/" at 2015-05-28 19:54:33 -0300[0m
Detecting locale EN
Found page "Index" [index]
  Rendered liquid page template
[0;32;49mCompleted 200 OK in 0.6ms

[0m
[0;97;49mStarted GET "/" at 2015-05-28 19:54:34 -0300[0m
Detecting locale EN
Found page "Index" [index]
  Rendered liquid page template
[0;32;49mCompleted 200 OK in 2.3ms

[0m
[0;97;49mStarted GET "/" at 2015-05-28 19:54:35 -0300[0m
Detecting locale EN
Found page "Index" [index]
  Rendered liquid page template
[0;32;49mCompleted 200 OK in 0.6ms

[0m
* Reloaded "pages", "snippets" at 2015-05-28 19:54:40 -0300
* Reloaded "pages", "snippets" at 2015-05-28 19:54:45 -0300
[0;97;49mStarted GET "/" at 2015-05-28 19:54:47 -0300[0m
Detecting locale EN
Found page "Index" [index]
  Rendered liquid page template
[0;32;49mCompleted 200 OK in 0.6ms

[0m
[0;97;49mStarted GET "/" at 2015-05-28 19:54:48 -0300[0m
Detecting locale EN
Found page "Index" [index]
  Rendered liquid page template
[0;32;49mCompleted 200 OK in 0.6ms

[0m
* Reloaded "pages", "snippets" at 2015-05-28 19:55:01 -0300
[0;97;49mStarted GET "/" at 2015-05-28 19:55:03 -0300[0m
Detecting locale EN
Found page "Index" [index]
  Rendered liquid page template
[0;32;49mCompleted 200 OK in 0.8ms

[0m
[0;97;49mStarted GET "/" at 2015-05-28 19:55:04 -0300[0m
Detecting locale EN
Found page "Index" [index]
  Rendered liquid page template
[0;32;49mCompleted 200 OK in 0.7ms

[0m
[0;97;49mStarted GET "/" at 2015-05-28 19:55:04 -0300[0m
Detecting locale EN
Found page "Index" [index]
  Rendered liquid page template
[0;32;49mCompleted 200 OK in 0.7ms

[0m
[0;97;49mStarted GET "/" at 2015-05-28 19:55:20 -0300[0m
Detecting locale EN
Found page "Index" [index]
  Rendered liquid page template
[0;32;49mCompleted 200 OK in 0.7ms

[0m
[0;97;49mStarted GET "/" at 2015-05-28 19:55:43 -0300[0m
Detecting locale EN
Found page "Index" [index]
  Rendered liquid page template
[0;32;49mCompleted 200 OK in 0.6ms

[0m
[0;97;49mStarted GET "/" at 2015-05-28 19:56:00 -0300[0m
Detecting locale EN
Found page "Index" [index]
  Rendered liquid page template
[0;32;49mCompleted 200 OK in 0.6ms

[0m
* Reloaded "pages", "snippets" at 2015-05-28 19:58:56 -0300
* Reloaded "pages", "snippets" at 2015-05-28 19:58:56 -0300
* Reloaded "pages", "snippets" at 2015-05-28 19:58:57 -0300
* Reloaded "pages", "snippets" at 2015-05-28 19:58:57 -0300
[0;97;49mStarted GET "/" at 2015-05-28 19:59:02 -0300[0m
Detecting locale EN
Found page "Index" [index]
  Rendered liquid page template
[0;32;49mCompleted 200 OK in 1.2ms

[0m
[0;97;49mStarted GET "/" at 2015-05-28 19:59:32 -0300[0m
Detecting locale EN
Found page "Index" [index]
  Rendered liquid page template
[0;32;49mCompleted 200 OK in 0.9ms

[0m
[0;97;49mStarted GET "/" at 2015-05-28 19:59:34 -0300[0m
Detecting locale EN
Found page "Index" [index]
  Rendered liquid page template
[0;32;49mCompleted 200 OK in 0.6ms

[0m
[0;97;49mStarted GET "/" at 2015-05-28 19:59:46 -0300[0m
Detecting locale EN
Found page "Index" [index]
  Rendered liquid page template
[0;32;49mCompleted 200 OK in 0.7ms

[0m
[0;97;49mStarted GET "/" at 2015-05-28 19:59:46 -0300[0m
Detecting locale EN
Found page "Index" [index]
  Rendered liquid page template
[0;32;49mCompleted 200 OK in 0.8ms

[0m
[0;97;49mStarted GET "/" at 2015-05-28 19:59:47 -0300[0m
Detecting locale EN
Found page "Index" [index]
  Rendered liquid page template
[0;32;49mCompleted 200 OK in 0.8ms

[0m
[0;97;49mStarted GET "/" at 2015-05-28 20:02:13 -0300[0m
Detecting locale EN
Found page "Index" [index]
  Rendered liquid page template
[0;32;49mCompleted 200 OK in 0.7ms

[0m
[0;97;49mStarted GET "/" at 2015-05-28 20:02:15 -0300[0m
Detecting locale EN
Found page "Index" [index]
  Rendered liquid page template
[0;32;49mCompleted 200 OK in 0.7ms

[0m
[0;97;49mStarted GET "/" at 2015-05-28 20:04:15 -0300[0m
Detecting locale EN
Found page "Index" [index]
  Rendered liquid page template
[0;32;49mCompleted 200 OK in 1.0ms

[0m
* Reloaded "pages", "snippets" at 2015-05-28 20:06:02 -0300
* Reloaded "pages", "snippets" at 2015-05-28 20:06:11 -0300
[0;97;49mStarted GET "/" at 2015-05-28 20:06:15 -0300[0m
Detecting locale EN
Found page "Index" [index]
  Rendered liquid page template
[0;32;49mCompleted 200 OK in 0.8ms

[0m
[0;97;49mStarted GET "/" at 2015-05-28 20:06:23 -0300[0m
Detecting locale EN
Found page "Index" [index]
  Rendered liquid page template
[0;32;49mCompleted 200 OK in 0.8ms

[0m
[0;97;49mStarted GET "/" at 2015-05-28 20:06:24 -0300[0m
Detecting locale EN
Found page "Index" [index]
  Rendered liquid page template
[0;32;49mCompleted 200 OK in 0.7ms

[0m
[0;97;49mStarted GET "/" at 2015-05-28 20:07:16 -0300[0m
Detecting locale EN
Found page "Index" [index]
  Rendered liquid page template
[0;32;49mCompleted 200 OK in 11.3ms

[0m
[0;97;49mStarted GET "/" at 2015-05-28 20:07:32 -0300[0m
Detecting locale EN
Found page "Index" [index]
  Rendered liquid page template
[0;32;49mCompleted 200 OK in 0.6ms

[0m
[0;97;49mStarted GET "/" at 2015-05-28 20:07:43 -0300[0m
Detecting locale EN
Found page "Index" [index]
  Rendered liquid page template
[0;32;49mCompleted 200 OK in 1.1ms

[0m
[0;97;49mStarted GET "/" at 2015-05-28 20:08:37 -0300[0m
Detecting locale EN
Found page "Index" [index]
  Rendered liquid page template
[0;32;49mCompleted 200 OK in 0.6ms

[0m
[0;97;49mStarted GET "/" at 2015-05-28 20:08:38 -0300[0m
Detecting locale EN
Found page "Index" [index]
  Rendered liquid page template
[0;32;49mCompleted 200 OK in 0.8ms

[0m
* Reloaded "pages", "snippets" at 2015-05-28 20:09:21 -0300
* Reloaded "pages", "snippets" at 2015-05-28 20:09:24 -0300
[0;97;49mStarted GET "/" at 2015-05-28 20:09:43 -0300[0m
Detecting locale EN
Found page "Index" [index]
  Rendered liquid page template
[0;32;49mCompleted 200 OK in 0.7ms

[0m
[0;97;49mStarted GET "/" at 2015-05-28 20:09:44 -0300[0m
Detecting locale EN
Found page "Index" [index]
  Rendered liquid page template
[0;32;49mCompleted 200 OK in 0.7ms

[0m
[0;97;49mStarted GET "/" at 2015-05-28 20:09:45 -0300[0m
Detecting locale EN
Found page "Index" [index]
  Rendered liquid page template
[0;32;49mCompleted 200 OK in 0.8ms

[0m
[0;97;49mStarted GET "/" at 2015-05-28 20:09:45 -0300[0m
Detecting locale EN
Found page "Index" [index]
  Rendered liquid page template
[0;32;49mCompleted 200 OK in 0.8ms

[0m
* Reloaded "pages", "snippets" at 2015-05-28 20:10:16 -0300
[0;97;49mStarted GET "/" at 2015-05-28 20:10:17 -0300[0m
Detecting locale EN
Found page "Index" [index]
  Rendered liquid page template
[0;32;49mCompleted 200 OK in 0.8ms

[0m
[0;97;49mStarted GET "/" at 2015-05-28 20:10:18 -0300[0m
Detecting locale EN
Found page "Index" [index]
  Rendered liquid page template
[0;32;49mCompleted 200 OK in 0.8ms

[0m
[0;97;49mStarted GET "/" at 2015-05-28 20:10:19 -0300[0m
Detecting locale EN
Found page "Index" [index]
  Rendered liquid page template
[0;32;49mCompleted 200 OK in 0.8ms

[0m
* Reloaded "pages", "snippets" at 2015-05-28 20:10:28 -0300
[0;97;49mStarted GET "/" at 2015-05-28 20:10:29 -0300[0m
Detecting locale EN
Found page "Index" [index]
  Rendered liquid page template
[0;32;49mCompleted 200 OK in 0.6ms

[0m
[0;97;49mStarted GET "/" at 2015-05-28 20:10:30 -0300[0m
Detecting locale EN
Found page "Index" [index]
  Rendered liquid page template
[0;32;49mCompleted 200 OK in 0.7ms

[0m
* Reloaded "pages", "snippets" at 2015-05-28 20:10:38 -0300
[0;97;49mStarted GET "/" at 2015-05-28 20:10:39 -0300[0m
Detecting locale EN
Found page "Index" [index]
  Rendered liquid page template
[0;32;49mCompleted 200 OK in 0.6ms

[0m
* Reloaded "pages", "snippets" at 2015-05-28 20:11:01 -0300
* Reloaded "pages", "snippets" at 2015-05-28 20:11:04 -0300
[0;97;49mStarted GET "/" at 2015-05-28 20:11:08 -0300[0m
Detecting locale EN
Found page "Index" [index]
  Rendered liquid page template
[0;32;49mCompleted 200 OK in 1.6ms

[0m
* Reloaded "pages", "snippets" at 2015-05-28 20:11:24 -0300
[0;97;49mStarted GET "/" at 2015-05-28 20:11:37 -0300[0m
Detecting locale EN
Found page "Index" [index]
  Rendered liquid page template
[0;32;49mCompleted 200 OK in 1.1ms

[0m
[0;97;49mStarted GET "/" at 2015-05-28 20:11:39 -0300[0m
Detecting locale EN
Found page "Index" [index]
  Rendered liquid page template
[0;32;49mCompleted 200 OK in 0.8ms

[0m
[0;31;49m[Important] YUICompressor requires java to be installed. The JAVA_HOME variable should also be set.
[0m
[0;97;49mStarted GET "/" at 2015-05-29 03:33:51 -0300[0m
Detecting locale EN
Found page "Index" [index]
  Rendered liquid page template
[0;32;49mCompleted 200 OK in 0.9ms

[0m
unable to get an API token: getaddrinfo: Name or service not known
[0;31;49m[Important] YUICompressor requires java to be installed. The JAVA_HOME variable should also be set.
[0m
[0;97;49mStarted GET "/" at 2015-05-29 12:49:28 -0300[0m
Detecting locale EN
Found page "Index" [index]
  Rendered liquid page template
[0;32;49mCompleted 200 OK in 0.8ms

[0m
{"source"=>["translation missing: pt-BR.errors.messages.extension_white_list_error", "não pode ficar em branco"]}
{"source"=>["translation missing: pt-BR.errors.messages.extension_white_list_error", "não pode ficar em branco"]}
{"source"=>["translation missing: pt-BR.errors.messages.extension_white_list_error", "não pode ficar em branco"]}
{"source"=>["translation missing: pt-BR.errors.messages.extension_white_list_error", "não pode ficar em branco"]}
{"source"=>["translation missing: pt-BR.errors.messages.extension_white_list_error", "não pode ficar em branco"]}
{"source"=>["translation missing: pt-BR.errors.messages.extension_white_list_error", "não pode ficar em branco"]}
{"source"=>["translation missing: pt-BR.errors.messages.extension_white_list_error", "não pode ficar em branco"]}
{"source"=>["translation missing: pt-BR.errors.messages.extension_white_list_error", "não pode ficar em branco"]}
{"source"=>["translation missing: pt-BR.errors.messages.extension_white_list_error", "não pode ficar em branco"]}
{"source"=>["translation missing: pt-BR.errors.messages.extension_white_list_error", "não pode ficar em branco"]}
{"source"=>["translation missing: pt-BR.errors.messages.extension_white_list_error", "não pode ficar em branco"]}
{"source"=>["translation missing: pt-BR.errors.messages.extension_white_list_error", "não pode ficar em branco"]}
{"source"=>["translation missing: pt-BR.errors.messages.extension_white_list_error", "não pode ficar em branco"]}
{"source"=>["translation missing: pt-BR.errors.messages.extension_white_list_error", "não pode ficar em branco"]}
{"source"=>["translation missing: pt-BR.errors.messages.extension_white_list_error", "não pode ficar em branco"]}
{"source"=>["translation missing: pt-BR.errors.messages.extension_white_list_error", "não pode ficar em branco"]}
{"source"=>["translation missing: pt-BR.errors.messages.extension_white_list_error", "não pode ficar em branco"]}
{"source"=>["translation missing: pt-BR.errors.messages.extension_white_list_error", "não pode ficar em branco"]}
{"source"=>["translation missing: pt-BR.errors.messages.extension_white_list_error", "não pode ficar em branco"]}
{"source"=>["translation missing: pt-BR.errors.messages.extension_white_list_error", "não pode ficar em branco"]}
{"source"=>["translation missing: pt-BR.errors.messages.extension_white_list_error", "não pode ficar em branco"]}
{"source"=>["translation missing: pt-BR.errors.messages.extension_white_list_error", "não pode ficar em branco"]}
{"source"=>["translation missing: pt-BR.errors.messages.extension_white_list_error", "não pode ficar em branco"]}
{"source"=>["translation missing: pt-BR.errors.messages.extension_white_list_error", "não pode ficar em branco"]}
{"source"=>["translation missing: pt-BR.errors.messages.extension_white_list_error", "não pode ficar em branco"]}
{"source"=>["translation missing: pt-BR.errors.messages.extension_white_list_error", "não pode ficar em branco"]}
{"source"=>["translation missing: pt-BR.errors.messages.extension_white_list_error", "não pode ficar em branco"]}
{"source"=>["translation missing: pt-BR.errors.messages.extension_white_list_error", "não pode ficar em branco"]}
{"source"=>["translation missing: pt-BR.errors.messages.extension_white_list_error", "não pode ficar em branco"]}
{"source"=>["translation missing: pt-BR.errors.messages.extension_white_list_error", "não pode ficar em branco"]}
{"source"=>["translation missing: pt-BR.errors.messages.extension_white_list_error", "não pode ficar em branco"]}
{"source"=>["translation missing: pt-BR.errors.messages.extension_white_list_error", "não pode ficar em branco"]}
{"source"=>["translation missing: pt-BR.errors.messages.extension_white_list_error", "não pode ficar em branco"]}
{"source"=>["translation missing: pt-BR.errors.messages.extension_white_list_error", "não pode ficar em branco"]}
{"source"=>["translation missing: pt-BR.errors.messages.extension_white_list_error", "não pode ficar em branco"]}
{"source"=>["translation missing: pt-BR.errors.messages.extension_white_list_error", "não pode ficar em branco"]}
{"source"=>["translation missing: pt-BR.errors.messages.extension_white_list_error", "não pode ficar em branco"]}
{"source"=>["translation missing: pt-BR.errors.messages.extension_white_list_error", "não pode ficar em branco"]}
[0;31;49m[Important] YUICompressor requires java to be installed. The JAVA_HOME variable should also be set.
[0m
{"locales"=>["The previous default locale can not be removed right away."]}
{"locales"=>["The previous default locale can not be removed right away."]}
{"error"=>"undefined method `map' for nil:NilClass"}
{"error"=>"undefined method `map' for nil:NilClass"}
[0;31;49m[Important] YUICompressor requires java to be installed. The JAVA_HOME variable should also be set.
[0m
[0;97;49mStarted GET "/" at 2015-05-29 15:05:56 -0300[0m
Detecting locale EN
Found page "Index" [index]
  Rendered liquid page template
[0;32;49mCompleted 200 OK in 1.5ms

[0m
* Reloaded "pages", "snippets" at 2015-05-29 15:06:49 -0300
* Reloaded "pages", "snippets" at 2015-05-29 15:07:14 -0300
[0;97;49mStarted GET "/" at 2015-05-29 15:07:18 -0300[0m
Detecting locale EN
Found page "Index" [index]
  Rendered liquid page template
[0;32;49mCompleted 200 OK in 0.9ms

[0m
* Reloaded "pages", "snippets" at 2015-05-29 15:08:00 -0300
* Reloaded "pages", "snippets" at 2015-05-29 15:08:16 -0300
[0;97;49mStarted GET "/" at 2015-05-29 15:08:16 -0300[0m
Detecting locale EN
Found page "Index" [index]
  Rendered liquid page template
[0;32;49mCompleted 200 OK in 0.8ms

[0m
* Reloaded "pages", "snippets" at 2015-05-29 15:09:23 -0300
* Reloaded "pages", "snippets" at 2015-05-29 15:10:08 -0300
[0;97;49mStarted GET "/" at 2015-05-29 15:10:09 -0300[0m
Detecting locale EN
Found page "Index" [index]
  Rendered liquid page template
[0;32;49mCompleted 200 OK in 1.1ms

[0m
* Reloaded "pages", "snippets" at 2015-05-29 15:12:48 -0300
[0;97;49mStarted GET "/" at 2015-05-29 15:12:55 -0300[0m
Detecting locale EN
Found page "Index" [index]
  Rendered liquid page template
[0;32;49mCompleted 200 OK in 0.8ms

[0m
* Reloaded "pages", "snippets" at 2015-05-29 15:13:55 -0300
